[0.025s] Invoking command in '/home/koushik/colcon_ws/build/realsense_gazebo_plugin': CMAKE_PREFIX_PATH=${CMAKE_PREFIX_PATH}:/home/koushik/colcon_ws/install/ur5_control:/opt/ros/humble /usr/bin/cmake /home/koushik/colcon_ws/src/realsense_gazebo_plugin -DCMAKE_INSTALL_PREFIX=/home/koushik/colcon_ws/install/realsense_gazebo_plugin
[0.034s] -- Found ament_cmake: 1.3.10 (/opt/ros/humble/share/ament_cmake/cmake)
[0.146s] -- Override CMake install command with custom implementation using symlinks instead of copying resources
[0.151s] -- Found rclcpp: 16.0.10 (/opt/ros/humble/share/rclcpp/cmake)
[0.172s] -- Found rosidl_generator_c: 3.1.5 (/opt/ros/humble/share/rosidl_generator_c/cmake)
[0.174s] -- Found rosidl_adapter: 3.1.5 (/opt/ros/humble/share/rosidl_adapter/cmake)
[0.178s] -- Found rosidl_generator_cpp: 3.1.5 (/opt/ros/humble/share/rosidl_generator_cpp/cmake)
[0.186s] -- Using all available rosidl_typesupport_c: rosidl_typesupport_fastrtps_c;rosidl_typesupport_introspection_c
[0.196s] -- Using all available rosidl_typesupport_cpp: rosidl_typesupport_fastrtps_cpp;rosidl_typesupport_introspection_cpp
[0.226s] -- Found rmw_implementation_cmake: 6.1.2 (/opt/ros/humble/share/rmw_implementation_cmake/cmake)
[0.227s] -- Found rmw_fastrtps_cpp: 6.2.7 (/opt/ros/humble/share/rmw_fastrtps_cpp/cmake)
[0.307s] -- Using RMW implementation 'rmw_fastrtps_cpp' as default
[0.349s] -- Found gazebo_ros: 3.7.0 (/opt/ros/humble/share/gazebo_ros/cmake)
[0.378s] -- Found DART: /usr/include (Required is at least version "6.6") found components: dart 
[0.409s] -- Found Protobuf: /usr/lib/x86_64-linux-gnu/libprotobuf.so (found version "3.12.4") 
[0.413s] -- Looking for ignition-math6 -- found version 6.15.1
[0.418s] -- Searching for dependencies of ignition-math6
[0.420s] -- Looking for OGRE...
[0.427s] -- Found Ogre Ghadamon (1.9.0)
[0.427s] -- Found OGRE: optimized;/usr/lib/x86_64-linux-gnu/libOgreMain.so;debug;/usr/lib/x86_64-linux-gnu/libOgreMain.so
[0.440s] -- Looking for OGRE_Paging...
[0.440s] -- Found OGRE_Paging: optimized;/usr/lib/x86_64-linux-gnu/libOgrePaging.so;debug;/usr/lib/x86_64-linux-gnu/libOgrePaging.so
[0.440s] -- Looking for OGRE_Terrain...
[0.440s] -- Found OGRE_Terrain: optimized;/usr/lib/x86_64-linux-gnu/libOgreTerrain.so;debug;/usr/lib/x86_64-linux-gnu/libOgreTerrain.so
[0.441s] -- Looking for OGRE_Property...
[0.441s] -- Found OGRE_Property: optimized;/usr/lib/x86_64-linux-gnu/libOgreProperty.so;debug;/usr/lib/x86_64-linux-gnu/libOgreProperty.so
[0.441s] -- Looking for OGRE_RTShaderSystem...
[0.441s] -- Found OGRE_RTShaderSystem: optimized;/usr/lib/x86_64-linux-gnu/libOgreRTShaderSystem.so;debug;/usr/lib/x86_64-linux-gnu/libOgreRTShaderSystem.so
[0.441s] -- Looking for OGRE_Volume...
[0.441s] -- Found OGRE_Volume: optimized;/usr/lib/x86_64-linux-gnu/libOgreVolume.so;debug;/usr/lib/x86_64-linux-gnu/libOgreVolume.so
[0.441s] -- Looking for OGRE_Overlay...
[0.441s] -- Found OGRE_Overlay: optimized;/usr/lib/x86_64-linux-gnu/libOgreOverlay.so;debug;/usr/lib/x86_64-linux-gnu/libOgreOverlay.so
[0.681s] -- Looking for ignition-math6 -- found version 6.15.1
[0.681s] -- Looking for ignition-transport8 -- found version 8.2.1
[0.681s] -- Searching for dependencies of ignition-transport8
[0.695s] -- Found Protobuf: /usr/lib/x86_64-linux-gnu/libprotobuf.so (found suitable version "3.12.4", minimum required is "3") 
[0.703s] -- Config-file not installed for ZeroMQ -- checking for pkg-config
[0.707s] -- Checking for module 'libzmq >= 4'
[0.719s] --   Found libzmq , version 4.3.4
[0.753s] -- Checking for module 'uuid'
[0.765s] --   Found uuid, version 2.37.2
[0.787s] -- Looking for ignition-msgs5 -- found version 5.8.1
[0.787s] -- Searching for dependencies of ignition-msgs5
[0.801s] -- Looking for ignition-math6 -- found version 6.15.1
[0.806s] -- Checking for module 'tinyxml2'
[0.818s] --   Found tinyxml2, version 9.0.0
[0.847s] -- Looking for ignition-msgs5 -- found version 5.8.1
[0.848s] -- Looking for ignition-common3 -- found version 3.14.0
[0.848s] -- Searching for dependencies of ignition-common3
[0.848s] -- Looking for dlfcn.h - found
[0.848s] -- Looking for libdl - found
[0.862s] -- Searching for <ignition-common3> component [graphics]
[0.862s] -- Looking for ignition-common3-graphics -- found version 3.14.0
[0.863s] -- Searching for dependencies of ignition-common3-graphics
[0.863s] -- Looking for ignition-math6 -- found version 6.15.1
[0.864s] -- Looking for ignition-fuel_tools4 -- found version 4.4.0
[0.864s] -- Searching for dependencies of ignition-fuel_tools4
[0.896s] -- Checking for module 'jsoncpp'
[0.907s] --   Found jsoncpp, version 1.9.5
[0.940s] -- Checking for module 'libzip'
[0.951s] --   Found libzip, version 1.7.3
[0.981s] -- Looking for ignition-common3 -- found version 3.14.0
[0.982s] -- Looking for ignition-math6 -- found version 6.15.1
[0.982s] -- Looking for ignition-msgs5 -- found version 5.8.1
[0.984s] -- Gazebo version: 11.10
[0.985s] -- Found image_transport: 3.1.9 (/opt/ros/humble/share/image_transport/cmake)
[1.021s] -- Found camera_info_manager: 3.1.9 (/opt/ros/humble/share/camera_info_manager/cmake)
[1.031s] -- Found ament_lint_auto: 0.12.11 (/opt/ros/humble/share/ament_lint_auto/cmake)
[1.086s] -- Configuring done
[1.100s] -- Generating done
[1.101s] -- Build files have been written to: /home/koushik/colcon_ws/build/realsense_gazebo_plugin
[1.116s] Invoked command in '/home/koushik/colcon_ws/build/realsense_gazebo_plugin' returned '0': CMAKE_PREFIX_PATH=${CMAKE_PREFIX_PATH}:/home/koushik/colcon_ws/install/ur5_control:/opt/ros/humble /usr/bin/cmake /home/koushik/colcon_ws/src/realsense_gazebo_plugin -DCMAKE_INSTALL_PREFIX=/home/koushik/colcon_ws/install/realsense_gazebo_plugin
[1.118s] Invoking command in '/home/koushik/colcon_ws/build/realsense_gazebo_plugin': CMAKE_PREFIX_PATH=${CMAKE_PREFIX_PATH}:/home/koushik/colcon_ws/install/ur5_control:/opt/ros/humble /usr/bin/cmake --build /home/koushik/colcon_ws/build/realsense_gazebo_plugin -- -j16 -l16
[1.160s] [35m[1mConsolidate compiler generated dependencies of target realsense_gazebo_plugin[0m
[1.189s] [100%] Built target realsense_gazebo_plugin
[1.197s] Invoked command in '/home/koushik/colcon_ws/build/realsense_gazebo_plugin' returned '0': CMAKE_PREFIX_PATH=${CMAKE_PREFIX_PATH}:/home/koushik/colcon_ws/install/ur5_control:/opt/ros/humble /usr/bin/cmake --build /home/koushik/colcon_ws/build/realsense_gazebo_plugin -- -j16 -l16
[1.218s] Invoking command in '/home/koushik/colcon_ws/build/realsense_gazebo_plugin': CMAKE_PREFIX_PATH=${CMAKE_PREFIX_PATH}:/home/koushik/colcon_ws/install/ur5_control:/opt/ros/humble /usr/bin/cmake --install /home/koushik/colcon_ws/build/realsense_gazebo_plugin
[1.225s] -- Install configuration: ""
[1.226s] -- Execute custom install script
[1.226s] -- Up-to-date symlink: /home/koushik/colcon_ws/install/realsense_gazebo_plugin/lib/librealsense_gazebo_plugin.so
[1.226s] -- Up-to-date symlink: /home/koushik/colcon_ws/install/realsense_gazebo_plugin/include//realsense_gazebo_plugin/RealSensePlugin.h
[1.226s] -- Up-to-date symlink: /home/koushik/colcon_ws/install/realsense_gazebo_plugin/include//realsense_gazebo_plugin/gazebo_ros_realsense.h
[1.226s] -- Up-to-date symlink: /home/koushik/colcon_ws/install/realsense_gazebo_plugin/share/realsense_gazebo_plugin/environment/library_path.sh
[1.226s] -- Up-to-date symlink: /home/koushik/colcon_ws/install/realsense_gazebo_plugin/share/realsense_gazebo_plugin/environment/library_path.dsv
[1.226s] -- Up-to-date symlink: /home/koushik/colcon_ws/install/realsense_gazebo_plugin/share/ament_index/resource_index/package_run_dependencies/realsense_gazebo_plugin
[1.227s] -- Up-to-date symlink: /home/koushik/colcon_ws/install/realsense_gazebo_plugin/share/ament_index/resource_index/parent_prefix_path/realsense_gazebo_plugin
[1.227s] -- Up-to-date symlink: /home/koushik/colcon_ws/install/realsense_gazebo_plugin/share/realsense_gazebo_plugin/environment/ament_prefix_path.sh
[1.227s] -- Up-to-date symlink: /home/koushik/colcon_ws/install/realsense_gazebo_plugin/share/realsense_gazebo_plugin/environment/ament_prefix_path.dsv
[1.227s] -- Up-to-date symlink: /home/koushik/colcon_ws/install/realsense_gazebo_plugin/share/realsense_gazebo_plugin/environment/path.sh
[1.227s] -- Up-to-date symlink: /home/koushik/colcon_ws/install/realsense_gazebo_plugin/share/realsense_gazebo_plugin/environment/path.dsv
[1.227s] -- Up-to-date symlink: /home/koushik/colcon_ws/install/realsense_gazebo_plugin/share/realsense_gazebo_plugin/local_setup.bash
[1.227s] -- Up-to-date symlink: /home/koushik/colcon_ws/install/realsense_gazebo_plugin/share/realsense_gazebo_plugin/local_setup.sh
[1.227s] -- Up-to-date symlink: /home/koushik/colcon_ws/install/realsense_gazebo_plugin/share/realsense_gazebo_plugin/local_setup.zsh
[1.228s] -- Up-to-date symlink: /home/koushik/colcon_ws/install/realsense_gazebo_plugin/share/realsense_gazebo_plugin/local_setup.dsv
[1.228s] -- Symlinking: /home/koushik/colcon_ws/install/realsense_gazebo_plugin/share/realsense_gazebo_plugin/package.dsv
[1.235s] -- Up-to-date symlink: /home/koushik/colcon_ws/install/realsense_gazebo_plugin/share/ament_index/resource_index/packages/realsense_gazebo_plugin
[1.235s] -- Up-to-date symlink: /home/koushik/colcon_ws/install/realsense_gazebo_plugin/share/realsense_gazebo_plugin/cmake/ament_cmake_export_include_directories-extras.cmake
[1.235s] -- Up-to-date symlink: /home/koushik/colcon_ws/install/realsense_gazebo_plugin/share/realsense_gazebo_plugin/cmake/ament_cmake_export_libraries-extras.cmake
[1.235s] -- Up-to-date symlink: /home/koushik/colcon_ws/install/realsense_gazebo_plugin/share/realsense_gazebo_plugin/cmake/realsense_gazebo_pluginConfig.cmake
[1.235s] -- Up-to-date symlink: /home/koushik/colcon_ws/install/realsense_gazebo_plugin/share/realsense_gazebo_plugin/cmake/realsense_gazebo_pluginConfig-version.cmake
[1.236s] -- Up-to-date symlink: /home/koushik/colcon_ws/install/realsense_gazebo_plugin/share/realsense_gazebo_plugin/package.xml
[1.247s] Invoked command in '/home/koushik/colcon_ws/build/realsense_gazebo_plugin' returned '0': CMAKE_PREFIX_PATH=${CMAKE_PREFIX_PATH}:/home/koushik/colcon_ws/install/ur5_control:/opt/ros/humble /usr/bin/cmake --install /home/koushik/colcon_ws/build/realsense_gazebo_plugin
