[0.020s] Invoking command in '/home/koushik/colcon_ws/build/pymoveit2': CMAKE_PREFIX_PATH=${CMAKE_PREFIX_PATH}:/home/koushik/colcon_ws/install/ur5_control:/opt/ros/humble /usr/bin/cmake /home/koushik/colcon_ws/src/pymoveit2 -DCMAKE_INSTALL_PREFIX=/home/koushik/colcon_ws/install/pymoveit2
[0.087s] -- The C compiler identification is GNU 11.4.0
[0.138s] -- The CXX compiler identification is GNU 11.4.0
[0.144s] -- Detecting C compiler ABI info
[0.212s] -- Detecting C compiler ABI info - done
[0.222s] -- Check for working C compiler: /usr/bin/cc - skipped
[0.222s] -- Detecting C compile features
[0.222s] -- Detecting C compile features - done
[0.226s] -- Detecting CXX compiler ABI info
[0.303s] -- Detecting CXX compiler ABI info - done
[0.308s] -- Check for working CXX compiler: /usr/bin/c++ - skipped
[0.308s] -- Detecting CXX compile features
[0.308s] -- Detecting CXX compile features - done
[0.310s] -- Found ament_cmake: 1.3.10 (/opt/ros/humble/share/ament_cmake/cmake)
[0.440s] -- Found Python3: /usr/bin/python3 (found version "3.10.12") found components: Interpreter 
[0.691s] -- Configuring done
[0.694s] -- Generating done
[0.694s] -- Build files have been written to: /home/koushik/colcon_ws/build/pymoveit2
[0.700s] Invoked command in '/home/koushik/colcon_ws/build/pymoveit2' returned '0': CMAKE_PREFIX_PATH=${CMAKE_PREFIX_PATH}:/home/koushik/colcon_ws/install/ur5_control:/opt/ros/humble /usr/bin/cmake /home/koushik/colcon_ws/src/pymoveit2 -DCMAKE_INSTALL_PREFIX=/home/koushik/colcon_ws/install/pymoveit2
[0.701s] Invoking command in '/home/koushik/colcon_ws/build/pymoveit2': CMAKE_PREFIX_PATH=${CMAKE_PREFIX_PATH}:/home/koushik/colcon_ws/install/ur5_control:/opt/ros/humble /usr/bin/cmake --build /home/koushik/colcon_ws/build/pymoveit2 -- -j16 -l16
[0.757s] Built target ament_cmake_python_copy_pymoveit2
[0.952s] running egg_info
[0.953s] creating pymoveit2.egg-info
[0.953s] writing pymoveit2.egg-info/PKG-INFO
[0.954s] writing dependency_links to pymoveit2.egg-info/dependency_links.txt
[0.954s] writing top-level names to pymoveit2.egg-info/top_level.txt
[0.954s] writing manifest file 'pymoveit2.egg-info/SOURCES.txt'
[0.956s] reading manifest file 'pymoveit2.egg-info/SOURCES.txt'
[0.956s] writing manifest file 'pymoveit2.egg-info/SOURCES.txt'
[0.982s] Built target ament_cmake_python_build_pymoveit2_egg
[0.993s] Invoked command in '/home/koushik/colcon_ws/build/pymoveit2' returned '0': CMAKE_PREFIX_PATH=${CMAKE_PREFIX_PATH}:/home/koushik/colcon_ws/install/ur5_control:/opt/ros/humble /usr/bin/cmake --build /home/koushik/colcon_ws/build/pymoveit2 -- -j16 -l16
[1.011s] Invoking command in '/home/koushik/colcon_ws/build/pymoveit2': CMAKE_PREFIX_PATH=${CMAKE_PREFIX_PATH}:/home/koushik/colcon_ws/install/ur5_control:/opt/ros/humble /usr/bin/cmake --install /home/koushik/colcon_ws/build/pymoveit2
[1.019s] -- Install configuration: ""
[1.019s] -- Installing: /home/koushik/colcon_ws/install/pymoveit2/share/pymoveit2/environment/pythonpath.sh
[1.019s] -- Installing: /home/koushik/colcon_ws/install/pymoveit2/share/pymoveit2/environment/pythonpath.dsv
[1.019s] -- Installing: /home/koushik/colcon_ws/install/pymoveit2/local/lib/python3.10/dist-packages/pymoveit2-2.1.0-py3.10.egg-info
[1.019s] -- Installing: /home/koushik/colcon_ws/install/pymoveit2/local/lib/python3.10/dist-packages/pymoveit2-2.1.0-py3.10.egg-info/dependency_links.txt
[1.019s] -- Installing: /home/koushik/colcon_ws/install/pymoveit2/local/lib/python3.10/dist-packages/pymoveit2-2.1.0-py3.10.egg-info/SOURCES.txt
[1.019s] -- Installing: /home/koushik/colcon_ws/install/pymoveit2/local/lib/python3.10/dist-packages/pymoveit2-2.1.0-py3.10.egg-info/PKG-INFO
[1.019s] -- Installing: /home/koushik/colcon_ws/install/pymoveit2/local/lib/python3.10/dist-packages/pymoveit2-2.1.0-py3.10.egg-info/top_level.txt
[1.019s] -- Installing: /home/koushik/colcon_ws/install/pymoveit2/local/lib/python3.10/dist-packages/pymoveit2
[1.019s] -- Installing: /home/koushik/colcon_ws/install/pymoveit2/local/lib/python3.10/dist-packages/pymoveit2/moveit2.py
[1.019s] -- Installing: /home/koushik/colcon_ws/install/pymoveit2/local/lib/python3.10/dist-packages/pymoveit2/robots
[1.019s] -- Installing: /home/koushik/colcon_ws/install/pymoveit2/local/lib/python3.10/dist-packages/pymoveit2/robots/kinova.py
[1.020s] -- Installing: /home/koushik/colcon_ws/install/pymoveit2/local/lib/python3.10/dist-packages/pymoveit2/robots/ur5.py
[1.020s] -- Installing: /home/koushik/colcon_ws/install/pymoveit2/local/lib/python3.10/dist-packages/pymoveit2/robots/__init__.py
[1.020s] -- Installing: /home/koushik/colcon_ws/install/pymoveit2/local/lib/python3.10/dist-packages/pymoveit2/__init__.py
[1.020s] -- Installing: /home/koushik/colcon_ws/install/pymoveit2/local/lib/python3.10/dist-packages/pymoveit2/moveit2_servo.py
[1.054s] Listing '/home/koushik/colcon_ws/install/pymoveit2/local/lib/python3.10/dist-packages/pymoveit2'...
[1.055s] Compiling '/home/koushik/colcon_ws/install/pymoveit2/local/lib/python3.10/dist-packages/pymoveit2/__init__.py'...
[1.055s] Compiling '/home/koushik/colcon_ws/install/pymoveit2/local/lib/python3.10/dist-packages/pymoveit2/moveit2.py'...
[1.055s] Compiling '/home/koushik/colcon_ws/install/pymoveit2/local/lib/python3.10/dist-packages/pymoveit2/moveit2_servo.py'...
[1.055s] Listing '/home/koushik/colcon_ws/install/pymoveit2/local/lib/python3.10/dist-packages/pymoveit2/robots'...
[1.055s] Compiling '/home/koushik/colcon_ws/install/pymoveit2/local/lib/python3.10/dist-packages/pymoveit2/robots/__init__.py'...
[1.055s] Compiling '/home/koushik/colcon_ws/install/pymoveit2/local/lib/python3.10/dist-packages/pymoveit2/robots/kinova.py'...
[1.055s] Compiling '/home/koushik/colcon_ws/install/pymoveit2/local/lib/python3.10/dist-packages/pymoveit2/robots/ur5.py'...
[1.061s] -- Installing: /home/koushik/colcon_ws/install/pymoveit2/lib/pymoveit2/ex_collision_object.py
[1.061s] -- Installing: /home/koushik/colcon_ws/install/pymoveit2/lib/pymoveit2/ex_joint_goal.py
[1.061s] -- Installing: /home/koushik/colcon_ws/install/pymoveit2/lib/pymoveit2/ex_pose_goal.py
[1.061s] -- Installing: /home/koushik/colcon_ws/install/pymoveit2/lib/pymoveit2/ex_servo.py
[1.061s] -- Installing: /home/koushik/colcon_ws/install/pymoveit2/lib/pymoveit2/assets
[1.061s] -- Installing: /home/koushik/colcon_ws/install/pymoveit2/lib/pymoveit2/assets/box.stl
[1.061s] -- Installing: /home/koushik/colcon_ws/install/pymoveit2/lib/pymoveit2/assets/box3.stl
[1.061s] -- Installing: /home/koushik/colcon_ws/install/pymoveit2/lib/pymoveit2/assets/rack_box_again.stl
[1.061s] -- Installing: /home/koushik/colcon_ws/install/pymoveit2/lib/pymoveit2/assets/box1.stl
[1.061s] -- Installing: /home/koushik/colcon_ws/install/pymoveit2/lib/pymoveit2/assets/box2.stl
[1.061s] -- Installing: /home/koushik/colcon_ws/install/pymoveit2/lib/pymoveit2/assets/rack_box.stl
[1.061s] -- Installing: /home/koushik/colcon_ws/install/pymoveit2/lib/pymoveit2/assets/rack.stl
[1.063s] -- Installing: /home/koushik/colcon_ws/install/pymoveit2/lib/pymoveit2/assets/suzanne.stl
[1.063s] -- Installing: /home/koushik/colcon_ws/install/pymoveit2/share/ament_index/resource_index/package_run_dependencies/pymoveit2
[1.063s] -- Installing: /home/koushik/colcon_ws/install/pymoveit2/share/ament_index/resource_index/parent_prefix_path/pymoveit2
[1.063s] -- Installing: /home/koushik/colcon_ws/install/pymoveit2/share/pymoveit2/environment/ament_prefix_path.sh
[1.063s] -- Installing: /home/koushik/colcon_ws/install/pymoveit2/share/pymoveit2/environment/ament_prefix_path.dsv
[1.063s] -- Installing: /home/koushik/colcon_ws/install/pymoveit2/share/pymoveit2/environment/path.sh
[1.063s] -- Installing: /home/koushik/colcon_ws/install/pymoveit2/share/pymoveit2/environment/path.dsv
[1.063s] -- Installing: /home/koushik/colcon_ws/install/pymoveit2/share/pymoveit2/local_setup.bash
[1.064s] -- Installing: /home/koushik/colcon_ws/install/pymoveit2/share/pymoveit2/local_setup.sh
[1.064s] -- Installing: /home/koushik/colcon_ws/install/pymoveit2/share/pymoveit2/local_setup.zsh
[1.064s] -- Installing: /home/koushik/colcon_ws/install/pymoveit2/share/pymoveit2/local_setup.dsv
[1.064s] -- Installing: /home/koushik/colcon_ws/install/pymoveit2/share/pymoveit2/package.dsv
[1.064s] -- Installing: /home/koushik/colcon_ws/install/pymoveit2/share/ament_index/resource_index/packages/pymoveit2
[1.064s] -- Installing: /home/koushik/colcon_ws/install/pymoveit2/share/pymoveit2/cmake/pymoveit2Config.cmake
[1.064s] -- Installing: /home/koushik/colcon_ws/install/pymoveit2/share/pymoveit2/cmake/pymoveit2Config-version.cmake
[1.064s] -- Installing: /home/koushik/colcon_ws/install/pymoveit2/share/pymoveit2/package.xml
[1.067s] Invoked command in '/home/koushik/colcon_ws/build/pymoveit2' returned '0': CMAKE_PREFIX_PATH=${CMAKE_PREFIX_PATH}:/home/koushik/colcon_ws/install/ur5_control:/opt/ros/humble /usr/bin/cmake --install /home/koushik/colcon_ws/build/pymoveit2
