[0.685s] Invoking command in '/home/koushik/colcon_ws/src/ur5_control': PYTHONPATH=/home/koushik/colcon_ws/build/ur5_control/prefix_override:/usr/lib/python3/dist-packages/colcon_core/task/python/colcon_distutils_commands:/home/koushik/colcon_ws/install/ur5_control/lib/python3.10/site-packages:${PYTHONPATH} /usr/bin/python3 -W ignore:setup.py install is deprecated setup.py egg_info --egg-base ../../build/ur5_control build --build-base /home/koushik/colcon_ws/build/ur5_control/build install --record /home/koushik/colcon_ws/build/ur5_control/install.log --single-version-externally-managed install_data
[0.869s] running egg_info
[0.869s] writing ../../build/ur5_control/ur5_control.egg-info/PKG-INFO
[0.870s] writing dependency_links to ../../build/ur5_control/ur5_control.egg-info/dependency_links.txt
[0.870s] writing entry points to ../../build/ur5_control/ur5_control.egg-info/entry_points.txt
[0.870s] writing requirements to ../../build/ur5_control/ur5_control.egg-info/requires.txt
[0.870s] writing top-level names to ../../build/ur5_control/ur5_control.egg-info/top_level.txt
[0.872s] reading manifest file '../../build/ur5_control/ur5_control.egg-info/SOURCES.txt'
[0.873s] writing manifest file '../../build/ur5_control/ur5_control.egg-info/SOURCES.txt'
[0.873s] running build
[0.873s] running build_py
[0.873s] copying ur5_control/move_ur5.py -> /home/koushik/colcon_ws/build/ur5_control/build/lib/ur5_control
[0.873s] running install
[0.874s] running install_lib
[0.874s] copying /home/koushik/colcon_ws/build/ur5_control/build/lib/ur5_control/move_ur5.py -> /home/koushik/colcon_ws/install/ur5_control/lib/python3.10/site-packages/ur5_control
[0.875s] byte-compiling /home/koushik/colcon_ws/install/ur5_control/lib/python3.10/site-packages/ur5_control/move_ur5.py to move_ur5.cpython-310.pyc
[0.875s] running install_data
[0.876s] running install_egg_info
[0.878s] removing '/home/koushik/colcon_ws/install/ur5_control/lib/python3.10/site-packages/ur5_control-0.0.0-py3.10.egg-info' (and everything under it)
[0.878s] Copying ../../build/ur5_control/ur5_control.egg-info to /home/koushik/colcon_ws/install/ur5_control/lib/python3.10/site-packages/ur5_control-0.0.0-py3.10.egg-info
[0.878s] running install_scripts
[0.897s] Installing move_ur5 script to /home/koushik/colcon_ws/install/ur5_control/lib/ur5_control
[0.897s] Installing task1b script to /home/koushik/colcon_ws/install/ur5_control/lib/ur5_control
[0.897s] writing list of installed files to '/home/koushik/colcon_ws/build/ur5_control/install.log'
[0.931s] Invoked command in '/home/koushik/colcon_ws/src/ur5_control' returned '0': PYTHONPATH=/home/koushik/colcon_ws/build/ur5_control/prefix_override:/usr/lib/python3/dist-packages/colcon_core/task/python/colcon_distutils_commands:/home/koushik/colcon_ws/install/ur5_control/lib/python3.10/site-packages:${PYTHONPATH} /usr/bin/python3 -W ignore:setup.py install is deprecated setup.py egg_info --egg-base ../../build/ur5_control build --build-base /home/koushik/colcon_ws/build/ur5_control/build install --record /home/koushik/colcon_ws/build/ur5_control/install.log --single-version-externally-managed install_data
