[0.020s] Invoking command in '/home/koushik/colcon_ws/build/realsense_gazebo_plugin': CMAKE_PREFIX_PATH=${CMAKE_PREFIX_PATH}:/home/koushik/colcon_ws/install/ur5_control:/opt/ros/humble /usr/bin/cmake /home/koushik/colcon_ws/src/realsense_gazebo_plugin -DCMAKE_INSTALL_PREFIX=/home/koushik/colcon_ws/install/realsense_gazebo_plugin
[0.085s] -- The C compiler identification is GNU 11.4.0
[0.141s] -- The CXX compiler identification is GNU 11.4.0
[0.146s] -- Detecting C compiler ABI info
[0.209s] -- Detecting C compiler ABI info - done
[0.218s] -- Check for working C compiler: /usr/bin/cc - skipped
[0.218s] -- Detecting C compile features
[0.218s] -- Detecting C compile features - done
[0.221s] -- Detecting CXX compiler ABI info
[0.301s] -- Detecting CXX compiler ABI info - done
[0.306s] -- Check for working CXX compiler: /usr/bin/c++ - skipped
[0.306s] -- Detecting CXX compile features
[0.306s] -- Detecting CXX compile features - done
[0.307s] -- Found ament_cmake: 1.3.10 (/opt/ros/humble/share/ament_cmake/cmake)
[0.453s] -- Found Python3: /usr/bin/python3 (found version "3.10.12") found components: Interpreter 
[0.536s] -- Found rclcpp: 16.0.10 (/opt/ros/humble/share/rclcpp/cmake)
[0.565s] -- Found rosidl_generator_c: 3.1.5 (/opt/ros/humble/share/rosidl_generator_c/cmake)
[0.568s] -- Found rosidl_adapter: 3.1.5 (/opt/ros/humble/share/rosidl_adapter/cmake)
[0.574s] -- Found rosidl_generator_cpp: 3.1.5 (/opt/ros/humble/share/rosidl_generator_cpp/cmake)
[0.581s] -- Using all available rosidl_typesupport_c: rosidl_typesupport_fastrtps_c;rosidl_typesupport_introspection_c
[0.594s] -- Using all available rosidl_typesupport_cpp: rosidl_typesupport_fastrtps_cpp;rosidl_typesupport_introspection_cpp
[0.625s] -- Found rmw_implementation_cmake: 6.1.2 (/opt/ros/humble/share/rmw_implementation_cmake/cmake)
[0.627s] -- Found rmw_fastrtps_cpp: 6.2.7 (/opt/ros/humble/share/rmw_fastrtps_cpp/cmake)
[0.704s] -- Found OpenSSL: /usr/lib/x86_64-linux-gnu/libcrypto.so (found version "3.0.2")  
[0.738s] -- Found FastRTPS: /opt/ros/foxy/include  
[0.783s] -- Using RMW implementation 'rmw_fastrtps_cpp' as default
[0.790s] -- Looking for pthread.h
[0.875s] -- Looking for pthread.h - found
[0.876s] -- Performing Test CMAKE_HAVE_LIBC_PTHREAD
[0.946s] -- Performing Test CMAKE_HAVE_LIBC_PTHREAD - Success
[0.947s] -- Found Threads: TRUE  
[1.010s] -- Found gazebo_ros: 3.7.0 (/opt/ros/humble/share/gazebo_ros/cmake)
[1.023s] -- Found PkgConfig: /usr/bin/pkg-config (found version "0.29.2") 
[1.025s] -- Checking for module 'bullet>=2.82'
[1.040s] --   Found bullet, version 3.05
[1.144s] -- Found fcl: /usr/include (found suitable version "0.7.0", minimum required is "0.5.0") 
[1.187s] -- Found assimp: /usr/include (found version "5.2.0") 
[1.201s] -- Found DART: /usr/include (Required is at least version "6.6") found components: dart 
[1.221s] -- Found Boost: /usr/lib/x86_64-linux-gnu/cmake/Boost-1.74.0/BoostConfig.cmake (found suitable version "1.74.0", minimum required is "1.40.0") found components: thread system filesystem program_options regex iostreams date_time 
[1.233s] -- Found Protobuf: /usr/lib/x86_64-linux-gnu/libprotobuf.so (found version "3.12.4") 
[1.236s] -- Looking for ignition-math6 -- found version 6.15.1
[1.240s] -- Searching for dependencies of ignition-math6
[1.241s] -- Looking for OGRE...
[1.242s] -- OGRE_PREFIX_WATCH changed.
[1.246s] -- Checking for module 'OGRE'
[1.254s] --   Found OGRE, version 1.9.0
[1.279s] -- Found Ogre Ghadamon (1.9.0)
[1.283s] -- Found OGRE: optimized;/usr/lib/x86_64-linux-gnu/libOgreMain.so;debug;/usr/lib/x86_64-linux-gnu/libOgreMain.so
[1.291s] -- Looking for OGRE_Paging...
[1.296s] -- Found OGRE_Paging: optimized;/usr/lib/x86_64-linux-gnu/libOgrePaging.so;debug;/usr/lib/x86_64-linux-gnu/libOgrePaging.so
[1.296s] -- Looking for OGRE_Terrain...
[1.299s] -- Found OGRE_Terrain: optimized;/usr/lib/x86_64-linux-gnu/libOgreTerrain.so;debug;/usr/lib/x86_64-linux-gnu/libOgreTerrain.so
[1.299s] -- Looking for OGRE_Property...
[1.303s] -- Found OGRE_Property: optimized;/usr/lib/x86_64-linux-gnu/libOgreProperty.so;debug;/usr/lib/x86_64-linux-gnu/libOgreProperty.so
[1.303s] -- Looking for OGRE_RTShaderSystem...
[1.308s] -- Found OGRE_RTShaderSystem: optimized;/usr/lib/x86_64-linux-gnu/libOgreRTShaderSystem.so;debug;/usr/lib/x86_64-linux-gnu/libOgreRTShaderSystem.so
[1.308s] -- Looking for OGRE_Volume...
[1.312s] -- Found OGRE_Volume: optimized;/usr/lib/x86_64-linux-gnu/libOgreVolume.so;debug;/usr/lib/x86_64-linux-gnu/libOgreVolume.so
[1.312s] -- Looking for OGRE_Overlay...
[1.315s] -- Found OGRE_Overlay: optimized;/usr/lib/x86_64-linux-gnu/libOgreOverlay.so;debug;/usr/lib/x86_64-linux-gnu/libOgreOverlay.so
[1.402s] -- Looking for ignition-math6 -- found version 6.15.1
[1.403s] -- Looking for ignition-transport8 -- found version 8.2.1
[1.404s] -- Searching for dependencies of ignition-transport8
[1.416s] -- Found Protobuf: /usr/lib/x86_64-linux-gnu/libprotobuf.so (found suitable version "3.12.4", minimum required is "3") 
[1.423s] -- Config-file not installed for ZeroMQ -- checking for pkg-config
[1.427s] -- Checking for module 'libzmq >= 4'
[1.438s] --   Found libzmq , version 4.3.4
[1.466s] -- Found ZeroMQ: TRUE (Required is at least version "4") 
[1.470s] -- Checking for module 'uuid'
[1.481s] --   Found uuid, version 2.37.2
[1.513s] -- Found UUID: TRUE  
[1.515s] -- Looking for ignition-msgs5 -- found version 5.8.1
[1.516s] -- Searching for dependencies of ignition-msgs5
[1.530s] -- Looking for ignition-math6 -- found version 6.15.1
[1.535s] -- Checking for module 'tinyxml2'
[1.545s] --   Found tinyxml2, version 9.0.0
[1.572s] -- Looking for ignition-msgs5 -- found version 5.8.1
[1.573s] -- Looking for ignition-common3 -- found version 3.14.0
[1.574s] -- Searching for dependencies of ignition-common3
[1.574s] -- Looking for dlfcn.h - found
[1.576s] -- Looking for libdl - found
[1.578s] -- Found DL: TRUE  
[1.588s] -- Found tinyobjloader: /usr/lib/x86_64-linux-gnu/cmake/tinyobjloader/tinyobjloader-config.cmake (found version "2.0.0") 
[1.588s] -- Searching for <ignition-common3> component [graphics]
[1.589s] -- Looking for ignition-common3-graphics -- found version 3.14.0
[1.590s] -- Searching for dependencies of ignition-common3-graphics
[1.590s] -- Looking for ignition-math6 -- found version 6.15.1
[1.593s] -- Looking for ignition-fuel_tools4 -- found version 4.4.0
[1.593s] -- Searching for dependencies of ignition-fuel_tools4
[1.655s] -- Found CURL: /usr/lib/x86_64-linux-gnu/libcurl.so (found version "7.81.0")  
[1.664s] -- Checking for module 'jsoncpp'
[1.680s] --   Found jsoncpp, version 1.9.5
[1.710s] -- Found JSONCPP: TRUE  
[1.716s] -- Checking for module 'libzip'
[1.733s] --   Found libzip, version 1.7.3
[1.762s] -- Found ZIP: TRUE  
[1.762s] -- Looking for ignition-common3 -- found version 3.14.0
[1.763s] -- Looking for ignition-math6 -- found version 6.15.1
[1.763s] -- Looking for ignition-msgs5 -- found version 5.8.1
[1.765s] -- Gazebo version: 11.10
[1.765s] -- Checking for module 'tbb'
[1.776s] --   Found tbb, version 2021.5.0
[1.811s] -- Found image_transport: 3.1.9 (/opt/ros/humble/share/image_transport/cmake)
[1.892s] -- Found camera_info_manager: 3.1.9 (/opt/ros/humble/share/camera_info_manager/cmake)
[1.917s] -- Found ament_lint_auto: 0.12.11 (/opt/ros/humble/share/ament_lint_auto/cmake)
[1.983s] -- Configuring done
[2.010s] -- Generating done
[2.015s] -- Build files have been written to: /home/koushik/colcon_ws/build/realsense_gazebo_plugin
[2.055s] Invoked command in '/home/koushik/colcon_ws/build/realsense_gazebo_plugin' returned '0': CMAKE_PREFIX_PATH=${CMAKE_PREFIX_PATH}:/home/koushik/colcon_ws/install/ur5_control:/opt/ros/humble /usr/bin/cmake /home/koushik/colcon_ws/src/realsense_gazebo_plugin -DCMAKE_INSTALL_PREFIX=/home/koushik/colcon_ws/install/realsense_gazebo_plugin
[2.058s] Invoking command in '/home/koushik/colcon_ws/build/realsense_gazebo_plugin': CMAKE_PREFIX_PATH=${CMAKE_PREFIX_PATH}:/home/koushik/colcon_ws/install/ur5_control:/opt/ros/humble /usr/bin/cmake --build /home/koushik/colcon_ws/build/realsense_gazebo_plugin -- -j16 -l16
[2.131s] [ 66%] [32mBuilding CXX object CMakeFiles/realsense_gazebo_plugin.dir/src/RealSensePlugin.cpp.o[0m
[2.131s] [ 66%] [32mBuilding CXX object CMakeFiles/realsense_gazebo_plugin.dir/src/gazebo_ros_realsense.cpp.o[0m
[20.002s] [100%] [32m[1mLinking CXX shared library librealsense_gazebo_plugin.so[0m
[20.613s] [100%] Built target realsense_gazebo_plugin
[20.623s] Invoked command in '/home/koushik/colcon_ws/build/realsense_gazebo_plugin' returned '0': CMAKE_PREFIX_PATH=${CMAKE_PREFIX_PATH}:/home/koushik/colcon_ws/install/ur5_control:/opt/ros/humble /usr/bin/cmake --build /home/koushik/colcon_ws/build/realsense_gazebo_plugin -- -j16 -l16
[20.644s] Invoking command in '/home/koushik/colcon_ws/build/realsense_gazebo_plugin': CMAKE_PREFIX_PATH=${CMAKE_PREFIX_PATH}:/home/koushik/colcon_ws/install/ur5_control:/opt/ros/humble /usr/bin/cmake --install /home/koushik/colcon_ws/build/realsense_gazebo_plugin
[20.649s] -- Install configuration: ""
[20.649s] -- Installing: /home/koushik/colcon_ws/install/realsense_gazebo_plugin/lib/librealsense_gazebo_plugin.so
[20.651s] -- Set runtime path of "/home/koushik/colcon_ws/install/realsense_gazebo_plugin/lib/librealsense_gazebo_plugin.so" to ""
[20.651s] -- Installing: /home/koushik/colcon_ws/install/realsense_gazebo_plugin/include/
[20.651s] -- Installing: /home/koushik/colcon_ws/install/realsense_gazebo_plugin/include//realsense_gazebo_plugin
[20.651s] -- Installing: /home/koushik/colcon_ws/install/realsense_gazebo_plugin/include//realsense_gazebo_plugin/gazebo_ros_realsense.h
[20.651s] -- Installing: /home/koushik/colcon_ws/install/realsense_gazebo_plugin/include//realsense_gazebo_plugin/RealSensePlugin.h
[20.651s] -- Installing: /home/koushik/colcon_ws/install/realsense_gazebo_plugin/share/realsense_gazebo_plugin/environment/library_path.sh
[20.651s] -- Installing: /home/koushik/colcon_ws/install/realsense_gazebo_plugin/share/realsense_gazebo_plugin/environment/library_path.dsv
[20.651s] -- Installing: /home/koushik/colcon_ws/install/realsense_gazebo_plugin/share/ament_index/resource_index/package_run_dependencies/realsense_gazebo_plugin
[20.651s] -- Installing: /home/koushik/colcon_ws/install/realsense_gazebo_plugin/share/ament_index/resource_index/parent_prefix_path/realsense_gazebo_plugin
[20.652s] -- Installing: /home/koushik/colcon_ws/install/realsense_gazebo_plugin/share/realsense_gazebo_plugin/environment/ament_prefix_path.sh
[20.652s] -- Installing: /home/koushik/colcon_ws/install/realsense_gazebo_plugin/share/realsense_gazebo_plugin/environment/ament_prefix_path.dsv
[20.652s] -- Installing: /home/koushik/colcon_ws/install/realsense_gazebo_plugin/share/realsense_gazebo_plugin/environment/path.sh
[20.652s] -- Installing: /home/koushik/colcon_ws/install/realsense_gazebo_plugin/share/realsense_gazebo_plugin/environment/path.dsv
[20.652s] -- Installing: /home/koushik/colcon_ws/install/realsense_gazebo_plugin/share/realsense_gazebo_plugin/local_setup.bash
[20.652s] -- Installing: /home/koushik/colcon_ws/install/realsense_gazebo_plugin/share/realsense_gazebo_plugin/local_setup.sh
[20.652s] -- Installing: /home/koushik/colcon_ws/install/realsense_gazebo_plugin/share/realsense_gazebo_plugin/local_setup.zsh
[20.652s] -- Installing: /home/koushik/colcon_ws/install/realsense_gazebo_plugin/share/realsense_gazebo_plugin/local_setup.dsv
[20.652s] -- Installing: /home/koushik/colcon_ws/install/realsense_gazebo_plugin/share/realsense_gazebo_plugin/package.dsv
[20.652s] -- Installing: /home/koushik/colcon_ws/install/realsense_gazebo_plugin/share/ament_index/resource_index/packages/realsense_gazebo_plugin
[20.652s] -- Installing: /home/koushik/colcon_ws/install/realsense_gazebo_plugin/share/realsense_gazebo_plugin/cmake/ament_cmake_export_include_directories-extras.cmake
[20.652s] -- Installing: /home/koushik/colcon_ws/install/realsense_gazebo_plugin/share/realsense_gazebo_plugin/cmake/ament_cmake_export_libraries-extras.cmake
[20.652s] -- Installing: /home/koushik/colcon_ws/install/realsense_gazebo_plugin/share/realsense_gazebo_plugin/cmake/realsense_gazebo_pluginConfig.cmake
[20.652s] -- Installing: /home/koushik/colcon_ws/install/realsense_gazebo_plugin/share/realsense_gazebo_plugin/cmake/realsense_gazebo_pluginConfig-version.cmake
[20.652s] -- Installing: /home/koushik/colcon_ws/install/realsense_gazebo_plugin/share/realsense_gazebo_plugin/package.xml
[20.654s] Invoked command in '/home/koushik/colcon_ws/build/realsense_gazebo_plugin' returned '0': CMAKE_PREFIX_PATH=${CMAKE_PREFIX_PATH}:/home/koushik/colcon_ws/install/ur5_control:/opt/ros/humble /usr/bin/cmake --install /home/koushik/colcon_ws/build/realsense_gazebo_plugin
