[0.039s] Invoking command in '/home/koushik/colcon_ws/build/pymoveit2': CMAKE_PREFIX_PATH=${CMAKE_PREFIX_PATH}:/home/koushik/colcon_ws/install/ur5_control:/opt/ros/humble /usr/bin/cmake --build /home/koushik/colcon_ws/build/pymoveit2 -- -j16 -l16
[0.111s] Built target ament_cmake_python_symlink_pymoveit2
[0.418s] running egg_info
[0.419s] writing pymoveit2.egg-info/PKG-INFO
[0.420s] writing dependency_links to pymoveit2.egg-info/dependency_links.txt
[0.420s] writing top-level names to pymoveit2.egg-info/top_level.txt
[0.423s] reading manifest file 'pymoveit2.egg-info/SOURCES.txt'
[0.424s] writing manifest file 'pymoveit2.egg-info/SOURCES.txt'
[0.470s] Built target ament_cmake_python_build_pymoveit2_egg
[0.539s] Invoked command in '/home/koushik/colcon_ws/build/pymoveit2' returned '0': CMAKE_PREFIX_PATH=${CMAKE_PREFIX_PATH}:/home/koushik/colcon_ws/install/ur5_control:/opt/ros/humble /usr/bin/cmake --build /home/koushik/colcon_ws/build/pymoveit2 -- -j16 -l16
[0.579s] Invoking command in '/home/koushik/colcon_ws/build/pymoveit2': CMAKE_PREFIX_PATH=${CMAKE_PREFIX_PATH}:/home/koushik/colcon_ws/install/ur5_control:/opt/ros/humble /usr/bin/cmake --install /home/koushik/colcon_ws/build/pymoveit2
[0.589s] -- Install configuration: ""
[0.590s] -- Execute custom install script
[0.590s] -- Up-to-date symlink: /home/koushik/colcon_ws/install/pymoveit2/share/pymoveit2/environment/pythonpath.sh
[0.590s] -- Up-to-date symlink: /home/koushik/colcon_ws/install/pymoveit2/share/pymoveit2/environment/pythonpath.dsv
[0.591s] -- Up-to-date symlink: /home/koushik/colcon_ws/install/pymoveit2/local/lib/python3.10/dist-packages/pymoveit2-2.1.0-py3.10.egg-info/PKG-INFO
[0.591s] -- Up-to-date symlink: /home/koushik/colcon_ws/install/pymoveit2/local/lib/python3.10/dist-packages/pymoveit2-2.1.0-py3.10.egg-info/SOURCES.txt
[0.591s] -- Up-to-date symlink: /home/koushik/colcon_ws/install/pymoveit2/local/lib/python3.10/dist-packages/pymoveit2-2.1.0-py3.10.egg-info/dependency_links.txt
[0.591s] -- Up-to-date symlink: /home/koushik/colcon_ws/install/pymoveit2/local/lib/python3.10/dist-packages/pymoveit2-2.1.0-py3.10.egg-info/top_level.txt
[0.591s] -- Up-to-date symlink: /home/koushik/colcon_ws/install/pymoveit2/local/lib/python3.10/dist-packages/pymoveit2/__init__.py
[0.591s] -- Up-to-date symlink: /home/koushik/colcon_ws/install/pymoveit2/local/lib/python3.10/dist-packages/pymoveit2/moveit2.py
[0.592s] -- Up-to-date symlink: /home/koushik/colcon_ws/install/pymoveit2/local/lib/python3.10/dist-packages/pymoveit2/moveit2_servo.py
[0.592s] -- Up-to-date symlink: /home/koushik/colcon_ws/install/pymoveit2/local/lib/python3.10/dist-packages/pymoveit2/robots/__init__.py
[0.592s] -- Up-to-date symlink: /home/koushik/colcon_ws/install/pymoveit2/local/lib/python3.10/dist-packages/pymoveit2/robots/kinova.py
[0.592s] -- Up-to-date symlink: /home/koushik/colcon_ws/install/pymoveit2/local/lib/python3.10/dist-packages/pymoveit2/robots/ur5.py
[0.592s] -- Up-to-date symlink: /home/koushik/colcon_ws/install/pymoveit2/lib/pymoveit2/ex_collision_object.py
[0.592s] -- Up-to-date symlink: /home/koushik/colcon_ws/install/pymoveit2/lib/pymoveit2/ex_joint_goal.py
[0.592s] -- Up-to-date symlink: /home/koushik/colcon_ws/install/pymoveit2/lib/pymoveit2/ex_pose_goal.py
[0.593s] -- Up-to-date symlink: /home/koushik/colcon_ws/install/pymoveit2/lib/pymoveit2/ex_servo.py
[0.593s] -- Up-to-date symlink: /home/koushik/colcon_ws/install/pymoveit2/lib/pymoveit2/assets/box.stl
[0.593s] -- Up-to-date symlink: /home/koushik/colcon_ws/install/pymoveit2/lib/pymoveit2/assets/box1.stl
[0.593s] -- Up-to-date symlink: /home/koushik/colcon_ws/install/pymoveit2/lib/pymoveit2/assets/box2.stl
[0.593s] -- Up-to-date symlink: /home/koushik/colcon_ws/install/pymoveit2/lib/pymoveit2/assets/box3.stl
[0.593s] -- Up-to-date symlink: /home/koushik/colcon_ws/install/pymoveit2/lib/pymoveit2/assets/rack.stl
[0.593s] -- Up-to-date symlink: /home/koushik/colcon_ws/install/pymoveit2/lib/pymoveit2/assets/rack_box.stl
[0.594s] -- Up-to-date symlink: /home/koushik/colcon_ws/install/pymoveit2/lib/pymoveit2/assets/rack_box_again.stl
[0.594s] -- Up-to-date symlink: /home/koushik/colcon_ws/install/pymoveit2/lib/pymoveit2/assets/suzanne.stl
[0.594s] -- Up-to-date symlink: /home/koushik/colcon_ws/install/pymoveit2/share/ament_index/resource_index/package_run_dependencies/pymoveit2
[0.594s] -- Up-to-date symlink: /home/koushik/colcon_ws/install/pymoveit2/share/ament_index/resource_index/parent_prefix_path/pymoveit2
[0.594s] -- Up-to-date symlink: /home/koushik/colcon_ws/install/pymoveit2/share/pymoveit2/environment/ament_prefix_path.sh
[0.594s] -- Up-to-date symlink: /home/koushik/colcon_ws/install/pymoveit2/share/pymoveit2/environment/ament_prefix_path.dsv
[0.594s] -- Up-to-date symlink: /home/koushik/colcon_ws/install/pymoveit2/share/pymoveit2/environment/path.sh
[0.594s] -- Up-to-date symlink: /home/koushik/colcon_ws/install/pymoveit2/share/pymoveit2/environment/path.dsv
[0.595s] -- Up-to-date symlink: /home/koushik/colcon_ws/install/pymoveit2/share/pymoveit2/local_setup.bash
[0.595s] -- Up-to-date symlink: /home/koushik/colcon_ws/install/pymoveit2/share/pymoveit2/local_setup.sh
[0.595s] -- Up-to-date symlink: /home/koushik/colcon_ws/install/pymoveit2/share/pymoveit2/local_setup.zsh
[0.595s] -- Up-to-date symlink: /home/koushik/colcon_ws/install/pymoveit2/share/pymoveit2/local_setup.dsv
[0.595s] -- Symlinking: /home/koushik/colcon_ws/install/pymoveit2/share/pymoveit2/package.dsv
[0.608s] -- Up-to-date symlink: /home/koushik/colcon_ws/install/pymoveit2/share/ament_index/resource_index/packages/pymoveit2
[0.609s] -- Up-to-date symlink: /home/koushik/colcon_ws/install/pymoveit2/share/pymoveit2/cmake/pymoveit2Config.cmake
[0.609s] -- Up-to-date symlink: /home/koushik/colcon_ws/install/pymoveit2/share/pymoveit2/cmake/pymoveit2Config-version.cmake
[0.609s] -- Up-to-date symlink: /home/koushik/colcon_ws/install/pymoveit2/share/pymoveit2/package.xml
[0.650s] Listing '/home/koushik/colcon_ws/install/pymoveit2/local/lib/python3.10/dist-packages/pymoveit2'...
[0.650s] Listing '/home/koushik/colcon_ws/install/pymoveit2/local/lib/python3.10/dist-packages/pymoveit2/robots'...
[0.658s] Invoked command in '/home/koushik/colcon_ws/build/pymoveit2' returned '0': CMAKE_PREFIX_PATH=${CMAKE_PREFIX_PATH}:/home/koushik/colcon_ws/install/ur5_control:/opt/ros/humble /usr/bin/cmake --install /home/koushik/colcon_ws/build/pymoveit2
