[1.081s] Invoking command in '/home/koushik/colcon_ws/src/ur5_control': PYTHONPATH=/home/koushik/colcon_ws/build/ur5_control/prefix_override:/usr/lib/python3/dist-packages/colcon_core/task/python/colcon_distutils_commands:/home/koushik/colcon_ws/install/ur5_control/lib/python3.10/site-packages:${PYTHONPATH} /usr/bin/python3 -W ignore:setup.py install is deprecated setup.py egg_info --egg-base ../../build/ur5_control build --build-base /home/koushik/colcon_ws/build/ur5_control/build install --record /home/koushik/colcon_ws/build/ur5_control/install.log --single-version-externally-managed install_data
[1.374s] running egg_info
[1.374s] writing ../../build/ur5_control/ur5_control.egg-info/PKG-INFO
[1.375s] writing dependency_links to ../../build/ur5_control/ur5_control.egg-info/dependency_links.txt
[1.375s] writing entry points to ../../build/ur5_control/ur5_control.egg-info/entry_points.txt
[1.375s] writing requirements to ../../build/ur5_control/ur5_control.egg-info/requires.txt
[1.375s] writing top-level names to ../../build/ur5_control/ur5_control.egg-info/top_level.txt
[1.377s] reading manifest file '../../build/ur5_control/ur5_control.egg-info/SOURCES.txt'
[1.378s] writing manifest file '../../build/ur5_control/ur5_control.egg-info/SOURCES.txt'
[1.379s] running build
[1.379s] running build_py
[1.379s] running install
[1.379s] running install_lib
[1.381s] running install_data
[1.381s] running install_egg_info
[1.384s] removing '/home/koushik/colcon_ws/install/ur5_control/lib/python3.10/site-packages/ur5_control-0.0.0-py3.10.egg-info' (and everything under it)
[1.385s] Copying ../../build/ur5_control/ur5_control.egg-info to /home/koushik/colcon_ws/install/ur5_control/lib/python3.10/site-packages/ur5_control-0.0.0-py3.10.egg-info
[1.386s] running install_scripts
[1.410s] Installing move_ur5 script to /home/koushik/colcon_ws/install/ur5_control/lib/ur5_control
[1.411s] Installing task1b script to /home/koushik/colcon_ws/install/ur5_control/lib/ur5_control
[1.411s] writing list of installed files to '/home/koushik/colcon_ws/build/ur5_control/install.log'
[1.442s] Invoked command in '/home/koushik/colcon_ws/src/ur5_control' returned '0': PYTHONPATH=/home/koushik/colcon_ws/build/ur5_control/prefix_override:/usr/lib/python3/dist-packages/colcon_core/task/python/colcon_distutils_commands:/home/koushik/colcon_ws/install/ur5_control/lib/python3.10/site-packages:${PYTHONPATH} /usr/bin/python3 -W ignore:setup.py install is deprecated setup.py egg_info --egg-base ../../build/ur5_control build --build-base /home/koushik/colcon_ws/build/ur5_control/build install --record /home/koushik/colcon_ws/build/ur5_control/install.log --single-version-externally-managed install_data
