[0.022s] Invoking command in '/home/koushik/colcon_ws/build/ebot_nav2': CMAKE_PREFIX_PATH=${CMAKE_PREFIX_PATH}:/home/koushik/colcon_ws/install/ur5_control:/opt/ros/humble /usr/bin/cmake /home/koushik/colcon_ws/src/ebot_nav2 -DCMAKE_INSTALL_PREFIX=/home/koushik/colcon_ws/install/ebot_nav2
[0.037s] -- Found ament_cmake: 1.3.10 (/opt/ros/humble/share/ament_cmake/cmake)
[0.151s] -- Override CMake install command with custom implementation using symlinks instead of copying resources
[0.156s] -- Found rclcpp: 16.0.10 (/opt/ros/humble/share/rclcpp/cmake)
[0.180s] -- Found rosidl_generator_c: 3.1.5 (/opt/ros/humble/share/rosidl_generator_c/cmake)
[0.182s] -- Found rosidl_adapter: 3.1.5 (/opt/ros/humble/share/rosidl_adapter/cmake)
[0.187s] -- Found rosidl_generator_cpp: 3.1.5 (/opt/ros/humble/share/rosidl_generator_cpp/cmake)
[0.196s] -- Using all available rosidl_typesupport_c: rosidl_typesupport_fastrtps_c;rosidl_typesupport_introspection_c
[0.205s] -- Using all available rosidl_typesupport_cpp: rosidl_typesupport_fastrtps_cpp;rosidl_typesupport_introspection_cpp
[0.232s] -- Found rmw_implementation_cmake: 6.1.2 (/opt/ros/humble/share/rmw_implementation_cmake/cmake)
[0.233s] -- Found rmw_fastrtps_cpp: 6.2.7 (/opt/ros/humble/share/rmw_fastrtps_cpp/cmake)
[0.322s] -- Using RMW implementation 'rmw_fastrtps_cpp' as default
[0.387s] -- Found rclpy: 3.3.14 (/opt/ros/humble/share/rclpy/cmake)
[0.388s] -- Found urdf: 2.6.1 (/opt/ros/humble/share/urdf/cmake)
[0.410s] -- Found xacro: 2.0.8 (/opt/ros/humble/share/xacro/cmake)
[0.410s] -- Found ament_lint_auto: 0.12.11 (/opt/ros/humble/share/ament_lint_auto/cmake)
[0.498s] -- Added test 'flake8' to check Python code syntax and style conventions
[0.498s] -- Added test 'lint_cmake' to check CMake code style
[0.498s] -- Added test 'pep257' to check Python code against some of the docstring style conventions in PEP 257
[0.500s] -- Added test 'xmllint' to check XML markup files
[0.501s] -- Configuring done
[0.505s] -- Generating done
[0.507s] -- Build files have been written to: /home/koushik/colcon_ws/build/ebot_nav2
[0.524s] Invoked command in '/home/koushik/colcon_ws/build/ebot_nav2' returned '0': CMAKE_PREFIX_PATH=${CMAKE_PREFIX_PATH}:/home/koushik/colcon_ws/install/ur5_control:/opt/ros/humble /usr/bin/cmake /home/koushik/colcon_ws/src/ebot_nav2 -DCMAKE_INSTALL_PREFIX=/home/koushik/colcon_ws/install/ebot_nav2
[0.526s] Invoking command in '/home/koushik/colcon_ws/build/ebot_nav2': CMAKE_PREFIX_PATH=${CMAKE_PREFIX_PATH}:/home/koushik/colcon_ws/install/ur5_control:/opt/ros/humble /usr/bin/cmake --build /home/koushik/colcon_ws/build/ebot_nav2 -- -j16 -l16
[0.567s] Invoked command in '/home/koushik/colcon_ws/build/ebot_nav2' returned '0': CMAKE_PREFIX_PATH=${CMAKE_PREFIX_PATH}:/home/koushik/colcon_ws/install/ur5_control:/opt/ros/humble /usr/bin/cmake --build /home/koushik/colcon_ws/build/ebot_nav2 -- -j16 -l16
[0.591s] Invoking command in '/home/koushik/colcon_ws/build/ebot_nav2': CMAKE_PREFIX_PATH=${CMAKE_PREFIX_PATH}:/home/koushik/colcon_ws/install/ur5_control:/opt/ros/humble /usr/bin/cmake --install /home/koushik/colcon_ws/build/ebot_nav2
[0.598s] -- Install configuration: ""
[0.598s] -- Execute custom install script
[0.599s] -- Up-to-date symlink: /home/koushik/colcon_ws/install/ebot_nav2/share/ebot_nav2//launch/ebot_bringup_launch.py
[0.599s] -- Up-to-date symlink: /home/koushik/colcon_ws/install/ebot_nav2/share/ebot_nav2//config/ekf.yaml
[0.599s] -- Up-to-date symlink: /home/koushik/colcon_ws/install/ebot_nav2/share/ebot_nav2//config/mapper_params_online_async.yaml
[0.599s] -- Up-to-date symlink: /home/koushik/colcon_ws/install/ebot_nav2/share/ebot_nav2//maps/map.data
[0.599s] -- Up-to-date symlink: /home/koushik/colcon_ws/install/ebot_nav2/share/ebot_nav2//maps/map.pgm
[0.599s] -- Up-to-date symlink: /home/koushik/colcon_ws/install/ebot_nav2/share/ebot_nav2//maps/map.posegraph
[0.599s] -- Up-to-date symlink: /home/koushik/colcon_ws/install/ebot_nav2/share/ebot_nav2//maps/map.yaml
[0.600s] -- Up-to-date symlink: /home/koushik/colcon_ws/install/ebot_nav2/share/ebot_nav2//maps/map_file_here.text
[0.600s] -- Up-to-date symlink: /home/koushik/colcon_ws/install/ebot_nav2/share/ebot_nav2//params/nav2_params.yaml
[0.600s] -- Up-to-date symlink: /home/koushik/colcon_ws/install/ebot_nav2/share/ebot_nav2//rviz/nav2_default_view.rviz
[0.600s] -- Up-to-date symlink: /home/koushik/colcon_ws/install/ebot_nav2/lib/ebot_nav2/ebot_nav_cmd.py
[0.600s] -- Up-to-date symlink: /home/koushik/colcon_ws/install/ebot_nav2/share/ament_index/resource_index/package_run_dependencies/ebot_nav2
[0.600s] -- Up-to-date symlink: /home/koushik/colcon_ws/install/ebot_nav2/share/ament_index/resource_index/parent_prefix_path/ebot_nav2
[0.600s] -- Up-to-date symlink: /home/koushik/colcon_ws/install/ebot_nav2/share/ebot_nav2/environment/ament_prefix_path.sh
[0.600s] -- Up-to-date symlink: /home/koushik/colcon_ws/install/ebot_nav2/share/ebot_nav2/environment/ament_prefix_path.dsv
[0.600s] -- Up-to-date symlink: /home/koushik/colcon_ws/install/ebot_nav2/share/ebot_nav2/environment/path.sh
[0.600s] -- Up-to-date symlink: /home/koushik/colcon_ws/install/ebot_nav2/share/ebot_nav2/environment/path.dsv
[0.600s] -- Up-to-date symlink: /home/koushik/colcon_ws/install/ebot_nav2/share/ebot_nav2/local_setup.bash
[0.600s] -- Up-to-date symlink: /home/koushik/colcon_ws/install/ebot_nav2/share/ebot_nav2/local_setup.sh
[0.600s] -- Up-to-date symlink: /home/koushik/colcon_ws/install/ebot_nav2/share/ebot_nav2/local_setup.zsh
[0.601s] -- Up-to-date symlink: /home/koushik/colcon_ws/install/ebot_nav2/share/ebot_nav2/local_setup.dsv
[0.601s] -- Symlinking: /home/koushik/colcon_ws/install/ebot_nav2/share/ebot_nav2/package.dsv
[0.609s] -- Up-to-date symlink: /home/koushik/colcon_ws/install/ebot_nav2/share/ament_index/resource_index/packages/ebot_nav2
[0.609s] -- Up-to-date symlink: /home/koushik/colcon_ws/install/ebot_nav2/share/ebot_nav2/cmake/ebot_nav2Config.cmake
[0.610s] -- Up-to-date symlink: /home/koushik/colcon_ws/install/ebot_nav2/share/ebot_nav2/cmake/ebot_nav2Config-version.cmake
[0.610s] -- Up-to-date symlink: /home/koushik/colcon_ws/install/ebot_nav2/share/ebot_nav2/package.xml
[0.612s] Invoked command in '/home/koushik/colcon_ws/build/ebot_nav2' returned '0': CMAKE_PREFIX_PATH=${CMAKE_PREFIX_PATH}:/home/koushik/colcon_ws/install/ur5_control:/opt/ros/humble /usr/bin/cmake --install /home/koushik/colcon_ws/build/ebot_nav2
