[0.427s] Invoking command in '/home/koushik/colcon_ws/build/ur5_control': PYTHONPATH=/home/koushik/colcon_ws/build/ur5_control/prefix_override:/usr/lib/python3/dist-packages/colcon_core/task/python/colcon_distutils_commands:/home/koushik/colcon_ws/install/ur5_control/lib/python3.10/site-packages:${PYTHONPATH} /usr/bin/python3 -W ignore:setup.py install is deprecated setup.py develop --uninstall --editable --build-directory /home/koushik/colcon_ws/build/ur5_control/build
[0.598s] running develop
[0.598s] /usr/lib/python3/dist-packages/setuptools/command/easy_install.py:158: EasyInstallDeprecationWarning: easy_install command is deprecated. Use build and pip and other standards-based tools.
[0.598s]   warnings.warn(
[0.694s] Removing /home/koushik/colcon_ws/install/ur5_control/lib/python3.10/site-packages/ur5-control.egg-link (link to .)
[0.715s] Invoked command in '/home/koushik/colcon_ws/build/ur5_control' returned '0': PYTHONPATH=/home/koushik/colcon_ws/build/ur5_control/prefix_override:/usr/lib/python3/dist-packages/colcon_core/task/python/colcon_distutils_commands:/home/koushik/colcon_ws/install/ur5_control/lib/python3.10/site-packages:${PYTHONPATH} /usr/bin/python3 -W ignore:setup.py install is deprecated setup.py develop --uninstall --editable --build-directory /home/koushik/colcon_ws/build/ur5_control/build
[0.716s] Invoking command in '/home/koushik/colcon_ws/src/ur5_control': PYTHONPATH=/home/koushik/colcon_ws/build/ur5_control/prefix_override:/usr/lib/python3/dist-packages/colcon_core/task/python/colcon_distutils_commands:/home/koushik/colcon_ws/install/ur5_control/lib/python3.10/site-packages:${PYTHONPATH} /usr/bin/python3 -W ignore:setup.py install is deprecated setup.py egg_info --egg-base ../../build/ur5_control build --build-base /home/koushik/colcon_ws/build/ur5_control/build install --record /home/koushik/colcon_ws/build/ur5_control/install.log --single-version-externally-managed install_data --force
[0.861s] running egg_info
[0.862s] writing ../../build/ur5_control/ur5_control.egg-info/PKG-INFO
[0.862s] writing dependency_links to ../../build/ur5_control/ur5_control.egg-info/dependency_links.txt
[0.862s] writing entry points to ../../build/ur5_control/ur5_control.egg-info/entry_points.txt
[0.862s] writing requirements to ../../build/ur5_control/ur5_control.egg-info/requires.txt
[0.863s] writing top-level names to ../../build/ur5_control/ur5_control.egg-info/top_level.txt
[0.863s] reading manifest file '../../build/ur5_control/ur5_control.egg-info/SOURCES.txt'
[0.864s] writing manifest file '../../build/ur5_control/ur5_control.egg-info/SOURCES.txt'
[0.864s] running build
[0.864s] running build_py
[0.864s] running install
[0.864s] running install_lib
[0.864s] creating /home/koushik/colcon_ws/install/ur5_control/lib/python3.10/site-packages/ur5_control
[0.864s] copying /home/koushik/colcon_ws/build/ur5_control/build/lib/ur5_control/__init__.py -> /home/koushik/colcon_ws/install/ur5_control/lib/python3.10/site-packages/ur5_control
[0.864s] copying /home/koushik/colcon_ws/build/ur5_control/build/lib/ur5_control/task1b_boiler_plate.py -> /home/koushik/colcon_ws/install/ur5_control/lib/python3.10/site-packages/ur5_control
[0.865s] byte-compiling /home/koushik/colcon_ws/install/ur5_control/lib/python3.10/site-packages/ur5_control/__init__.py to __init__.cpython-310.pyc
[0.865s] byte-compiling /home/koushik/colcon_ws/install/ur5_control/lib/python3.10/site-packages/ur5_control/task1b_boiler_plate.py to task1b_boiler_plate.cpython-310.pyc
[0.865s] running install_data
[0.865s] copying resource/ur5_control -> /home/koushik/colcon_ws/install/ur5_control/share/ament_index/resource_index/packages
[0.865s] copying package.xml -> /home/koushik/colcon_ws/install/ur5_control/share/ur5_control
[0.866s] copying ur5_control/__init__.py -> /home/koushik/colcon_ws/install/ur5_control/lib/ur5_control
[0.866s] running install_egg_info
[0.867s] Copying ../../build/ur5_control/ur5_control.egg-info to /home/koushik/colcon_ws/install/ur5_control/lib/python3.10/site-packages/ur5_control-0.0.0-py3.10.egg-info
[0.867s] running install_scripts
[0.880s] Installing task1b script to /home/koushik/colcon_ws/install/ur5_control/lib/ur5_control
[0.880s] writing list of installed files to '/home/koushik/colcon_ws/build/ur5_control/install.log'
[0.895s] Invoked command in '/home/koushik/colcon_ws/src/ur5_control' returned '0': PYTHONPATH=/home/koushik/colcon_ws/build/ur5_control/prefix_override:/usr/lib/python3/dist-packages/colcon_core/task/python/colcon_distutils_commands:/home/koushik/colcon_ws/install/ur5_control/lib/python3.10/site-packages:${PYTHONPATH} /usr/bin/python3 -W ignore:setup.py install is deprecated setup.py egg_info --egg-base ../../build/ur5_control build --build-base /home/koushik/colcon_ws/build/ur5_control/build install --record /home/koushik/colcon_ws/build/ur5_control/install.log --single-version-externally-managed install_data --force
