[0.025s] Invoking command in '/home/koushik/colcon_ws/build/realsense_gazebo_plugin': CMAKE_PREFIX_PATH=${CMAKE_PREFIX_PATH}:/home/koushik/colcon_ws/install/ur5_control:/opt/ros/humble /usr/bin/cmake /home/koushik/colcon_ws/src/realsense_gazebo_plugin -DCMAKE_INSTALL_PREFIX=/home/koushik/colcon_ws/install/realsense_gazebo_plugin
[0.035s] -- Found ament_cmake: 1.3.10 (/opt/ros/humble/share/ament_cmake/cmake)
[0.153s] -- Override CMake install command with custom implementation using symlinks instead of copying resources
[0.158s] -- Found rclcpp: 16.0.10 (/opt/ros/humble/share/rclcpp/cmake)
[0.178s] -- Found rosidl_generator_c: 3.1.5 (/opt/ros/humble/share/rosidl_generator_c/cmake)
[0.179s] -- Found rosidl_adapter: 3.1.5 (/opt/ros/humble/share/rosidl_adapter/cmake)
[0.184s] -- Found rosidl_generator_cpp: 3.1.5 (/opt/ros/humble/share/rosidl_generator_cpp/cmake)
[0.191s] -- Using all available rosidl_typesupport_c: rosidl_typesupport_fastrtps_c;rosidl_typesupport_introspection_c
[0.201s] -- Using all available rosidl_typesupport_cpp: rosidl_typesupport_fastrtps_cpp;rosidl_typesupport_introspection_cpp
[0.226s] -- Found rmw_implementation_cmake: 6.1.2 (/opt/ros/humble/share/rmw_implementation_cmake/cmake)
[0.228s] -- Found rmw_fastrtps_cpp: 6.2.7 (/opt/ros/humble/share/rmw_fastrtps_cpp/cmake)
[0.309s] -- Using RMW implementation 'rmw_fastrtps_cpp' as default
[0.353s] -- Found gazebo_ros: 3.7.0 (/opt/ros/humble/share/gazebo_ros/cmake)
[0.383s] -- Found DART: /usr/include (Required is at least version "6.6") found components: dart 
[0.416s] -- Found Protobuf: /usr/lib/x86_64-linux-gnu/libprotobuf.so (found version "3.12.4") 
[0.419s] -- Looking for ignition-math6 -- found version 6.15.1
[0.424s] -- Searching for dependencies of ignition-math6
[0.426s] -- Looking for OGRE...
[0.433s] -- Found Ogre Ghadamon (1.9.0)
[0.434s] -- Found OGRE: optimized;/usr/lib/x86_64-linux-gnu/libOgreMain.so;debug;/usr/lib/x86_64-linux-gnu/libOgreMain.so
[0.446s] -- Looking for OGRE_Paging...
[0.446s] -- Found OGRE_Paging: optimized;/usr/lib/x86_64-linux-gnu/libOgrePaging.so;debug;/usr/lib/x86_64-linux-gnu/libOgrePaging.so
[0.447s] -- Looking for OGRE_Terrain...
[0.447s] -- Found OGRE_Terrain: optimized;/usr/lib/x86_64-linux-gnu/libOgreTerrain.so;debug;/usr/lib/x86_64-linux-gnu/libOgreTerrain.so
[0.447s] -- Looking for OGRE_Property...
[0.447s] -- Found OGRE_Property: optimized;/usr/lib/x86_64-linux-gnu/libOgreProperty.so;debug;/usr/lib/x86_64-linux-gnu/libOgreProperty.so
[0.447s] -- Looking for OGRE_RTShaderSystem...
[0.447s] -- Found OGRE_RTShaderSystem: optimized;/usr/lib/x86_64-linux-gnu/libOgreRTShaderSystem.so;debug;/usr/lib/x86_64-linux-gnu/libOgreRTShaderSystem.so
[0.447s] -- Looking for OGRE_Volume...
[0.447s] -- Found OGRE_Volume: optimized;/usr/lib/x86_64-linux-gnu/libOgreVolume.so;debug;/usr/lib/x86_64-linux-gnu/libOgreVolume.so
[0.447s] -- Looking for OGRE_Overlay...
[0.447s] -- Found OGRE_Overlay: optimized;/usr/lib/x86_64-linux-gnu/libOgreOverlay.so;debug;/usr/lib/x86_64-linux-gnu/libOgreOverlay.so
[0.547s] -- Looking for ignition-math6 -- found version 6.15.1
[0.548s] -- Looking for ignition-transport8 -- found version 8.2.1
[0.548s] -- Searching for dependencies of ignition-transport8
[0.560s] -- Found Protobuf: /usr/lib/x86_64-linux-gnu/libprotobuf.so (found suitable version "3.12.4", minimum required is "3") 
[0.568s] -- Config-file not installed for ZeroMQ -- checking for pkg-config
[0.573s] -- Checking for module 'libzmq >= 4'
[0.586s] --   Found libzmq , version 4.3.4
[0.619s] -- Checking for module 'uuid'
[0.627s] --   Found uuid, version 2.37.2
[0.651s] -- Looking for ignition-msgs5 -- found version 5.8.1
[0.651s] -- Searching for dependencies of ignition-msgs5
[0.665s] -- Looking for ignition-math6 -- found version 6.15.1
[0.669s] -- Checking for module 'tinyxml2'
[0.679s] --   Found tinyxml2, version 9.0.0
[0.705s] -- Looking for ignition-msgs5 -- found version 5.8.1
[0.705s] -- Looking for ignition-common3 -- found version 3.14.0
[0.705s] -- Searching for dependencies of ignition-common3
[0.705s] -- Looking for dlfcn.h - found
[0.705s] -- Looking for libdl - found
[0.718s] -- Searching for <ignition-common3> component [graphics]
[0.719s] -- Looking for ignition-common3-graphics -- found version 3.14.0
[0.719s] -- Searching for dependencies of ignition-common3-graphics
[0.719s] -- Looking for ignition-math6 -- found version 6.15.1
[0.720s] -- Looking for ignition-fuel_tools4 -- found version 4.4.0
[0.720s] -- Searching for dependencies of ignition-fuel_tools4
[0.754s] -- Checking for module 'jsoncpp'
[0.764s] --   Found jsoncpp, version 1.9.5
[0.790s] -- Checking for module 'libzip'
[0.799s] --   Found libzip, version 1.7.3
[0.824s] -- Looking for ignition-common3 -- found version 3.14.0
[0.824s] -- Looking for ignition-math6 -- found version 6.15.1
[0.825s] -- Looking for ignition-msgs5 -- found version 5.8.1
[0.826s] -- Gazebo version: 11.10
[0.827s] -- Found image_transport: 3.1.9 (/opt/ros/humble/share/image_transport/cmake)
[0.864s] -- Found camera_info_manager: 3.1.9 (/opt/ros/humble/share/camera_info_manager/cmake)
[0.874s] -- Found ament_lint_auto: 0.12.11 (/opt/ros/humble/share/ament_lint_auto/cmake)
[0.924s] -- Configuring done
[0.939s] -- Generating done
[0.940s] -- Build files have been written to: /home/koushik/colcon_ws/build/realsense_gazebo_plugin
