[0.021s] Invoking command in '/home/koushik/colcon_ws/build/pymoveit2': CMAKE_PREFIX_PATH=${CMAKE_PREFIX_PATH}:/home/koushik/colcon_ws/install/ur5_control:/opt/ros/humble /usr/bin/cmake --build /home/koushik/colcon_ws/build/pymoveit2 -- -j16 -l16
[0.072s] Built target ament_cmake_python_symlink_pymoveit2
[0.226s] running egg_info
[0.226s] writing pymoveit2.egg-info/PKG-INFO
[0.226s] writing dependency_links to pymoveit2.egg-info/dependency_links.txt
[0.227s] writing top-level names to pymoveit2.egg-info/top_level.txt
[0.228s] reading manifest file 'pymoveit2.egg-info/SOURCES.txt'
[0.229s] writing manifest file 'pymoveit2.egg-info/SOURCES.txt'
[0.247s] Built target ament_cmake_python_build_pymoveit2_egg
[0.280s] Invoked command in '/home/koushik/colcon_ws/build/pymoveit2' returned '0': CMAKE_PREFIX_PATH=${CMAKE_PREFIX_PATH}:/home/koushik/colcon_ws/install/ur5_control:/opt/ros/humble /usr/bin/cmake --build /home/koushik/colcon_ws/build/pymoveit2 -- -j16 -l16
[0.307s] Invoking command in '/home/koushik/colcon_ws/build/pymoveit2': CMAKE_PREFIX_PATH=${CMAKE_PREFIX_PATH}:/home/koushik/colcon_ws/install/ur5_control:/opt/ros/humble /usr/bin/cmake --install /home/koushik/colcon_ws/build/pymoveit2
[0.312s] -- Install configuration: ""
[0.312s] -- Execute custom install script
[0.312s] -- Up-to-date symlink: /home/koushik/colcon_ws/install/pymoveit2/share/pymoveit2/environment/pythonpath.sh
[0.313s] -- Up-to-date symlink: /home/koushik/colcon_ws/install/pymoveit2/share/pymoveit2/environment/pythonpath.dsv
[0.313s] -- Up-to-date symlink: /home/koushik/colcon_ws/install/pymoveit2/local/lib/python3.10/dist-packages/pymoveit2-2.1.0-py3.10.egg-info/PKG-INFO
[0.313s] -- Up-to-date symlink: /home/koushik/colcon_ws/install/pymoveit2/local/lib/python3.10/dist-packages/pymoveit2-2.1.0-py3.10.egg-info/SOURCES.txt
[0.313s] -- Up-to-date symlink: /home/koushik/colcon_ws/install/pymoveit2/local/lib/python3.10/dist-packages/pymoveit2-2.1.0-py3.10.egg-info/dependency_links.txt
[0.313s] -- Up-to-date symlink: /home/koushik/colcon_ws/install/pymoveit2/local/lib/python3.10/dist-packages/pymoveit2-2.1.0-py3.10.egg-info/top_level.txt
[0.313s] -- Up-to-date symlink: /home/koushik/colcon_ws/install/pymoveit2/local/lib/python3.10/dist-packages/pymoveit2/__init__.py
[0.314s] -- Up-to-date symlink: /home/koushik/colcon_ws/install/pymoveit2/local/lib/python3.10/dist-packages/pymoveit2/moveit2.py
[0.314s] -- Up-to-date symlink: /home/koushik/colcon_ws/install/pymoveit2/local/lib/python3.10/dist-packages/pymoveit2/moveit2_servo.py
[0.314s] -- Up-to-date symlink: /home/koushik/colcon_ws/install/pymoveit2/local/lib/python3.10/dist-packages/pymoveit2/robots/__init__.py
[0.314s] -- Up-to-date symlink: /home/koushik/colcon_ws/install/pymoveit2/local/lib/python3.10/dist-packages/pymoveit2/robots/kinova.py
[0.314s] -- Up-to-date symlink: /home/koushik/colcon_ws/install/pymoveit2/local/lib/python3.10/dist-packages/pymoveit2/robots/ur5.py
[0.315s] -- Up-to-date symlink: /home/koushik/colcon_ws/install/pymoveit2/lib/pymoveit2/ex_collision_object.py
[0.315s] -- Up-to-date symlink: /home/koushik/colcon_ws/install/pymoveit2/lib/pymoveit2/ex_joint_goal.py
[0.315s] -- Up-to-date symlink: /home/koushik/colcon_ws/install/pymoveit2/lib/pymoveit2/ex_pose_goal.py
[0.315s] -- Up-to-date symlink: /home/koushik/colcon_ws/install/pymoveit2/lib/pymoveit2/ex_servo.py
[0.315s] -- Up-to-date symlink: /home/koushik/colcon_ws/install/pymoveit2/lib/pymoveit2/assets/box.stl
[0.315s] -- Up-to-date symlink: /home/koushik/colcon_ws/install/pymoveit2/lib/pymoveit2/assets/box1.stl
[0.315s] -- Up-to-date symlink: /home/koushik/colcon_ws/install/pymoveit2/lib/pymoveit2/assets/box2.stl
[0.316s] -- Up-to-date symlink: /home/koushik/colcon_ws/install/pymoveit2/lib/pymoveit2/assets/box3.stl
[0.316s] -- Up-to-date symlink: /home/koushik/colcon_ws/install/pymoveit2/lib/pymoveit2/assets/rack.stl
[0.316s] -- Up-to-date symlink: /home/koushik/colcon_ws/install/pymoveit2/lib/pymoveit2/assets/rack_box.stl
[0.316s] -- Up-to-date symlink: /home/koushik/colcon_ws/install/pymoveit2/lib/pymoveit2/assets/rack_box_again.stl
[0.316s] -- Up-to-date symlink: /home/koushik/colcon_ws/install/pymoveit2/lib/pymoveit2/assets/suzanne.stl
[0.316s] -- Up-to-date symlink: /home/koushik/colcon_ws/install/pymoveit2/share/ament_index/resource_index/package_run_dependencies/pymoveit2
[0.316s] -- Up-to-date symlink: /home/koushik/colcon_ws/install/pymoveit2/share/ament_index/resource_index/parent_prefix_path/pymoveit2
[0.316s] -- Up-to-date symlink: /home/koushik/colcon_ws/install/pymoveit2/share/pymoveit2/environment/ament_prefix_path.sh
[0.316s] -- Up-to-date symlink: /home/koushik/colcon_ws/install/pymoveit2/share/pymoveit2/environment/ament_prefix_path.dsv
[0.317s] -- Up-to-date symlink: /home/koushik/colcon_ws/install/pymoveit2/share/pymoveit2/environment/path.sh
[0.317s] -- Up-to-date symlink: /home/koushik/colcon_ws/install/pymoveit2/share/pymoveit2/environment/path.dsv
[0.317s] -- Up-to-date symlink: /home/koushik/colcon_ws/install/pymoveit2/share/pymoveit2/local_setup.bash
[0.317s] -- Up-to-date symlink: /home/koushik/colcon_ws/install/pymoveit2/share/pymoveit2/local_setup.sh
[0.317s] -- Up-to-date symlink: /home/koushik/colcon_ws/install/pymoveit2/share/pymoveit2/local_setup.zsh
[0.317s] -- Up-to-date symlink: /home/koushik/colcon_ws/install/pymoveit2/share/pymoveit2/local_setup.dsv
[0.317s] -- Symlinking: /home/koushik/colcon_ws/install/pymoveit2/share/pymoveit2/package.dsv
[0.323s] -- Up-to-date symlink: /home/koushik/colcon_ws/install/pymoveit2/share/ament_index/resource_index/packages/pymoveit2
[0.323s] -- Up-to-date symlink: /home/koushik/colcon_ws/install/pymoveit2/share/pymoveit2/cmake/pymoveit2Config.cmake
[0.323s] -- Up-to-date symlink: /home/koushik/colcon_ws/install/pymoveit2/share/pymoveit2/cmake/pymoveit2Config-version.cmake
[0.323s] -- Up-to-date symlink: /home/koushik/colcon_ws/install/pymoveit2/share/pymoveit2/package.xml
[0.343s] Listing '/home/koushik/colcon_ws/install/pymoveit2/local/lib/python3.10/dist-packages/pymoveit2'...
[0.343s] Listing '/home/koushik/colcon_ws/install/pymoveit2/local/lib/python3.10/dist-packages/pymoveit2/robots'...
[0.348s] Invoked command in '/home/koushik/colcon_ws/build/pymoveit2' returned '0': CMAKE_PREFIX_PATH=${CMAKE_PREFIX_PATH}:/home/koushik/colcon_ws/install/ur5_control:/opt/ros/humble /usr/bin/cmake --install /home/koushik/colcon_ws/build/pymoveit2
