[0.036s] Invoking command in '/home/koushik/colcon_ws/build/realsense_gazebo_plugin': CMAKE_PREFIX_PATH=${CMAKE_PREFIX_PATH}:/home/koushik/colcon_ws/install/ur5_control:/opt/ros/humble /usr/bin/cmake --build /home/koushik/colcon_ws/build/realsense_gazebo_plugin -- -j16 -l16
[0.126s] [100%] Built target realsense_gazebo_plugin
[0.328s] Invoked command in '/home/koushik/colcon_ws/build/realsense_gazebo_plugin' returned '0': CMAKE_PREFIX_PATH=${CMAKE_PREFIX_PATH}:/home/koushik/colcon_ws/install/ur5_control:/opt/ros/humble /usr/bin/cmake --build /home/koushik/colcon_ws/build/realsense_gazebo_plugin -- -j16 -l16
[0.377s] Invoking command in '/home/koushik/colcon_ws/build/realsense_gazebo_plugin': CMAKE_PREFIX_PATH=${CMAKE_PREFIX_PATH}:/home/koushik/colcon_ws/install/ur5_control:/opt/ros/humble /usr/bin/cmake --install /home/koushik/colcon_ws/build/realsense_gazebo_plugin
[0.420s] -- Install configuration: ""
[0.422s] -- Execute custom install script
[0.423s] -- Up-to-date symlink: /home/koushik/colcon_ws/install/realsense_gazebo_plugin/lib/librealsense_gazebo_plugin.so
[0.426s] -- Up-to-date symlink: /home/koushik/colcon_ws/install/realsense_gazebo_plugin/include//realsense_gazebo_plugin/RealSensePlugin.h
[0.426s] -- Up-to-date symlink: /home/koushik/colcon_ws/install/realsense_gazebo_plugin/include//realsense_gazebo_plugin/gazebo_ros_realsense.h
[0.426s] -- Up-to-date symlink: /home/koushik/colcon_ws/install/realsense_gazebo_plugin/share/realsense_gazebo_plugin/environment/library_path.sh
[0.428s] -- Up-to-date symlink: /home/koushik/colcon_ws/install/realsense_gazebo_plugin/share/realsense_gazebo_plugin/environment/library_path.dsv
[0.428s] -- Up-to-date symlink: /home/koushik/colcon_ws/install/realsense_gazebo_plugin/share/ament_index/resource_index/package_run_dependencies/realsense_gazebo_plugin
[0.428s] -- Up-to-date symlink: /home/koushik/colcon_ws/install/realsense_gazebo_plugin/share/ament_index/resource_index/parent_prefix_path/realsense_gazebo_plugin
[0.428s] -- Up-to-date symlink: /home/koushik/colcon_ws/install/realsense_gazebo_plugin/share/realsense_gazebo_plugin/environment/ament_prefix_path.sh
[0.428s] -- Up-to-date symlink: /home/koushik/colcon_ws/install/realsense_gazebo_plugin/share/realsense_gazebo_plugin/environment/ament_prefix_path.dsv
[0.430s] -- Up-to-date symlink: /home/koushik/colcon_ws/install/realsense_gazebo_plugin/share/realsense_gazebo_plugin/environment/path.sh
[0.431s] -- Up-to-date symlink: /home/koushik/colcon_ws/install/realsense_gazebo_plugin/share/realsense_gazebo_plugin/environment/path.dsv
[0.432s] -- Up-to-date symlink: /home/koushik/colcon_ws/install/realsense_gazebo_plugin/share/realsense_gazebo_plugin/local_setup.bash
[0.433s] -- Up-to-date symlink: /home/koushik/colcon_ws/install/realsense_gazebo_plugin/share/realsense_gazebo_plugin/local_setup.sh
[0.436s] -- Up-to-date symlink: /home/koushik/colcon_ws/install/realsense_gazebo_plugin/share/realsense_gazebo_plugin/local_setup.zsh
[0.437s] -- Up-to-date symlink: /home/koushik/colcon_ws/install/realsense_gazebo_plugin/share/realsense_gazebo_plugin/local_setup.dsv
[0.437s] -- Symlinking: /home/koushik/colcon_ws/install/realsense_gazebo_plugin/share/realsense_gazebo_plugin/package.dsv
[0.444s] -- Up-to-date symlink: /home/koushik/colcon_ws/install/realsense_gazebo_plugin/share/ament_index/resource_index/packages/realsense_gazebo_plugin
[0.444s] -- Up-to-date symlink: /home/koushik/colcon_ws/install/realsense_gazebo_plugin/share/realsense_gazebo_plugin/cmake/ament_cmake_export_include_directories-extras.cmake
[0.444s] -- Up-to-date symlink: /home/koushik/colcon_ws/install/realsense_gazebo_plugin/share/realsense_gazebo_plugin/cmake/ament_cmake_export_libraries-extras.cmake
[0.444s] -- Up-to-date symlink: /home/koushik/colcon_ws/install/realsense_gazebo_plugin/share/realsense_gazebo_plugin/cmake/realsense_gazebo_pluginConfig.cmake
[0.444s] -- Up-to-date symlink: /home/koushik/colcon_ws/install/realsense_gazebo_plugin/share/realsense_gazebo_plugin/cmake/realsense_gazebo_pluginConfig-version.cmake
[0.444s] -- Up-to-date symlink: /home/koushik/colcon_ws/install/realsense_gazebo_plugin/share/realsense_gazebo_plugin/package.xml
[0.464s] Invoked command in '/home/koushik/colcon_ws/build/realsense_gazebo_plugin' returned '0': CMAKE_PREFIX_PATH=${CMAKE_PREFIX_PATH}:/home/koushik/colcon_ws/install/ur5_control:/opt/ros/humble /usr/bin/cmake --install /home/koushik/colcon_ws/build/realsense_gazebo_plugin
