[0.035s] Invoking command in '/home/koushik/colcon_ws/build/linkattacher_msgs': CMAKE_PREFIX_PATH=${CMAKE_PREFIX_PATH}:/home/koushik/colcon_ws/install/ur5_control:/opt/ros/humble /usr/bin/cmake --build /home/koushik/colcon_ws/build/linkattacher_msgs -- -j16 -l16
[0.087s] [  7%] Built target linkattacher_msgs__cpp
[0.087s] [ 12%] Built target linkattacher_msgs__rosidl_generator_c
[0.100s] [ 12%] Built target ament_cmake_python_symlink_linkattacher_msgs
[0.112s] [ 58%] Built target linkattacher_msgs__rosidl_typesupport_introspection_cpp
[0.113s] [ 58%] Built target linkattacher_msgs__rosidl_typesupport_c
[0.113s] [ 69%] Built target linkattacher_msgs__rosidl_typesupport_introspection_c
[0.113s] [ 69%] Built target linkattacher_msgs__rosidl_typesupport_cpp
[0.113s] [ 69%] Built target linkattacher_msgs__rosidl_typesupport_fastrtps_c
[0.113s] [ 74%] Built target linkattacher_msgs__rosidl_typesupport_fastrtps_cpp
[0.136s] [ 74%] Built target linkattacher_msgs
[0.161s] [ 76%] Built target linkattacher_msgs__py
[0.184s] [ 84%] Built target linkattacher_msgs__rosidl_generator_py
[0.210s] [100%] Built target linkattacher_msgs__rosidl_typesupport_fastrtps_c__pyext
[0.210s] [100%] Built target linkattacher_msgs__rosidl_typesupport_c__pyext
[0.210s] [100%] Built target linkattacher_msgs__rosidl_typesupport_introspection_c__pyext
[0.415s] running egg_info
[0.423s] writing linkattacher_msgs.egg-info/PKG-INFO
[0.423s] writing dependency_links to linkattacher_msgs.egg-info/dependency_links.txt
[0.423s] writing top-level names to linkattacher_msgs.egg-info/top_level.txt
[0.426s] reading manifest file 'linkattacher_msgs.egg-info/SOURCES.txt'
[0.427s] writing manifest file 'linkattacher_msgs.egg-info/SOURCES.txt'
[0.441s] [100%] Built target ament_cmake_python_build_linkattacher_msgs_egg
[0.479s] Invoked command in '/home/koushik/colcon_ws/build/linkattacher_msgs' returned '0': CMAKE_PREFIX_PATH=${CMAKE_PREFIX_PATH}:/home/koushik/colcon_ws/install/ur5_control:/opt/ros/humble /usr/bin/cmake --build /home/koushik/colcon_ws/build/linkattacher_msgs -- -j16 -l16
[0.546s] Invoking command in '/home/koushik/colcon_ws/build/linkattacher_msgs': CMAKE_PREFIX_PATH=${CMAKE_PREFIX_PATH}:/home/koushik/colcon_ws/install/ur5_control:/opt/ros/humble /usr/bin/cmake --install /home/koushik/colcon_ws/build/linkattacher_msgs
[0.554s] -- Install configuration: ""
[0.554s] -- Execute custom install script
[0.554s] -- Up-to-date symlink: /home/koushik/colcon_ws/install/linkattacher_msgs/share/linkattacher_msgs/srv/AttachLink.srv
[0.555s] -- Up-to-date symlink: /home/koushik/colcon_ws/install/linkattacher_msgs/share/linkattacher_msgs/srv/DetachLink.srv
[0.555s] -- Up-to-date symlink: /home/koushik/colcon_ws/install/linkattacher_msgs/share/ament_index/resource_index/rosidl_interfaces/linkattacher_msgs
[0.555s] -- Up-to-date symlink: /home/koushik/colcon_ws/install/linkattacher_msgs/include/linkattacher_msgs/linkattacher_msgs/msg/rosidl_generator_c__visibility_control.h
[0.555s] -- Up-to-date symlink: /home/koushik/colcon_ws/install/linkattacher_msgs/include/linkattacher_msgs/linkattacher_msgs/srv/attach_link.h
[0.555s] -- Up-to-date symlink: /home/koushik/colcon_ws/install/linkattacher_msgs/include/linkattacher_msgs/linkattacher_msgs/srv/detach_link.h
[0.555s] -- Up-to-date symlink: /home/koushik/colcon_ws/install/linkattacher_msgs/include/linkattacher_msgs/linkattacher_msgs/srv/detail/attach_link__functions.h
[0.555s] -- Up-to-date symlink: /home/koushik/colcon_ws/install/linkattacher_msgs/include/linkattacher_msgs/linkattacher_msgs/srv/detail/attach_link__struct.h
[0.555s] -- Up-to-date symlink: /home/koushik/colcon_ws/install/linkattacher_msgs/include/linkattacher_msgs/linkattacher_msgs/srv/detail/attach_link__type_support.h
[0.555s] -- Up-to-date symlink: /home/koushik/colcon_ws/install/linkattacher_msgs/include/linkattacher_msgs/linkattacher_msgs/srv/detail/detach_link__functions.h
[0.555s] -- Up-to-date symlink: /home/koushik/colcon_ws/install/linkattacher_msgs/include/linkattacher_msgs/linkattacher_msgs/srv/detail/detach_link__struct.h
[0.555s] -- Up-to-date symlink: /home/koushik/colcon_ws/install/linkattacher_msgs/include/linkattacher_msgs/linkattacher_msgs/srv/detail/detach_link__type_support.h
[0.555s] -- Up-to-date symlink: /home/koushik/colcon_ws/install/linkattacher_msgs/share/linkattacher_msgs/environment/library_path.sh
[0.555s] -- Up-to-date symlink: /home/koushik/colcon_ws/install/linkattacher_msgs/share/linkattacher_msgs/environment/library_path.dsv
[0.556s] -- Up-to-date symlink: /home/koushik/colcon_ws/install/linkattacher_msgs/include/linkattacher_msgs/linkattacher_msgs/msg/rosidl_typesupport_fastrtps_c__visibility_control.h
[0.556s] -- Up-to-date symlink: /home/koushik/colcon_ws/install/linkattacher_msgs/include/linkattacher_msgs/linkattacher_msgs/srv/detail/attach_link__rosidl_typesupport_fastrtps_c.h
[0.556s] -- Up-to-date symlink: /home/koushik/colcon_ws/install/linkattacher_msgs/include/linkattacher_msgs/linkattacher_msgs/srv/detail/detach_link__rosidl_typesupport_fastrtps_c.h
[0.556s] -- Up-to-date symlink: /home/koushik/colcon_ws/install/linkattacher_msgs/include/linkattacher_msgs/linkattacher_msgs/msg/rosidl_typesupport_introspection_c__visibility_control.h
[0.556s] -- Up-to-date symlink: /home/koushik/colcon_ws/install/linkattacher_msgs/include/linkattacher_msgs/linkattacher_msgs/srv/detail/attach_link__rosidl_typesupport_introspection_c.h
[0.556s] -- Up-to-date symlink: /home/koushik/colcon_ws/install/linkattacher_msgs/include/linkattacher_msgs/linkattacher_msgs/srv/detail/detach_link__rosidl_typesupport_introspection_c.h
[0.557s] -- Up-to-date symlink: /home/koushik/colcon_ws/install/linkattacher_msgs/include/linkattacher_msgs/linkattacher_msgs/srv/attach_link.hpp
[0.557s] -- Up-to-date symlink: /home/koushik/colcon_ws/install/linkattacher_msgs/include/linkattacher_msgs/linkattacher_msgs/srv/detach_link.hpp
[0.557s] -- Up-to-date symlink: /home/koushik/colcon_ws/install/linkattacher_msgs/include/linkattacher_msgs/linkattacher_msgs/srv/detail/attach_link__builder.hpp
[0.557s] -- Up-to-date symlink: /home/koushik/colcon_ws/install/linkattacher_msgs/include/linkattacher_msgs/linkattacher_msgs/srv/detail/attach_link__struct.hpp
[0.557s] -- Up-to-date symlink: /home/koushik/colcon_ws/install/linkattacher_msgs/include/linkattacher_msgs/linkattacher_msgs/srv/detail/attach_link__traits.hpp
[0.557s] -- Up-to-date symlink: /home/koushik/colcon_ws/install/linkattacher_msgs/include/linkattacher_msgs/linkattacher_msgs/srv/detail/detach_link__builder.hpp
[0.557s] -- Up-to-date symlink: /home/koushik/colcon_ws/install/linkattacher_msgs/include/linkattacher_msgs/linkattacher_msgs/srv/detail/detach_link__struct.hpp
[0.557s] -- Up-to-date symlink: /home/koushik/colcon_ws/install/linkattacher_msgs/include/linkattacher_msgs/linkattacher_msgs/srv/detail/detach_link__traits.hpp
[0.557s] -- Up-to-date symlink: /home/koushik/colcon_ws/install/linkattacher_msgs/include/linkattacher_msgs/linkattacher_msgs/msg/rosidl_typesupport_fastrtps_cpp__visibility_control.h
[0.558s] -- Up-to-date symlink: /home/koushik/colcon_ws/install/linkattacher_msgs/include/linkattacher_msgs/linkattacher_msgs/srv/detail/attach_link__rosidl_typesupport_fastrtps_cpp.hpp
[0.558s] -- Up-to-date symlink: /home/koushik/colcon_ws/install/linkattacher_msgs/include/linkattacher_msgs/linkattacher_msgs/srv/detail/detach_link__rosidl_typesupport_fastrtps_cpp.hpp
[0.558s] -- Up-to-date symlink: /home/koushik/colcon_ws/install/linkattacher_msgs/include/linkattacher_msgs/linkattacher_msgs/srv/detail/attach_link__rosidl_typesupport_introspection_cpp.hpp
[0.558s] -- Up-to-date symlink: /home/koushik/colcon_ws/install/linkattacher_msgs/include/linkattacher_msgs/linkattacher_msgs/srv/detail/detach_link__rosidl_typesupport_introspection_cpp.hpp
[0.558s] -- Up-to-date symlink: /home/koushik/colcon_ws/install/linkattacher_msgs/share/linkattacher_msgs/environment/pythonpath.sh
[0.558s] -- Up-to-date symlink: /home/koushik/colcon_ws/install/linkattacher_msgs/share/linkattacher_msgs/environment/pythonpath.dsv
[0.558s] -- Up-to-date symlink: /home/koushik/colcon_ws/install/linkattacher_msgs/local/lib/python3.10/dist-packages/linkattacher_msgs-0.0.0-py3.10.egg-info/PKG-INFO
[0.559s] -- Up-to-date symlink: /home/koushik/colcon_ws/install/linkattacher_msgs/local/lib/python3.10/dist-packages/linkattacher_msgs-0.0.0-py3.10.egg-info/SOURCES.txt
[0.559s] -- Up-to-date symlink: /home/koushik/colcon_ws/install/linkattacher_msgs/local/lib/python3.10/dist-packages/linkattacher_msgs-0.0.0-py3.10.egg-info/dependency_links.txt
[0.559s] -- Up-to-date symlink: /home/koushik/colcon_ws/install/linkattacher_msgs/local/lib/python3.10/dist-packages/linkattacher_msgs-0.0.0-py3.10.egg-info/top_level.txt
[0.559s] -- Up-to-date symlink: /home/koushik/colcon_ws/install/linkattacher_msgs/local/lib/python3.10/dist-packages/linkattacher_msgs/__init__.py
[0.559s] -- Up-to-date symlink: /home/koushik/colcon_ws/install/linkattacher_msgs/local/lib/python3.10/dist-packages/linkattacher_msgs/_linkattacher_msgs_s.ep.rosidl_typesupport_c.c
[0.559s] -- Up-to-date symlink: /home/koushik/colcon_ws/install/linkattacher_msgs/local/lib/python3.10/dist-packages/linkattacher_msgs/_linkattacher_msgs_s.ep.rosidl_typesupport_fastrtps_c.c
[0.559s] -- Up-to-date symlink: /home/koushik/colcon_ws/install/linkattacher_msgs/local/lib/python3.10/dist-packages/linkattacher_msgs/_linkattacher_msgs_s.ep.rosidl_typesupport_introspection_c.c
[0.559s] -- Up-to-date symlink: /home/koushik/colcon_ws/install/linkattacher_msgs/local/lib/python3.10/dist-packages/linkattacher_msgs/liblinkattacher_msgs__rosidl_generator_py.so
[0.560s] -- Up-to-date symlink: /home/koushik/colcon_ws/install/linkattacher_msgs/local/lib/python3.10/dist-packages/linkattacher_msgs/linkattacher_msgs_s__rosidl_typesupport_c.cpython-310-x86_64-linux-gnu.so
[0.560s] -- Up-to-date symlink: /home/koushik/colcon_ws/install/linkattacher_msgs/local/lib/python3.10/dist-packages/linkattacher_msgs/linkattacher_msgs_s__rosidl_typesupport_fastrtps_c.cpython-310-x86_64-linux-gnu.so
[0.560s] -- Up-to-date symlink: /home/koushik/colcon_ws/install/linkattacher_msgs/local/lib/python3.10/dist-packages/linkattacher_msgs/linkattacher_msgs_s__rosidl_typesupport_introspection_c.cpython-310-x86_64-linux-gnu.so
[0.560s] -- Up-to-date symlink: /home/koushik/colcon_ws/install/linkattacher_msgs/local/lib/python3.10/dist-packages/linkattacher_msgs/srv/__init__.py
[0.560s] -- Up-to-date symlink: /home/koushik/colcon_ws/install/linkattacher_msgs/local/lib/python3.10/dist-packages/linkattacher_msgs/srv/_attach_link.py
[0.560s] -- Up-to-date symlink: /home/koushik/colcon_ws/install/linkattacher_msgs/local/lib/python3.10/dist-packages/linkattacher_msgs/srv/_attach_link_s.c
[0.560s] -- Up-to-date symlink: /home/koushik/colcon_ws/install/linkattacher_msgs/local/lib/python3.10/dist-packages/linkattacher_msgs/srv/_detach_link.py
[0.560s] -- Up-to-date symlink: /home/koushik/colcon_ws/install/linkattacher_msgs/local/lib/python3.10/dist-packages/linkattacher_msgs/srv/_detach_link_s.c
[0.560s] -- Up-to-date symlink: /home/koushik/colcon_ws/install/linkattacher_msgs/local/lib/python3.10/dist-packages/linkattacher_msgs/linkattacher_msgs_s__rosidl_typesupport_fastrtps_c.cpython-310-x86_64-linux-gnu.so
[0.560s] -- Up-to-date symlink: /home/koushik/colcon_ws/install/linkattacher_msgs/local/lib/python3.10/dist-packages/linkattacher_msgs/linkattacher_msgs_s__rosidl_typesupport_introspection_c.cpython-310-x86_64-linux-gnu.so
[0.560s] -- Up-to-date symlink: /home/koushik/colcon_ws/install/linkattacher_msgs/local/lib/python3.10/dist-packages/linkattacher_msgs/linkattacher_msgs_s__rosidl_typesupport_c.cpython-310-x86_64-linux-gnu.so
[0.561s] -- Up-to-date symlink: /home/koushik/colcon_ws/install/linkattacher_msgs/share/linkattacher_msgs/srv/AttachLink.idl
[0.561s] -- Up-to-date symlink: /home/koushik/colcon_ws/install/linkattacher_msgs/share/linkattacher_msgs/srv/DetachLink.idl
[0.561s] -- Up-to-date symlink: /home/koushik/colcon_ws/install/linkattacher_msgs/share/linkattacher_msgs/srv/AttachLink.srv
[0.561s] -- Up-to-date symlink: /home/koushik/colcon_ws/install/linkattacher_msgs/share/linkattacher_msgs/srv/AttachLink_Request.msg
[0.561s] -- Up-to-date symlink: /home/koushik/colcon_ws/install/linkattacher_msgs/share/linkattacher_msgs/srv/AttachLink_Response.msg
[0.561s] -- Up-to-date symlink: /home/koushik/colcon_ws/install/linkattacher_msgs/share/linkattacher_msgs/srv/DetachLink.srv
[0.561s] -- Up-to-date symlink: /home/koushik/colcon_ws/install/linkattacher_msgs/share/linkattacher_msgs/srv/DetachLink_Request.msg
[0.561s] -- Up-to-date symlink: /home/koushik/colcon_ws/install/linkattacher_msgs/share/linkattacher_msgs/srv/DetachLink_Response.msg
[0.561s] -- Up-to-date symlink: /home/koushik/colcon_ws/install/linkattacher_msgs/share/ament_index/resource_index/package_run_dependencies/linkattacher_msgs
[0.561s] -- Up-to-date symlink: /home/koushik/colcon_ws/install/linkattacher_msgs/share/ament_index/resource_index/parent_prefix_path/linkattacher_msgs
[0.561s] -- Up-to-date symlink: /home/koushik/colcon_ws/install/linkattacher_msgs/share/linkattacher_msgs/environment/ament_prefix_path.sh
[0.561s] -- Up-to-date symlink: /home/koushik/colcon_ws/install/linkattacher_msgs/share/linkattacher_msgs/environment/ament_prefix_path.dsv
[0.561s] -- Up-to-date symlink: /home/koushik/colcon_ws/install/linkattacher_msgs/share/linkattacher_msgs/environment/path.sh
[0.561s] -- Up-to-date symlink: /home/koushik/colcon_ws/install/linkattacher_msgs/share/linkattacher_msgs/environment/path.dsv
[0.561s] -- Up-to-date symlink: /home/koushik/colcon_ws/install/linkattacher_msgs/share/linkattacher_msgs/local_setup.bash
[0.562s] -- Up-to-date symlink: /home/koushik/colcon_ws/install/linkattacher_msgs/share/linkattacher_msgs/local_setup.sh
[0.562s] -- Up-to-date symlink: /home/koushik/colcon_ws/install/linkattacher_msgs/share/linkattacher_msgs/local_setup.zsh
[0.562s] -- Up-to-date symlink: /home/koushik/colcon_ws/install/linkattacher_msgs/share/linkattacher_msgs/local_setup.dsv
[0.562s] -- Symlinking: /home/koushik/colcon_ws/install/linkattacher_msgs/share/linkattacher_msgs/package.dsv
[0.574s] -- Up-to-date symlink: /home/koushik/colcon_ws/install/linkattacher_msgs/share/ament_index/resource_index/packages/linkattacher_msgs
[0.574s] -- Up-to-date symlink: /home/koushik/colcon_ws/install/linkattacher_msgs/share/linkattacher_msgs/cmake/rosidl_cmake-extras.cmake
[0.574s] -- Up-to-date symlink: /home/koushik/colcon_ws/install/linkattacher_msgs/share/linkattacher_msgs/cmake/ament_cmake_export_include_directories-extras.cmake
[0.574s] -- Up-to-date symlink: /home/koushik/colcon_ws/install/linkattacher_msgs/share/linkattacher_msgs/cmake/ament_cmake_export_libraries-extras.cmake
[0.574s] -- Up-to-date symlink: /home/koushik/colcon_ws/install/linkattacher_msgs/share/linkattacher_msgs/cmake/ament_cmake_export_targets-extras.cmake
[0.574s] -- Up-to-date symlink: /home/koushik/colcon_ws/install/linkattacher_msgs/share/linkattacher_msgs/cmake/rosidl_cmake_export_typesupport_targets-extras.cmake
[0.574s] -- Up-to-date symlink: /home/koushik/colcon_ws/install/linkattacher_msgs/share/linkattacher_msgs/cmake/ament_cmake_export_dependencies-extras.cmake
[0.574s] -- Up-to-date symlink: /home/koushik/colcon_ws/install/linkattacher_msgs/share/linkattacher_msgs/cmake/rosidl_cmake_export_typesupport_libraries-extras.cmake
[0.574s] -- Up-to-date symlink: /home/koushik/colcon_ws/install/linkattacher_msgs/share/linkattacher_msgs/cmake/linkattacher_msgsConfig.cmake
[0.575s] -- Up-to-date symlink: /home/koushik/colcon_ws/install/linkattacher_msgs/share/linkattacher_msgs/cmake/linkattacher_msgsConfig-version.cmake
[0.575s] -- Up-to-date symlink: /home/koushik/colcon_ws/install/linkattacher_msgs/share/linkattacher_msgs/package.xml
[0.575s] -- Up-to-date: /home/koushik/colcon_ws/install/linkattacher_msgs/lib/liblinkattacher_msgs__rosidl_generator_c.so
[0.575s] -- Up-to-date: /home/koushik/colcon_ws/install/linkattacher_msgs/lib/liblinkattacher_msgs__rosidl_typesupport_fastrtps_c.so
[0.575s] -- Up-to-date: /home/koushik/colcon_ws/install/linkattacher_msgs/lib/liblinkattacher_msgs__rosidl_typesupport_introspection_c.so
[0.575s] -- Up-to-date: /home/koushik/colcon_ws/install/linkattacher_msgs/lib/liblinkattacher_msgs__rosidl_typesupport_c.so
[0.576s] -- Up-to-date: /home/koushik/colcon_ws/install/linkattacher_msgs/lib/liblinkattacher_msgs__rosidl_typesupport_fastrtps_cpp.so
[0.576s] -- Up-to-date: /home/koushik/colcon_ws/install/linkattacher_msgs/lib/liblinkattacher_msgs__rosidl_typesupport_introspection_cpp.so
[0.576s] -- Up-to-date: /home/koushik/colcon_ws/install/linkattacher_msgs/lib/liblinkattacher_msgs__rosidl_typesupport_cpp.so
[0.604s] Listing '/home/koushik/colcon_ws/install/linkattacher_msgs/local/lib/python3.10/dist-packages/linkattacher_msgs'...
[0.604s] Listing '/home/koushik/colcon_ws/install/linkattacher_msgs/local/lib/python3.10/dist-packages/linkattacher_msgs/srv'...
[0.608s] -- Up-to-date: /home/koushik/colcon_ws/install/linkattacher_msgs/lib/liblinkattacher_msgs__rosidl_generator_py.so
[0.609s] -- Up-to-date: /home/koushik/colcon_ws/install/linkattacher_msgs/share/linkattacher_msgs/cmake/export_linkattacher_msgs__rosidl_generator_cExport.cmake
[0.609s] -- Up-to-date: /home/koushik/colcon_ws/install/linkattacher_msgs/share/linkattacher_msgs/cmake/export_linkattacher_msgs__rosidl_generator_cExport-noconfig.cmake
[0.609s] -- Up-to-date: /home/koushik/colcon_ws/install/linkattacher_msgs/share/linkattacher_msgs/cmake/export_linkattacher_msgs__rosidl_typesupport_fastrtps_cExport.cmake
[0.609s] -- Up-to-date: /home/koushik/colcon_ws/install/linkattacher_msgs/share/linkattacher_msgs/cmake/export_linkattacher_msgs__rosidl_typesupport_fastrtps_cExport-noconfig.cmake
[0.609s] -- Up-to-date: /home/koushik/colcon_ws/install/linkattacher_msgs/share/linkattacher_msgs/cmake/linkattacher_msgs__rosidl_typesupport_introspection_cExport.cmake
[0.609s] -- Up-to-date: /home/koushik/colcon_ws/install/linkattacher_msgs/share/linkattacher_msgs/cmake/linkattacher_msgs__rosidl_typesupport_introspection_cExport-noconfig.cmake
[0.609s] -- Up-to-date: /home/koushik/colcon_ws/install/linkattacher_msgs/share/linkattacher_msgs/cmake/linkattacher_msgs__rosidl_typesupport_cExport.cmake
[0.609s] -- Up-to-date: /home/koushik/colcon_ws/install/linkattacher_msgs/share/linkattacher_msgs/cmake/linkattacher_msgs__rosidl_typesupport_cExport-noconfig.cmake
[0.609s] -- Up-to-date: /home/koushik/colcon_ws/install/linkattacher_msgs/share/linkattacher_msgs/cmake/export_linkattacher_msgs__rosidl_generator_cppExport.cmake
[0.609s] -- Up-to-date: /home/koushik/colcon_ws/install/linkattacher_msgs/share/linkattacher_msgs/cmake/export_linkattacher_msgs__rosidl_typesupport_fastrtps_cppExport.cmake
[0.609s] -- Up-to-date: /home/koushik/colcon_ws/install/linkattacher_msgs/share/linkattacher_msgs/cmake/export_linkattacher_msgs__rosidl_typesupport_fastrtps_cppExport-noconfig.cmake
[0.609s] -- Up-to-date: /home/koushik/colcon_ws/install/linkattacher_msgs/share/linkattacher_msgs/cmake/linkattacher_msgs__rosidl_typesupport_introspection_cppExport.cmake
[0.609s] -- Up-to-date: /home/koushik/colcon_ws/install/linkattacher_msgs/share/linkattacher_msgs/cmake/linkattacher_msgs__rosidl_typesupport_introspection_cppExport-noconfig.cmake
[0.609s] -- Up-to-date: /home/koushik/colcon_ws/install/linkattacher_msgs/share/linkattacher_msgs/cmake/linkattacher_msgs__rosidl_typesupport_cppExport.cmake
[0.609s] -- Up-to-date: /home/koushik/colcon_ws/install/linkattacher_msgs/share/linkattacher_msgs/cmake/linkattacher_msgs__rosidl_typesupport_cppExport-noconfig.cmake
[0.609s] -- Up-to-date: /home/koushik/colcon_ws/install/linkattacher_msgs/share/linkattacher_msgs/cmake/export_linkattacher_msgs__rosidl_generator_pyExport.cmake
[0.609s] -- Up-to-date: /home/koushik/colcon_ws/install/linkattacher_msgs/share/linkattacher_msgs/cmake/export_linkattacher_msgs__rosidl_generator_pyExport-noconfig.cmake
[0.620s] Invoked command in '/home/koushik/colcon_ws/build/linkattacher_msgs' returned '0': CMAKE_PREFIX_PATH=${CMAKE_PREFIX_PATH}:/home/koushik/colcon_ws/install/ur5_control:/opt/ros/humble /usr/bin/cmake --install /home/koushik/colcon_ws/build/linkattacher_msgs
