[0.010s] Invoking command in '/home/koushik/colcon_ws/build/ur_simulation_gazebo': CMAKE_PREFIX_PATH=/home/koushik/colcon_ws/install/ur_moveit_config:/home/koushik/colcon_ws/install/ur_description:/home/koushik/colcon_ws/install/ur_simulation_gazebo:/home/koushik/colcon_ws/install/realsense_gazebo_plugin:/home/koushik/colcon_ws/install/pymoveit2:/home/koushik/colcon_ws/install/linkattacher_msgs:/home/koushik/colcon_ws/install/eyantra_warehouse:/home/koushik/colcon_ws/install/ebot_nav2:/home/koushik/colcon_ws/install/ebot_description:/home/koushik/colcon_ws/install/ur5_control:/opt/ros/humble /usr/bin/cmake /home/koushik/colcon_ws/src/ur_simulation_gazebo -DCMAKE_INSTALL_PREFIX=/home/koushik/colcon_ws/install/ur_simulation_gazebo
[0.087s] -- The C compiler identification is GNU 11.4.0
[0.159s] -- The CXX compiler identification is GNU 11.4.0
[0.166s] -- Detecting C compiler ABI info
[0.232s] -- Detecting C compiler ABI info - done
[0.237s] -- Check for working C compiler: /usr/bin/cc - skipped
[0.237s] -- Detecting C compile features
[0.237s] -- Detecting C compile features - done
[0.240s] -- Detecting CXX compiler ABI info
[0.315s] -- Detecting CXX compiler ABI info - done
[0.321s] -- Check for working CXX compiler: /usr/bin/c++ - skipped
[0.321s] -- Detecting CXX compile features
[0.321s] -- Detecting CXX compile features - done
[0.323s] -- Found ament_cmake: 1.3.10 (/opt/ros/humble/share/ament_cmake/cmake)
[0.458s] -- Found Python3: /usr/bin/python3 (found version "3.10.12") found components: Interpreter 
[0.524s] -- Found launch_testing_ament_cmake: 1.0.6 (/opt/ros/humble/share/launch_testing_ament_cmake/cmake)
[0.525s] -- Found python_cmake_module: 0.10.0 (/opt/ros/humble/share/python_cmake_module/cmake)
[0.544s] -- Found PythonInterp: /usr/bin/python3 (found suitable version "3.10.12", minimum required is "3.6") 
[0.551s] -- Found PythonLibs: /usr/lib/x86_64-linux-gnu/libpython3.10.so (found suitable version "3.10.12", minimum required is "3.5") 
[0.552s] -- Using PYTHON_EXECUTABLE: /usr/bin/python3
[0.552s] -- Using PYTHON_INCLUDE_DIRS: /usr/include/python3.10
[0.552s] -- Using PYTHON_LIBRARIES: /usr/lib/x86_64-linux-gnu/libpython3.10.so
[0.571s] -- Found PythonExtra: .so  
[0.572s] -- Found ament_cmake_pytest: 1.3.10 (/opt/ros/humble/share/ament_cmake_pytest/cmake)
[0.621s] -- Configuring done
[0.624s] -- Generating done
[0.624s] -- Build files have been written to: /home/koushik/colcon_ws/build/ur_simulation_gazebo
[0.630s] Invoked command in '/home/koushik/colcon_ws/build/ur_simulation_gazebo' returned '0': CMAKE_PREFIX_PATH=/home/koushik/colcon_ws/install/ur_moveit_config:/home/koushik/colcon_ws/install/ur_description:/home/koushik/colcon_ws/install/ur_simulation_gazebo:/home/koushik/colcon_ws/install/realsense_gazebo_plugin:/home/koushik/colcon_ws/install/pymoveit2:/home/koushik/colcon_ws/install/linkattacher_msgs:/home/koushik/colcon_ws/install/eyantra_warehouse:/home/koushik/colcon_ws/install/ebot_nav2:/home/koushik/colcon_ws/install/ebot_description:/home/koushik/colcon_ws/install/ur5_control:/opt/ros/humble /usr/bin/cmake /home/koushik/colcon_ws/src/ur_simulation_gazebo -DCMAKE_INSTALL_PREFIX=/home/koushik/colcon_ws/install/ur_simulation_gazebo
[0.631s] Invoking command in '/home/koushik/colcon_ws/build/ur_simulation_gazebo': CMAKE_PREFIX_PATH=/home/koushik/colcon_ws/install/ur_moveit_config:/home/koushik/colcon_ws/install/ur_description:/home/koushik/colcon_ws/install/ur_simulation_gazebo:/home/koushik/colcon_ws/install/realsense_gazebo_plugin:/home/koushik/colcon_ws/install/pymoveit2:/home/koushik/colcon_ws/install/linkattacher_msgs:/home/koushik/colcon_ws/install/eyantra_warehouse:/home/koushik/colcon_ws/install/ebot_nav2:/home/koushik/colcon_ws/install/ebot_description:/home/koushik/colcon_ws/install/ur5_control:/opt/ros/humble /usr/bin/cmake --build /home/koushik/colcon_ws/build/ur_simulation_gazebo -- -j16 -l16
[0.666s] Invoked command in '/home/koushik/colcon_ws/build/ur_simulation_gazebo' returned '0': CMAKE_PREFIX_PATH=/home/koushik/colcon_ws/install/ur_moveit_config:/home/koushik/colcon_ws/install/ur_description:/home/koushik/colcon_ws/install/ur_simulation_gazebo:/home/koushik/colcon_ws/install/realsense_gazebo_plugin:/home/koushik/colcon_ws/install/pymoveit2:/home/koushik/colcon_ws/install/linkattacher_msgs:/home/koushik/colcon_ws/install/eyantra_warehouse:/home/koushik/colcon_ws/install/ebot_nav2:/home/koushik/colcon_ws/install/ebot_description:/home/koushik/colcon_ws/install/ur5_control:/opt/ros/humble /usr/bin/cmake --build /home/koushik/colcon_ws/build/ur_simulation_gazebo -- -j16 -l16
[0.684s] Invoking command in '/home/koushik/colcon_ws/build/ur_simulation_gazebo': CMAKE_PREFIX_PATH=/home/koushik/colcon_ws/install/ur_moveit_config:/home/koushik/colcon_ws/install/ur_description:/home/koushik/colcon_ws/install/ur_simulation_gazebo:/home/koushik/colcon_ws/install/realsense_gazebo_plugin:/home/koushik/colcon_ws/install/pymoveit2:/home/koushik/colcon_ws/install/linkattacher_msgs:/home/koushik/colcon_ws/install/eyantra_warehouse:/home/koushik/colcon_ws/install/ebot_nav2:/home/koushik/colcon_ws/install/ebot_description:/home/koushik/colcon_ws/install/ur5_control:/opt/ros/humble /usr/bin/cmake --install /home/koushik/colcon_ws/build/ur_simulation_gazebo
[0.692s] -- Install configuration: ""
[0.692s] -- Installing: /home/koushik/colcon_ws/install/ur_simulation_gazebo/share/ur_simulation_gazebo/config
[0.692s] -- Installing: /home/koushik/colcon_ws/install/ur_simulation_gazebo/share/ur_simulation_gazebo/config/config_file_here.txt
[0.692s] -- Installing: /home/koushik/colcon_ws/install/ur_simulation_gazebo/share/ur_simulation_gazebo/launch
[0.692s] -- Installing: /home/koushik/colcon_ws/install/ur_simulation_gazebo/share/ur_simulation_gazebo/launch/ur_sim_moveit.launch.py
[0.692s] -- Installing: /home/koushik/colcon_ws/install/ur_simulation_gazebo/share/ur_simulation_gazebo/launch/ur_sim_control.launch.py
[0.692s] -- Installing: /home/koushik/colcon_ws/install/ur_simulation_gazebo/share/ament_index/resource_index/package_run_dependencies/ur_simulation_gazebo
[0.692s] -- Installing: /home/koushik/colcon_ws/install/ur_simulation_gazebo/share/ament_index/resource_index/parent_prefix_path/ur_simulation_gazebo
[0.693s] -- Installing: /home/koushik/colcon_ws/install/ur_simulation_gazebo/share/ur_simulation_gazebo/environment/ament_prefix_path.sh
[0.693s] -- Installing: /home/koushik/colcon_ws/install/ur_simulation_gazebo/share/ur_simulation_gazebo/environment/ament_prefix_path.dsv
[0.693s] -- Installing: /home/koushik/colcon_ws/install/ur_simulation_gazebo/share/ur_simulation_gazebo/environment/path.sh
[0.693s] -- Installing: /home/koushik/colcon_ws/install/ur_simulation_gazebo/share/ur_simulation_gazebo/environment/path.dsv
[0.693s] -- Installing: /home/koushik/colcon_ws/install/ur_simulation_gazebo/share/ur_simulation_gazebo/local_setup.bash
[0.693s] -- Installing: /home/koushik/colcon_ws/install/ur_simulation_gazebo/share/ur_simulation_gazebo/local_setup.sh
[0.693s] -- Installing: /home/koushik/colcon_ws/install/ur_simulation_gazebo/share/ur_simulation_gazebo/local_setup.zsh
[0.693s] -- Installing: /home/koushik/colcon_ws/install/ur_simulation_gazebo/share/ur_simulation_gazebo/local_setup.dsv
[0.693s] -- Installing: /home/koushik/colcon_ws/install/ur_simulation_gazebo/share/ur_simulation_gazebo/package.dsv
[0.693s] -- Installing: /home/koushik/colcon_ws/install/ur_simulation_gazebo/share/ament_index/resource_index/packages/ur_simulation_gazebo
[0.693s] -- Installing: /home/koushik/colcon_ws/install/ur_simulation_gazebo/share/ur_simulation_gazebo/cmake/ur_simulation_gazeboConfig.cmake
[0.693s] -- Installing: /home/koushik/colcon_ws/install/ur_simulation_gazebo/share/ur_simulation_gazebo/cmake/ur_simulation_gazeboConfig-version.cmake
[0.693s] -- Installing: /home/koushik/colcon_ws/install/ur_simulation_gazebo/share/ur_simulation_gazebo/package.xml
[0.695s] Invoked command in '/home/koushik/colcon_ws/build/ur_simulation_gazebo' returned '0': CMAKE_PREFIX_PATH=/home/koushik/colcon_ws/install/ur_moveit_config:/home/koushik/colcon_ws/install/ur_description:/home/koushik/colcon_ws/install/ur_simulation_gazebo:/home/koushik/colcon_ws/install/realsense_gazebo_plugin:/home/koushik/colcon_ws/install/pymoveit2:/home/koushik/colcon_ws/install/linkattacher_msgs:/home/koushik/colcon_ws/install/eyantra_warehouse:/home/koushik/colcon_ws/install/ebot_nav2:/home/koushik/colcon_ws/install/ebot_description:/home/koushik/colcon_ws/install/ur5_control:/opt/ros/humble /usr/bin/cmake --install /home/koushik/colcon_ws/build/ur_simulation_gazebo
