[0.006s] Invoking command in '/home/koushik/colcon_ws/build/ur_simulation_gazebo': CMAKE_PREFIX_PATH=/home/koushik/colcon_ws/install/ur_moveit_config:/home/koushik/colcon_ws/install/ur_description:/home/koushik/colcon_ws/install/ur_simulation_gazebo:/home/koushik/colcon_ws/install/realsense_gazebo_plugin:/home/koushik/colcon_ws/install/pymoveit2:/home/koushik/colcon_ws/install/linkattacher_msgs:/home/koushik/colcon_ws/install/eyantra_warehouse:/home/koushik/colcon_ws/install/ebot_nav2:/home/koushik/colcon_ws/install/ebot_description:/home/koushik/colcon_ws/install/ur5_control:/opt/ros/humble /usr/bin/cmake /home/koushik/colcon_ws/src/ur_simulation_gazebo -DCMAKE_INSTALL_PREFIX=/home/koushik/colcon_ws/install/ur_simulation_gazebo
[0.013s] -- Found ament_cmake: 1.3.10 (/opt/ros/humble/share/ament_cmake/cmake)
[0.093s] -- Override CMake install command with custom implementation using symlinks instead of copying resources
[0.097s] -- Found launch_testing_ament_cmake: 1.0.6 (/opt/ros/humble/share/launch_testing_ament_cmake/cmake)
[0.097s] -- Found python_cmake_module: 0.10.0 (/opt/ros/humble/share/python_cmake_module/cmake)
[0.111s] -- Using PYTHON_EXECUTABLE: /usr/bin/python3
[0.111s] -- Using PYTHON_INCLUDE_DIRS: /usr/include/python3.10
[0.111s] -- Using PYTHON_LIBRARIES: /usr/lib/x86_64-linux-gnu/libpython3.10.so
[0.112s] -- Found ament_cmake_pytest: 1.3.10 (/opt/ros/humble/share/ament_cmake_pytest/cmake)
[0.152s] -- Configuring done
[0.154s] -- Generating done
[0.154s] -- Build files have been written to: /home/koushik/colcon_ws/build/ur_simulation_gazebo
[0.156s] Invoked command in '/home/koushik/colcon_ws/build/ur_simulation_gazebo' returned '0': CMAKE_PREFIX_PATH=/home/koushik/colcon_ws/install/ur_moveit_config:/home/koushik/colcon_ws/install/ur_description:/home/koushik/colcon_ws/install/ur_simulation_gazebo:/home/koushik/colcon_ws/install/realsense_gazebo_plugin:/home/koushik/colcon_ws/install/pymoveit2:/home/koushik/colcon_ws/install/linkattacher_msgs:/home/koushik/colcon_ws/install/eyantra_warehouse:/home/koushik/colcon_ws/install/ebot_nav2:/home/koushik/colcon_ws/install/ebot_description:/home/koushik/colcon_ws/install/ur5_control:/opt/ros/humble /usr/bin/cmake /home/koushik/colcon_ws/src/ur_simulation_gazebo -DCMAKE_INSTALL_PREFIX=/home/koushik/colcon_ws/install/ur_simulation_gazebo
[0.157s] Invoking command in '/home/koushik/colcon_ws/build/ur_simulation_gazebo': CMAKE_PREFIX_PATH=/home/koushik/colcon_ws/install/ur_moveit_config:/home/koushik/colcon_ws/install/ur_description:/home/koushik/colcon_ws/install/ur_simulation_gazebo:/home/koushik/colcon_ws/install/realsense_gazebo_plugin:/home/koushik/colcon_ws/install/pymoveit2:/home/koushik/colcon_ws/install/linkattacher_msgs:/home/koushik/colcon_ws/install/eyantra_warehouse:/home/koushik/colcon_ws/install/ebot_nav2:/home/koushik/colcon_ws/install/ebot_description:/home/koushik/colcon_ws/install/ur5_control:/opt/ros/humble /usr/bin/cmake --build /home/koushik/colcon_ws/build/ur_simulation_gazebo -- -j16 -l16
[0.179s] Invoked command in '/home/koushik/colcon_ws/build/ur_simulation_gazebo' returned '0': CMAKE_PREFIX_PATH=/home/koushik/colcon_ws/install/ur_moveit_config:/home/koushik/colcon_ws/install/ur_description:/home/koushik/colcon_ws/install/ur_simulation_gazebo:/home/koushik/colcon_ws/install/realsense_gazebo_plugin:/home/koushik/colcon_ws/install/pymoveit2:/home/koushik/colcon_ws/install/linkattacher_msgs:/home/koushik/colcon_ws/install/eyantra_warehouse:/home/koushik/colcon_ws/install/ebot_nav2:/home/koushik/colcon_ws/install/ebot_description:/home/koushik/colcon_ws/install/ur5_control:/opt/ros/humble /usr/bin/cmake --build /home/koushik/colcon_ws/build/ur_simulation_gazebo -- -j16 -l16
[0.194s] Invoking command in '/home/koushik/colcon_ws/build/ur_simulation_gazebo': CMAKE_PREFIX_PATH=/home/koushik/colcon_ws/install/ur_moveit_config:/home/koushik/colcon_ws/install/ur_description:/home/koushik/colcon_ws/install/ur_simulation_gazebo:/home/koushik/colcon_ws/install/realsense_gazebo_plugin:/home/koushik/colcon_ws/install/pymoveit2:/home/koushik/colcon_ws/install/linkattacher_msgs:/home/koushik/colcon_ws/install/eyantra_warehouse:/home/koushik/colcon_ws/install/ebot_nav2:/home/koushik/colcon_ws/install/ebot_description:/home/koushik/colcon_ws/install/ur5_control:/opt/ros/humble /usr/bin/cmake --install /home/koushik/colcon_ws/build/ur_simulation_gazebo
[0.199s] -- Install configuration: ""
[0.199s] -- Execute custom install script
[0.199s] -- Up-to-date symlink: /home/koushik/colcon_ws/install/ur_simulation_gazebo/share/ur_simulation_gazebo/config/config_file_here.txt
[0.199s] -- Up-to-date symlink: /home/koushik/colcon_ws/install/ur_simulation_gazebo/share/ur_simulation_gazebo/launch/ur_sim_control.launch.py
[0.199s] -- Up-to-date symlink: /home/koushik/colcon_ws/install/ur_simulation_gazebo/share/ur_simulation_gazebo/launch/ur_sim_moveit.launch.py
[0.200s] -- Up-to-date symlink: /home/koushik/colcon_ws/install/ur_simulation_gazebo/share/ament_index/resource_index/package_run_dependencies/ur_simulation_gazebo
[0.200s] -- Up-to-date symlink: /home/koushik/colcon_ws/install/ur_simulation_gazebo/share/ament_index/resource_index/parent_prefix_path/ur_simulation_gazebo
[0.200s] -- Up-to-date symlink: /home/koushik/colcon_ws/install/ur_simulation_gazebo/share/ur_simulation_gazebo/environment/ament_prefix_path.sh
[0.200s] -- Up-to-date symlink: /home/koushik/colcon_ws/install/ur_simulation_gazebo/share/ur_simulation_gazebo/environment/ament_prefix_path.dsv
[0.200s] -- Up-to-date symlink: /home/koushik/colcon_ws/install/ur_simulation_gazebo/share/ur_simulation_gazebo/environment/path.sh
[0.200s] -- Up-to-date symlink: /home/koushik/colcon_ws/install/ur_simulation_gazebo/share/ur_simulation_gazebo/environment/path.dsv
[0.200s] -- Up-to-date symlink: /home/koushik/colcon_ws/install/ur_simulation_gazebo/share/ur_simulation_gazebo/local_setup.bash
[0.200s] -- Up-to-date symlink: /home/koushik/colcon_ws/install/ur_simulation_gazebo/share/ur_simulation_gazebo/local_setup.sh
[0.200s] -- Up-to-date symlink: /home/koushik/colcon_ws/install/ur_simulation_gazebo/share/ur_simulation_gazebo/local_setup.zsh
[0.200s] -- Up-to-date symlink: /home/koushik/colcon_ws/install/ur_simulation_gazebo/share/ur_simulation_gazebo/local_setup.dsv
[0.200s] -- Symlinking: /home/koushik/colcon_ws/install/ur_simulation_gazebo/share/ur_simulation_gazebo/package.dsv
[0.206s] -- Up-to-date symlink: /home/koushik/colcon_ws/install/ur_simulation_gazebo/share/ament_index/resource_index/packages/ur_simulation_gazebo
[0.206s] -- Up-to-date symlink: /home/koushik/colcon_ws/install/ur_simulation_gazebo/share/ur_simulation_gazebo/cmake/ur_simulation_gazeboConfig.cmake
[0.206s] -- Up-to-date symlink: /home/koushik/colcon_ws/install/ur_simulation_gazebo/share/ur_simulation_gazebo/cmake/ur_simulation_gazeboConfig-version.cmake
[0.206s] -- Up-to-date symlink: /home/koushik/colcon_ws/install/ur_simulation_gazebo/share/ur_simulation_gazebo/package.xml
[0.208s] Invoked command in '/home/koushik/colcon_ws/build/ur_simulation_gazebo' returned '0': CMAKE_PREFIX_PATH=/home/koushik/colcon_ws/install/ur_moveit_config:/home/koushik/colcon_ws/install/ur_description:/home/koushik/colcon_ws/install/ur_simulation_gazebo:/home/koushik/colcon_ws/install/realsense_gazebo_plugin:/home/koushik/colcon_ws/install/pymoveit2:/home/koushik/colcon_ws/install/linkattacher_msgs:/home/koushik/colcon_ws/install/eyantra_warehouse:/home/koushik/colcon_ws/install/ebot_nav2:/home/koushik/colcon_ws/install/ebot_description:/home/koushik/colcon_ws/install/ur5_control:/opt/ros/humble /usr/bin/cmake --install /home/koushik/colcon_ws/build/ur_simulation_gazebo
