[0.026s] Invoking command in '/home/koushik/colcon_ws/build/ur_moveit_config': CMAKE_PREFIX_PATH=/home/koushik/colcon_ws/install/ur_description:/home/koushik/colcon_ws/install/ur_simulation_gazebo:/home/koushik/colcon_ws/install/ur_moveit_config:/home/koushik/colcon_ws/install/realsense_gazebo_plugin:/home/koushik/colcon_ws/install/pymoveit2:/home/koushik/colcon_ws/install/linkattacher_msgs:/home/koushik/colcon_ws/install/eyantra_warehouse:/home/koushik/colcon_ws/install/ebot_nav2:/home/koushik/colcon_ws/install/ebot_description:/home/koushik/colcon_ws/install/ur5_control:/opt/ros/humble /usr/bin/cmake --build /home/koushik/colcon_ws/build/ur_moveit_config -- -j16 -l16
[0.100s] Invoked command in '/home/koushik/colcon_ws/build/ur_moveit_config' returned '0': CMAKE_PREFIX_PATH=/home/koushik/colcon_ws/install/ur_description:/home/koushik/colcon_ws/install/ur_simulation_gazebo:/home/koushik/colcon_ws/install/ur_moveit_config:/home/koushik/colcon_ws/install/realsense_gazebo_plugin:/home/koushik/colcon_ws/install/pymoveit2:/home/koushik/colcon_ws/install/linkattacher_msgs:/home/koushik/colcon_ws/install/eyantra_warehouse:/home/koushik/colcon_ws/install/ebot_nav2:/home/koushik/colcon_ws/install/ebot_description:/home/koushik/colcon_ws/install/ur5_control:/opt/ros/humble /usr/bin/cmake --build /home/koushik/colcon_ws/build/ur_moveit_config -- -j16 -l16
[0.134s] Invoking command in '/home/koushik/colcon_ws/build/ur_moveit_config': CMAKE_PREFIX_PATH=/home/koushik/colcon_ws/install/ur_description:/home/koushik/colcon_ws/install/ur_simulation_gazebo:/home/koushik/colcon_ws/install/ur_moveit_config:/home/koushik/colcon_ws/install/realsense_gazebo_plugin:/home/koushik/colcon_ws/install/pymoveit2:/home/koushik/colcon_ws/install/linkattacher_msgs:/home/koushik/colcon_ws/install/eyantra_warehouse:/home/koushik/colcon_ws/install/ebot_nav2:/home/koushik/colcon_ws/install/ebot_description:/home/koushik/colcon_ws/install/ur5_control:/opt/ros/humble /usr/bin/cmake --install /home/koushik/colcon_ws/build/ur_moveit_config
[0.145s] -- Install configuration: ""
[0.145s] -- Execute custom install script
[0.146s] -- Up-to-date symlink: /home/koushik/colcon_ws/install/ur_moveit_config/share/ur_moveit_config/config/controllers.yaml
[0.146s] -- Up-to-date symlink: /home/koushik/colcon_ws/install/ur_moveit_config/share/ur_moveit_config/config/kinematics.yaml
[0.146s] -- Up-to-date symlink: /home/koushik/colcon_ws/install/ur_moveit_config/share/ur_moveit_config/config/ompl_planning.yaml
[0.146s] -- Up-to-date symlink: /home/koushik/colcon_ws/install/ur_moveit_config/share/ur_moveit_config/config/ur_servo.yaml
[0.146s] -- Up-to-date symlink: /home/koushik/colcon_ws/install/ur_moveit_config/share/ur_moveit_config/launch/ur_moveit.launch.py
[0.147s] -- Up-to-date symlink: /home/koushik/colcon_ws/install/ur_moveit_config/share/ur_moveit_config/rviz/view_robot.rviz
[0.147s] -- Up-to-date symlink: /home/koushik/colcon_ws/install/ur_moveit_config/share/ur_moveit_config/srdf/ur.srdf.xacro
[0.147s] -- Up-to-date symlink: /home/koushik/colcon_ws/install/ur_moveit_config/share/ur_moveit_config/srdf/ur_macro.srdf.xacro
[0.147s] -- Up-to-date symlink: /home/koushik/colcon_ws/install/ur_moveit_config/share/ament_index/resource_index/package_run_dependencies/ur_moveit_config
[0.147s] -- Up-to-date symlink: /home/koushik/colcon_ws/install/ur_moveit_config/share/ament_index/resource_index/parent_prefix_path/ur_moveit_config
[0.148s] -- Up-to-date symlink: /home/koushik/colcon_ws/install/ur_moveit_config/share/ur_moveit_config/environment/ament_prefix_path.sh
[0.148s] -- Up-to-date symlink: /home/koushik/colcon_ws/install/ur_moveit_config/share/ur_moveit_config/environment/ament_prefix_path.dsv
[0.148s] -- Up-to-date symlink: /home/koushik/colcon_ws/install/ur_moveit_config/share/ur_moveit_config/environment/path.sh
[0.148s] -- Up-to-date symlink: /home/koushik/colcon_ws/install/ur_moveit_config/share/ur_moveit_config/environment/path.dsv
[0.148s] -- Up-to-date symlink: /home/koushik/colcon_ws/install/ur_moveit_config/share/ur_moveit_config/local_setup.bash
[0.149s] -- Up-to-date symlink: /home/koushik/colcon_ws/install/ur_moveit_config/share/ur_moveit_config/local_setup.sh
[0.149s] -- Up-to-date symlink: /home/koushik/colcon_ws/install/ur_moveit_config/share/ur_moveit_config/local_setup.zsh
[0.149s] -- Up-to-date symlink: /home/koushik/colcon_ws/install/ur_moveit_config/share/ur_moveit_config/local_setup.dsv
[0.149s] -- Symlinking: /home/koushik/colcon_ws/install/ur_moveit_config/share/ur_moveit_config/package.dsv
[0.167s] -- Up-to-date symlink: /home/koushik/colcon_ws/install/ur_moveit_config/share/ament_index/resource_index/packages/ur_moveit_config
[0.167s] -- Up-to-date symlink: /home/koushik/colcon_ws/install/ur_moveit_config/share/ur_moveit_config/cmake/ur_moveit_configConfig.cmake
[0.167s] -- Up-to-date symlink: /home/koushik/colcon_ws/install/ur_moveit_config/share/ur_moveit_config/cmake/ur_moveit_configConfig-version.cmake
[0.167s] -- Up-to-date symlink: /home/koushik/colcon_ws/install/ur_moveit_config/share/ur_moveit_config/package.xml
[0.173s] Invoked command in '/home/koushik/colcon_ws/build/ur_moveit_config' returned '0': CMAKE_PREFIX_PATH=/home/koushik/colcon_ws/install/ur_description:/home/koushik/colcon_ws/install/ur_simulation_gazebo:/home/koushik/colcon_ws/install/ur_moveit_config:/home/koushik/colcon_ws/install/realsense_gazebo_plugin:/home/koushik/colcon_ws/install/pymoveit2:/home/koushik/colcon_ws/install/linkattacher_msgs:/home/koushik/colcon_ws/install/eyantra_warehouse:/home/koushik/colcon_ws/install/ebot_nav2:/home/koushik/colcon_ws/install/ebot_description:/home/koushik/colcon_ws/install/ur5_control:/opt/ros/humble /usr/bin/cmake --install /home/koushik/colcon_ws/build/ur_moveit_config
