[0.005s] Invoking command in '/home/koushik/colcon_ws/build/ur_simulation_gazebo': CMAKE_PREFIX_PATH=/home/koushik/colcon_ws/install/ur_moveit_config:/home/koushik/colcon_ws/install/ur_description:/home/koushik/colcon_ws/install/ur_simulation_gazebo:/home/koushik/colcon_ws/install/realsense_gazebo_plugin:/home/koushik/colcon_ws/install/pymoveit2:/home/koushik/colcon_ws/install/linkattacher_msgs:/home/koushik/colcon_ws/install/eyantra_warehouse:/home/koushik/colcon_ws/install/ebot_nav2:/home/koushik/colcon_ws/install/ebot_description:/home/koushik/colcon_ws/install/ur5_control:/opt/ros/humble /usr/bin/cmake /home/koushik/colcon_ws/src/ur_simulation_gazebo -DAMENT_CMAKE_SYMLINK_INSTALL=1 -DCMAKE_INSTALL_PREFIX=/home/koushik/colcon_ws/install/ur_simulation_gazebo
[0.013s] -- Found ament_cmake: 1.3.10 (/opt/ros/humble/share/ament_cmake/cmake)
[0.083s] -- Override CMake install command with custom implementation using symlinks instead of copying resources
[0.087s] -- Found launch_testing_ament_cmake: 1.0.6 (/opt/ros/humble/share/launch_testing_ament_cmake/cmake)
[0.087s] -- Found python_cmake_module: 0.10.0 (/opt/ros/humble/share/python_cmake_module/cmake)
[0.100s] -- Using PYTHON_EXECUTABLE: /usr/bin/python3
[0.100s] -- Using PYTHON_INCLUDE_DIRS: /usr/include/python3.10
[0.100s] -- Using PYTHON_LIBRARIES: /usr/lib/x86_64-linux-gnu/libpython3.10.so
[0.101s] -- Found ament_cmake_pytest: 1.3.10 (/opt/ros/humble/share/ament_cmake_pytest/cmake)
[0.140s] -- Configuring done
[0.141s] -- Generating done
[0.141s] -- Build files have been written to: /home/koushik/colcon_ws/build/ur_simulation_gazebo
[0.144s] Invoked command in '/home/koushik/colcon_ws/build/ur_simulation_gazebo' returned '0': CMAKE_PREFIX_PATH=/home/koushik/colcon_ws/install/ur_moveit_config:/home/koushik/colcon_ws/install/ur_description:/home/koushik/colcon_ws/install/ur_simulation_gazebo:/home/koushik/colcon_ws/install/realsense_gazebo_plugin:/home/koushik/colcon_ws/install/pymoveit2:/home/koushik/colcon_ws/install/linkattacher_msgs:/home/koushik/colcon_ws/install/eyantra_warehouse:/home/koushik/colcon_ws/install/ebot_nav2:/home/koushik/colcon_ws/install/ebot_description:/home/koushik/colcon_ws/install/ur5_control:/opt/ros/humble /usr/bin/cmake /home/koushik/colcon_ws/src/ur_simulation_gazebo -DAMENT_CMAKE_SYMLINK_INSTALL=1 -DCMAKE_INSTALL_PREFIX=/home/koushik/colcon_ws/install/ur_simulation_gazebo
[0.145s] Invoking command in '/home/koushik/colcon_ws/build/ur_simulation_gazebo': CMAKE_PREFIX_PATH=/home/koushik/colcon_ws/install/ur_moveit_config:/home/koushik/colcon_ws/install/ur_description:/home/koushik/colcon_ws/install/ur_simulation_gazebo:/home/koushik/colcon_ws/install/realsense_gazebo_plugin:/home/koushik/colcon_ws/install/pymoveit2:/home/koushik/colcon_ws/install/linkattacher_msgs:/home/koushik/colcon_ws/install/eyantra_warehouse:/home/koushik/colcon_ws/install/ebot_nav2:/home/koushik/colcon_ws/install/ebot_description:/home/koushik/colcon_ws/install/ur5_control:/opt/ros/humble /usr/bin/cmake --build /home/koushik/colcon_ws/build/ur_simulation_gazebo -- -j16 -l16
[0.176s] Invoked command in '/home/koushik/colcon_ws/build/ur_simulation_gazebo' returned '0': CMAKE_PREFIX_PATH=/home/koushik/colcon_ws/install/ur_moveit_config:/home/koushik/colcon_ws/install/ur_description:/home/koushik/colcon_ws/install/ur_simulation_gazebo:/home/koushik/colcon_ws/install/realsense_gazebo_plugin:/home/koushik/colcon_ws/install/pymoveit2:/home/koushik/colcon_ws/install/linkattacher_msgs:/home/koushik/colcon_ws/install/eyantra_warehouse:/home/koushik/colcon_ws/install/ebot_nav2:/home/koushik/colcon_ws/install/ebot_description:/home/koushik/colcon_ws/install/ur5_control:/opt/ros/humble /usr/bin/cmake --build /home/koushik/colcon_ws/build/ur_simulation_gazebo -- -j16 -l16
[0.197s] Invoking command in '/home/koushik/colcon_ws/build/ur_simulation_gazebo': CMAKE_PREFIX_PATH=/home/koushik/colcon_ws/install/ur_moveit_config:/home/koushik/colcon_ws/install/ur_description:/home/koushik/colcon_ws/install/ur_simulation_gazebo:/home/koushik/colcon_ws/install/realsense_gazebo_plugin:/home/koushik/colcon_ws/install/pymoveit2:/home/koushik/colcon_ws/install/linkattacher_msgs:/home/koushik/colcon_ws/install/eyantra_warehouse:/home/koushik/colcon_ws/install/ebot_nav2:/home/koushik/colcon_ws/install/ebot_description:/home/koushik/colcon_ws/install/ur5_control:/opt/ros/humble /usr/bin/cmake --install /home/koushik/colcon_ws/build/ur_simulation_gazebo
[0.201s] -- Install configuration: ""
[0.201s] -- Execute custom install script
[0.201s] -- Symlinking: /home/koushik/colcon_ws/install/ur_simulation_gazebo/share/ur_simulation_gazebo/config/config_file_here.txt
[0.207s] -- Symlinking: /home/koushik/colcon_ws/install/ur_simulation_gazebo/share/ur_simulation_gazebo/launch/ur_sim_control.launch.py
[0.211s] -- Symlinking: /home/koushik/colcon_ws/install/ur_simulation_gazebo/share/ur_simulation_gazebo/launch/ur_sim_moveit.launch.py
[0.217s] -- Symlinking: /home/koushik/colcon_ws/install/ur_simulation_gazebo/share/ament_index/resource_index/package_run_dependencies/ur_simulation_gazebo
[0.221s] -- Symlinking: /home/koushik/colcon_ws/install/ur_simulation_gazebo/share/ament_index/resource_index/parent_prefix_path/ur_simulation_gazebo
[0.226s] -- Symlinking: /home/koushik/colcon_ws/install/ur_simulation_gazebo/share/ur_simulation_gazebo/environment/ament_prefix_path.sh
[0.231s] -- Symlinking: /home/koushik/colcon_ws/install/ur_simulation_gazebo/share/ur_simulation_gazebo/environment/ament_prefix_path.dsv
[0.236s] -- Symlinking: /home/koushik/colcon_ws/install/ur_simulation_gazebo/share/ur_simulation_gazebo/environment/path.sh
[0.241s] -- Symlinking: /home/koushik/colcon_ws/install/ur_simulation_gazebo/share/ur_simulation_gazebo/environment/path.dsv
[0.245s] -- Symlinking: /home/koushik/colcon_ws/install/ur_simulation_gazebo/share/ur_simulation_gazebo/local_setup.bash
[0.250s] -- Symlinking: /home/koushik/colcon_ws/install/ur_simulation_gazebo/share/ur_simulation_gazebo/local_setup.sh
[0.255s] -- Symlinking: /home/koushik/colcon_ws/install/ur_simulation_gazebo/share/ur_simulation_gazebo/local_setup.zsh
[0.259s] -- Symlinking: /home/koushik/colcon_ws/install/ur_simulation_gazebo/share/ur_simulation_gazebo/local_setup.dsv
[0.264s] -- Symlinking: /home/koushik/colcon_ws/install/ur_simulation_gazebo/share/ur_simulation_gazebo/package.dsv
[0.268s] -- Symlinking: /home/koushik/colcon_ws/install/ur_simulation_gazebo/share/ament_index/resource_index/packages/ur_simulation_gazebo
[0.273s] -- Symlinking: /home/koushik/colcon_ws/install/ur_simulation_gazebo/share/ur_simulation_gazebo/cmake/ur_simulation_gazeboConfig.cmake
[0.277s] -- Symlinking: /home/koushik/colcon_ws/install/ur_simulation_gazebo/share/ur_simulation_gazebo/cmake/ur_simulation_gazeboConfig-version.cmake
[0.282s] -- Symlinking: /home/koushik/colcon_ws/install/ur_simulation_gazebo/share/ur_simulation_gazebo/package.xml
[0.288s] Invoked command in '/home/koushik/colcon_ws/build/ur_simulation_gazebo' returned '0': CMAKE_PREFIX_PATH=/home/koushik/colcon_ws/install/ur_moveit_config:/home/koushik/colcon_ws/install/ur_description:/home/koushik/colcon_ws/install/ur_simulation_gazebo:/home/koushik/colcon_ws/install/realsense_gazebo_plugin:/home/koushik/colcon_ws/install/pymoveit2:/home/koushik/colcon_ws/install/linkattacher_msgs:/home/koushik/colcon_ws/install/eyantra_warehouse:/home/koushik/colcon_ws/install/ebot_nav2:/home/koushik/colcon_ws/install/ebot_description:/home/koushik/colcon_ws/install/ur5_control:/opt/ros/humble /usr/bin/cmake --install /home/koushik/colcon_ws/build/ur_simulation_gazebo
