[0.024s] Invoking command in '/home/koushik/colcon_ws/build/eyantra_warehouse': CMAKE_PREFIX_PATH=${CMAKE_PREFIX_PATH}:/home/koushik/colcon_ws/install/ur5_control:/opt/ros/humble /usr/bin/cmake /home/koushik/colcon_ws/src/eyantra_warehouse -DAMENT_CMAKE_SYMLINK_INSTALL=1 -DCMAKE_INSTALL_PREFIX=/home/koushik/colcon_ws/install/eyantra_warehouse
[0.035s] -- Found ament_cmake: 1.3.10 (/opt/ros/humble/share/ament_cmake/cmake)
[0.148s] -- Override CMake install command with custom implementation using symlinks instead of copying resources
[0.156s] -- Found ament_lint_auto: 0.12.11 (/opt/ros/humble/share/ament_lint_auto/cmake)
[0.217s] -- Added test 'copyright' to check source files copyright and LICENSE
[0.263s] -- Added test 'flake8' to check Python code syntax and style conventions
[0.266s] -- Added test 'lint_cmake' to check CMake code style
[0.267s] -- Added test 'pep257' to check Python code against some of the docstring style conventions in PEP 257
[0.280s] -- Added test 'xmllint' to check XML markup files
[0.280s] -- Configuring done
[0.282s] -- Generating done
[0.282s] -- Build files have been written to: /home/koushik/colcon_ws/build/eyantra_warehouse
[0.285s] Invoked command in '/home/koushik/colcon_ws/build/eyantra_warehouse' returned '0': CMAKE_PREFIX_PATH=${CMAKE_PREFIX_PATH}:/home/koushik/colcon_ws/install/ur5_control:/opt/ros/humble /usr/bin/cmake /home/koushik/colcon_ws/src/eyantra_warehouse -DAMENT_CMAKE_SYMLINK_INSTALL=1 -DCMAKE_INSTALL_PREFIX=/home/koushik/colcon_ws/install/eyantra_warehouse
[0.287s] Invoking command in '/home/koushik/colcon_ws/build/eyantra_warehouse': CMAKE_PREFIX_PATH=${CMAKE_PREFIX_PATH}:/home/koushik/colcon_ws/install/ur5_control:/opt/ros/humble /usr/bin/cmake --build /home/koushik/colcon_ws/build/eyantra_warehouse -- -j16 -l16
[0.326s] Invoked command in '/home/koushik/colcon_ws/build/eyantra_warehouse' returned '0': CMAKE_PREFIX_PATH=${CMAKE_PREFIX_PATH}:/home/koushik/colcon_ws/install/ur5_control:/opt/ros/humble /usr/bin/cmake --build /home/koushik/colcon_ws/build/eyantra_warehouse -- -j16 -l16
[0.360s] Invoking command in '/home/koushik/colcon_ws/build/eyantra_warehouse': CMAKE_PREFIX_PATH=${CMAKE_PREFIX_PATH}:/home/koushik/colcon_ws/install/ur5_control:/opt/ros/humble /usr/bin/cmake --install /home/koushik/colcon_ws/build/eyantra_warehouse
[0.366s] -- Install configuration: ""
[0.366s] -- Execute custom install script
[0.366s] -- Symlinking: /home/koushik/colcon_ws/install/eyantra_warehouse/share/eyantra_warehouse//launch/task0.launch.py
[0.376s] -- Symlinking: /home/koushik/colcon_ws/install/eyantra_warehouse/share/eyantra_warehouse//launch/task1b.launch.py
[0.385s] -- Symlinking: /home/koushik/colcon_ws/install/eyantra_warehouse/share/eyantra_warehouse//launch/task1c.launch.py
[0.394s] -- Symlinking: /home/koushik/colcon_ws/install/eyantra_warehouse/share/eyantra_warehouse//worlds/eyantra_warehouse_task0.world
[0.411s] -- Symlinking: /home/koushik/colcon_ws/install/eyantra_warehouse/share/eyantra_warehouse//worlds/eyantra_warehouse_task1b.world
[0.422s] -- Symlinking: /home/koushik/colcon_ws/install/eyantra_warehouse/share/eyantra_warehouse//worlds/eyantra_warehouse_task1c.world
[0.436s] -- Symlinking: /home/koushik/colcon_ws/install/eyantra_warehouse/share/eyantra_warehouse//models/LB_city/meshes/LAWN.jpg
[0.447s] -- Symlinking: /home/koushik/colcon_ws/install/eyantra_warehouse/share/eyantra_warehouse//models/LB_city/meshes/LB_city.dae
[0.459s] -- Symlinking: /home/koushik/colcon_ws/install/eyantra_warehouse/share/eyantra_warehouse//models/LB_city/meshes/SolarPanelsPolycrystallineTypeBFramedClean001_COL_3K.jpg.004.jp.jpg
[0.467s] -- Symlinking: /home/koushik/colcon_ws/install/eyantra_warehouse/share/eyantra_warehouse//models/LB_city/meshes/dm1.jpg
[0.477s] -- Symlinking: /home/koushik/colcon_ws/install/eyantra_warehouse/share/eyantra_warehouse//models/LB_city/meshes/f1q.jpg
[0.486s] -- Symlinking: /home/koushik/colcon_ws/install/eyantra_warehouse/share/eyantra_warehouse//models/LB_city/meshes/f1q.jpg.001.jpg
[0.494s] -- Symlinking: /home/koushik/colcon_ws/install/eyantra_warehouse/share/eyantra_warehouse//models/LB_city/meshes/grass.png
[0.504s] -- Symlinking: /home/koushik/colcon_ws/install/eyantra_warehouse/share/eyantra_warehouse//models/LB_city/meshes/ocean_texture.jpeg
[0.513s] -- Symlinking: /home/koushik/colcon_ws/install/eyantra_warehouse/share/eyantra_warehouse//models/LB_city/meshes/pb2.jpg
[0.525s] -- Symlinking: /home/koushik/colcon_ws/install/eyantra_warehouse/share/eyantra_warehouse//models/LB_city/meshes/pv2c.jpg
[0.536s] -- Symlinking: /home/koushik/colcon_ws/install/eyantra_warehouse/share/eyantra_warehouse//models/LB_city/model.config
[0.544s] -- Symlinking: /home/koushik/colcon_ws/install/eyantra_warehouse/share/eyantra_warehouse//models/LB_city/model.sdf
[0.554s] -- Symlinking: /home/koushik/colcon_ws/install/eyantra_warehouse/share/eyantra_warehouse//models/arm_base/meshes/arm_base.dae
[0.560s] -- Symlinking: /home/koushik/colcon_ws/install/eyantra_warehouse/share/eyantra_warehouse//models/arm_base/model.config
[0.569s] -- Symlinking: /home/koushik/colcon_ws/install/eyantra_warehouse/share/eyantra_warehouse//models/arm_base/model.sdf
[0.577s] -- Symlinking: /home/koushik/colcon_ws/install/eyantra_warehouse/share/eyantra_warehouse//models/aws_robomaker_warehouse_ClutteringC_01/materials/textures/aws_robomaker_warehouse_ClutteringC_01.png
[0.587s] -- Symlinking: /home/koushik/colcon_ws/install/eyantra_warehouse/share/eyantra_warehouse//models/aws_robomaker_warehouse_ClutteringC_01/materials/textures/aws_robomaker_warehouse_ClutteringC_02.png
[0.596s] -- Symlinking: /home/koushik/colcon_ws/install/eyantra_warehouse/share/eyantra_warehouse//models/aws_robomaker_warehouse_ClutteringC_01/meshes/aws_robomaker_warehouse_ClutteringC_01_collision.DAE
[0.604s] -- Symlinking: /home/koushik/colcon_ws/install/eyantra_warehouse/share/eyantra_warehouse//models/aws_robomaker_warehouse_ClutteringC_01/meshes/aws_robomaker_warehouse_ClutteringC_01_visual.DAE
[0.614s] -- Symlinking: /home/koushik/colcon_ws/install/eyantra_warehouse/share/eyantra_warehouse//models/aws_robomaker_warehouse_ClutteringC_01/model.config
[0.622s] -- Symlinking: /home/koushik/colcon_ws/install/eyantra_warehouse/share/eyantra_warehouse//models/aws_robomaker_warehouse_ClutteringC_01/model.sdf
[0.632s] -- Symlinking: /home/koushik/colcon_ws/install/eyantra_warehouse/share/eyantra_warehouse//models/aws_robomaker_warehouse_ClutteringD_01/materials/textures/aws_robomaker_warehouse_ClutteringD_01.png
[0.640s] -- Symlinking: /home/koushik/colcon_ws/install/eyantra_warehouse/share/eyantra_warehouse//models/aws_robomaker_warehouse_ClutteringD_01/materials/textures/aws_robomaker_warehouse_ClutteringD_02.png
[0.648s] -- Symlinking: /home/koushik/colcon_ws/install/eyantra_warehouse/share/eyantra_warehouse//models/aws_robomaker_warehouse_ClutteringD_01/meshes/aws_robomaker_warehouse_ClutteringD_01_collision.DAE
[0.654s] -- Symlinking: /home/koushik/colcon_ws/install/eyantra_warehouse/share/eyantra_warehouse//models/aws_robomaker_warehouse_ClutteringD_01/meshes/aws_robomaker_warehouse_ClutteringD_01_visual.DAE
[0.663s] -- Symlinking: /home/koushik/colcon_ws/install/eyantra_warehouse/share/eyantra_warehouse//models/aws_robomaker_warehouse_ClutteringD_01/model.config
[0.669s] -- Symlinking: /home/koushik/colcon_ws/install/eyantra_warehouse/share/eyantra_warehouse//models/aws_robomaker_warehouse_ClutteringD_01/model.sdf
[0.677s] -- Symlinking: /home/koushik/colcon_ws/install/eyantra_warehouse/share/eyantra_warehouse//models/aws_robomaker_warehouse_DeskC_01/materials/.DS_Store
[0.684s] -- Symlinking: /home/koushik/colcon_ws/install/eyantra_warehouse/share/eyantra_warehouse//models/aws_robomaker_warehouse_DeskC_01/materials/textures/aws_robomaker_warehouse_DeskC_01.png
[0.692s] -- Symlinking: /home/koushik/colcon_ws/install/eyantra_warehouse/share/eyantra_warehouse//models/aws_robomaker_warehouse_DeskC_01/materials/textures/aws_robomaker_warehouse_DeskC_02.png
[0.700s] -- Symlinking: /home/koushik/colcon_ws/install/eyantra_warehouse/share/eyantra_warehouse//models/aws_robomaker_warehouse_DeskC_01/materials/textures/aws_robomaker_warehouse_DeskC_03.png
[0.708s] -- Symlinking: /home/koushik/colcon_ws/install/eyantra_warehouse/share/eyantra_warehouse//models/aws_robomaker_warehouse_DeskC_01/materials/textures/aws_robomaker_warehouse_DeskC_03.psd
[0.716s] -- Symlinking: /home/koushik/colcon_ws/install/eyantra_warehouse/share/eyantra_warehouse//models/aws_robomaker_warehouse_DeskC_01/materials/textures/aws_robomaker_warehouse_DeskC_04.png
[0.726s] -- Symlinking: /home/koushik/colcon_ws/install/eyantra_warehouse/share/eyantra_warehouse//models/aws_robomaker_warehouse_DeskC_01/meshes/aws_robomaker_warehouse_DeskC_01_collision.DAE
[0.735s] -- Symlinking: /home/koushik/colcon_ws/install/eyantra_warehouse/share/eyantra_warehouse//models/aws_robomaker_warehouse_DeskC_01/meshes/aws_robomaker_warehouse_DeskC_01_visual.DAE
[0.744s] -- Symlinking: /home/koushik/colcon_ws/install/eyantra_warehouse/share/eyantra_warehouse//models/aws_robomaker_warehouse_DeskC_01/model.config
[0.751s] -- Symlinking: /home/koushik/colcon_ws/install/eyantra_warehouse/share/eyantra_warehouse//models/aws_robomaker_warehouse_DeskC_01/model.sdf
[0.761s] -- Symlinking: /home/koushik/colcon_ws/install/eyantra_warehouse/share/eyantra_warehouse//models/aws_robomaker_warehouse_PalletJackB_01/.DS_Store
[0.768s] -- Symlinking: /home/koushik/colcon_ws/install/eyantra_warehouse/share/eyantra_warehouse//models/aws_robomaker_warehouse_PalletJackB_01/materials/.DS_Store
[0.777s] -- Symlinking: /home/koushik/colcon_ws/install/eyantra_warehouse/share/eyantra_warehouse//models/aws_robomaker_warehouse_PalletJackB_01/materials/textures/aws_robomaker_warehouse_PalletJackB_01.png
[0.783s] -- Symlinking: /home/koushik/colcon_ws/install/eyantra_warehouse/share/eyantra_warehouse//models/aws_robomaker_warehouse_PalletJackB_01/materials/textures/aws_robomaker_warehouse_PalletJackB_02.png
[0.791s] -- Symlinking: /home/koushik/colcon_ws/install/eyantra_warehouse/share/eyantra_warehouse//models/aws_robomaker_warehouse_PalletJackB_01/meshes/aws_robomaker_warehouse_PalletJackB_01_collision.DAE
[0.798s] -- Symlinking: /home/koushik/colcon_ws/install/eyantra_warehouse/share/eyantra_warehouse//models/aws_robomaker_warehouse_PalletJackB_01/meshes/aws_robomaker_warehouse_PalletJackB_01_visual.DAE
[0.807s] -- Symlinking: /home/koushik/colcon_ws/install/eyantra_warehouse/share/eyantra_warehouse//models/aws_robomaker_warehouse_PalletJackB_01/model.config
[0.814s] -- Symlinking: /home/koushik/colcon_ws/install/eyantra_warehouse/share/eyantra_warehouse//models/aws_robomaker_warehouse_PalletJackB_01/model.sdf
[0.823s] -- Symlinking: /home/koushik/colcon_ws/install/eyantra_warehouse/share/eyantra_warehouse//models/box/meshes/aruco_tag.jpg
[0.831s] -- Symlinking: /home/koushik/colcon_ws/install/eyantra_warehouse/share/eyantra_warehouse//models/box/meshes/box.dae
[0.839s] -- Symlinking: /home/koushik/colcon_ws/install/eyantra_warehouse/share/eyantra_warehouse//models/box/meshes/box__bg.png
[0.846s] -- Symlinking: /home/koushik/colcon_ws/install/eyantra_warehouse/share/eyantra_warehouse//models/box/meshes/cardboard_bg.png
[0.853s] -- Symlinking: /home/koushik/colcon_ws/install/eyantra_warehouse/share/eyantra_warehouse//models/box/meshes/centroid_old_box.zip
[0.861s] -- Symlinking: /home/koushik/colcon_ws/install/eyantra_warehouse/share/eyantra_warehouse//models/box/model.config
[0.867s] -- Symlinking: /home/koushik/colcon_ws/install/eyantra_warehouse/share/eyantra_warehouse//models/box/model.sdf
[0.875s] -- Symlinking: /home/koushik/colcon_ws/install/eyantra_warehouse/share/eyantra_warehouse//models/boxes/box.stl
[0.882s] -- Symlinking: /home/koushik/colcon_ws/install/eyantra_warehouse/share/eyantra_warehouse//models/boxes/box_1/meshes/aruco_tag.jpg
[0.889s] -- Symlinking: /home/koushik/colcon_ws/install/eyantra_warehouse/share/eyantra_warehouse//models/boxes/box_1/meshes/box.dae
[0.896s] -- Symlinking: /home/koushik/colcon_ws/install/eyantra_warehouse/share/eyantra_warehouse//models/boxes/box_1/meshes/box__bg.png
[0.903s] -- Symlinking: /home/koushik/colcon_ws/install/eyantra_warehouse/share/eyantra_warehouse//models/boxes/box_1/meshes/cardboard_bg.png
[0.910s] -- Symlinking: /home/koushik/colcon_ws/install/eyantra_warehouse/share/eyantra_warehouse//models/boxes/box_1/model.config
[0.919s] -- Symlinking: /home/koushik/colcon_ws/install/eyantra_warehouse/share/eyantra_warehouse//models/boxes/box_1/model.sdf
[0.927s] -- Symlinking: /home/koushik/colcon_ws/install/eyantra_warehouse/share/eyantra_warehouse//models/boxes/box_10/meshes/aruco_tag.jpg
[0.935s] -- Symlinking: /home/koushik/colcon_ws/install/eyantra_warehouse/share/eyantra_warehouse//models/boxes/box_10/meshes/box.dae
[0.942s] -- Symlinking: /home/koushik/colcon_ws/install/eyantra_warehouse/share/eyantra_warehouse//models/boxes/box_10/meshes/box__bg.png
[0.949s] -- Symlinking: /home/koushik/colcon_ws/install/eyantra_warehouse/share/eyantra_warehouse//models/boxes/box_10/meshes/cardboard_bg.png
[0.956s] -- Symlinking: /home/koushik/colcon_ws/install/eyantra_warehouse/share/eyantra_warehouse//models/boxes/box_10/model.config
[0.964s] -- Symlinking: /home/koushik/colcon_ws/install/eyantra_warehouse/share/eyantra_warehouse//models/boxes/box_10/model.sdf
[0.971s] -- Symlinking: /home/koushik/colcon_ws/install/eyantra_warehouse/share/eyantra_warehouse//models/boxes/box_11/meshes/aruco_tag.jpg
[0.977s] -- Symlinking: /home/koushik/colcon_ws/install/eyantra_warehouse/share/eyantra_warehouse//models/boxes/box_11/meshes/box.dae
[0.984s] -- Symlinking: /home/koushik/colcon_ws/install/eyantra_warehouse/share/eyantra_warehouse//models/boxes/box_11/meshes/box__bg.png
[0.991s] -- Symlinking: /home/koushik/colcon_ws/install/eyantra_warehouse/share/eyantra_warehouse//models/boxes/box_11/meshes/cardboard_bg.png
[0.998s] -- Symlinking: /home/koushik/colcon_ws/install/eyantra_warehouse/share/eyantra_warehouse//models/boxes/box_11/model.config
[1.005s] -- Symlinking: /home/koushik/colcon_ws/install/eyantra_warehouse/share/eyantra_warehouse//models/boxes/box_11/model.sdf
[1.012s] -- Symlinking: /home/koushik/colcon_ws/install/eyantra_warehouse/share/eyantra_warehouse//models/boxes/box_12/meshes/aruco_tag.jpg
[1.020s] -- Symlinking: /home/koushik/colcon_ws/install/eyantra_warehouse/share/eyantra_warehouse//models/boxes/box_12/meshes/box.dae
[1.028s] -- Symlinking: /home/koushik/colcon_ws/install/eyantra_warehouse/share/eyantra_warehouse//models/boxes/box_12/meshes/box__bg.png
[1.036s] -- Symlinking: /home/koushik/colcon_ws/install/eyantra_warehouse/share/eyantra_warehouse//models/boxes/box_12/meshes/cardboard_bg.png
[1.043s] -- Symlinking: /home/koushik/colcon_ws/install/eyantra_warehouse/share/eyantra_warehouse//models/boxes/box_12/model.config
[1.049s] -- Symlinking: /home/koushik/colcon_ws/install/eyantra_warehouse/share/eyantra_warehouse//models/boxes/box_12/model.sdf
[1.056s] -- Symlinking: /home/koushik/colcon_ws/install/eyantra_warehouse/share/eyantra_warehouse//models/boxes/box_13/meshes/aruco_tag.jpg
[1.064s] -- Symlinking: /home/koushik/colcon_ws/install/eyantra_warehouse/share/eyantra_warehouse//models/boxes/box_13/meshes/box.dae
[1.070s] -- Symlinking: /home/koushik/colcon_ws/install/eyantra_warehouse/share/eyantra_warehouse//models/boxes/box_13/meshes/box__bg.png
[1.077s] -- Symlinking: /home/koushik/colcon_ws/install/eyantra_warehouse/share/eyantra_warehouse//models/boxes/box_13/meshes/cardboard_bg.png
[1.083s] -- Symlinking: /home/koushik/colcon_ws/install/eyantra_warehouse/share/eyantra_warehouse//models/boxes/box_13/model.config
[1.090s] -- Symlinking: /home/koushik/colcon_ws/install/eyantra_warehouse/share/eyantra_warehouse//models/boxes/box_13/model.sdf
[1.097s] -- Symlinking: /home/koushik/colcon_ws/install/eyantra_warehouse/share/eyantra_warehouse//models/boxes/box_14/meshes/aruco_tag.jpg
[1.103s] -- Symlinking: /home/koushik/colcon_ws/install/eyantra_warehouse/share/eyantra_warehouse//models/boxes/box_14/meshes/box.dae
[1.111s] -- Symlinking: /home/koushik/colcon_ws/install/eyantra_warehouse/share/eyantra_warehouse//models/boxes/box_14/meshes/box__bg.png
[1.117s] -- Symlinking: /home/koushik/colcon_ws/install/eyantra_warehouse/share/eyantra_warehouse//models/boxes/box_14/meshes/cardboard_bg.png
[1.127s] -- Symlinking: /home/koushik/colcon_ws/install/eyantra_warehouse/share/eyantra_warehouse//models/boxes/box_14/model.config
[1.134s] -- Symlinking: /home/koushik/colcon_ws/install/eyantra_warehouse/share/eyantra_warehouse//models/boxes/box_14/model.sdf
[1.141s] -- Symlinking: /home/koushik/colcon_ws/install/eyantra_warehouse/share/eyantra_warehouse//models/boxes/box_15/meshes/aruco_tag.jpg
[1.148s] -- Symlinking: /home/koushik/colcon_ws/install/eyantra_warehouse/share/eyantra_warehouse//models/boxes/box_15/meshes/box.dae
[1.155s] -- Symlinking: /home/koushik/colcon_ws/install/eyantra_warehouse/share/eyantra_warehouse//models/boxes/box_15/meshes/box__bg.png
[1.162s] -- Symlinking: /home/koushik/colcon_ws/install/eyantra_warehouse/share/eyantra_warehouse//models/boxes/box_15/meshes/cardboard_bg.png
[1.168s] -- Symlinking: /home/koushik/colcon_ws/install/eyantra_warehouse/share/eyantra_warehouse//models/boxes/box_15/model.config
[1.175s] -- Symlinking: /home/koushik/colcon_ws/install/eyantra_warehouse/share/eyantra_warehouse//models/boxes/box_15/model.sdf
[1.182s] -- Symlinking: /home/koushik/colcon_ws/install/eyantra_warehouse/share/eyantra_warehouse//models/boxes/box_16/meshes/aruco_tag.jpg
[1.188s] -- Symlinking: /home/koushik/colcon_ws/install/eyantra_warehouse/share/eyantra_warehouse//models/boxes/box_16/meshes/box.dae
[1.195s] -- Symlinking: /home/koushik/colcon_ws/install/eyantra_warehouse/share/eyantra_warehouse//models/boxes/box_16/meshes/box__bg.png
[1.202s] -- Symlinking: /home/koushik/colcon_ws/install/eyantra_warehouse/share/eyantra_warehouse//models/boxes/box_16/meshes/cardboard_bg.png
[1.209s] -- Symlinking: /home/koushik/colcon_ws/install/eyantra_warehouse/share/eyantra_warehouse//models/boxes/box_16/model.config
[1.216s] -- Symlinking: /home/koushik/colcon_ws/install/eyantra_warehouse/share/eyantra_warehouse//models/boxes/box_16/model.sdf
[1.224s] -- Symlinking: /home/koushik/colcon_ws/install/eyantra_warehouse/share/eyantra_warehouse//models/boxes/box_17/meshes/aruco_tag.jpg
[1.233s] -- Symlinking: /home/koushik/colcon_ws/install/eyantra_warehouse/share/eyantra_warehouse//models/boxes/box_17/meshes/box.dae
[1.240s] -- Symlinking: /home/koushik/colcon_ws/install/eyantra_warehouse/share/eyantra_warehouse//models/boxes/box_17/meshes/box__bg.png
[1.246s] -- Symlinking: /home/koushik/colcon_ws/install/eyantra_warehouse/share/eyantra_warehouse//models/boxes/box_17/meshes/cardboard_bg.png
[1.254s] -- Symlinking: /home/koushik/colcon_ws/install/eyantra_warehouse/share/eyantra_warehouse//models/boxes/box_17/model.config
[1.260s] -- Symlinking: /home/koushik/colcon_ws/install/eyantra_warehouse/share/eyantra_warehouse//models/boxes/box_17/model.sdf
[1.266s] -- Symlinking: /home/koushik/colcon_ws/install/eyantra_warehouse/share/eyantra_warehouse//models/boxes/box_18/meshes/aruco_tag.jpg
[1.273s] -- Symlinking: /home/koushik/colcon_ws/install/eyantra_warehouse/share/eyantra_warehouse//models/boxes/box_18/meshes/box.dae
[1.279s] -- Symlinking: /home/koushik/colcon_ws/install/eyantra_warehouse/share/eyantra_warehouse//models/boxes/box_18/meshes/box__bg.png
[1.287s] -- Symlinking: /home/koushik/colcon_ws/install/eyantra_warehouse/share/eyantra_warehouse//models/boxes/box_18/meshes/cardboard_bg.png
[1.293s] -- Symlinking: /home/koushik/colcon_ws/install/eyantra_warehouse/share/eyantra_warehouse//models/boxes/box_18/model.config
[1.300s] -- Symlinking: /home/koushik/colcon_ws/install/eyantra_warehouse/share/eyantra_warehouse//models/boxes/box_18/model.sdf
[1.306s] -- Symlinking: /home/koushik/colcon_ws/install/eyantra_warehouse/share/eyantra_warehouse//models/boxes/box_19/meshes/aruco_tag.jpg
[1.313s] -- Symlinking: /home/koushik/colcon_ws/install/eyantra_warehouse/share/eyantra_warehouse//models/boxes/box_19/meshes/box.dae
[1.321s] -- Symlinking: /home/koushik/colcon_ws/install/eyantra_warehouse/share/eyantra_warehouse//models/boxes/box_19/meshes/box__bg.png
[1.328s] -- Symlinking: /home/koushik/colcon_ws/install/eyantra_warehouse/share/eyantra_warehouse//models/boxes/box_19/meshes/cardboard_bg.png
[1.336s] -- Symlinking: /home/koushik/colcon_ws/install/eyantra_warehouse/share/eyantra_warehouse//models/boxes/box_19/model.config
[1.343s] -- Symlinking: /home/koushik/colcon_ws/install/eyantra_warehouse/share/eyantra_warehouse//models/boxes/box_19/model.sdf
[1.351s] -- Symlinking: /home/koushik/colcon_ws/install/eyantra_warehouse/share/eyantra_warehouse//models/boxes/box_2/meshes/aruco_tag.jpg
[1.357s] -- Symlinking: /home/koushik/colcon_ws/install/eyantra_warehouse/share/eyantra_warehouse//models/boxes/box_2/meshes/box.dae
[1.364s] -- Symlinking: /home/koushik/colcon_ws/install/eyantra_warehouse/share/eyantra_warehouse//models/boxes/box_2/meshes/box__bg.png
[1.371s] -- Symlinking: /home/koushik/colcon_ws/install/eyantra_warehouse/share/eyantra_warehouse//models/boxes/box_2/meshes/cardboard_bg.png
[1.377s] -- Symlinking: /home/koushik/colcon_ws/install/eyantra_warehouse/share/eyantra_warehouse//models/boxes/box_2/model.config
[1.384s] -- Symlinking: /home/koushik/colcon_ws/install/eyantra_warehouse/share/eyantra_warehouse//models/boxes/box_2/model.sdf
[1.390s] -- Symlinking: /home/koushik/colcon_ws/install/eyantra_warehouse/share/eyantra_warehouse//models/boxes/box_20/meshes/aruco_tag.jpg
[1.397s] -- Symlinking: /home/koushik/colcon_ws/install/eyantra_warehouse/share/eyantra_warehouse//models/boxes/box_20/meshes/box.dae
[1.403s] -- Symlinking: /home/koushik/colcon_ws/install/eyantra_warehouse/share/eyantra_warehouse//models/boxes/box_20/meshes/box__bg.png
[1.410s] -- Symlinking: /home/koushik/colcon_ws/install/eyantra_warehouse/share/eyantra_warehouse//models/boxes/box_20/meshes/cardboard_bg.png
[1.418s] -- Symlinking: /home/koushik/colcon_ws/install/eyantra_warehouse/share/eyantra_warehouse//models/boxes/box_20/model.config
[1.425s] -- Symlinking: /home/koushik/colcon_ws/install/eyantra_warehouse/share/eyantra_warehouse//models/boxes/box_20/model.sdf
[1.433s] -- Symlinking: /home/koushik/colcon_ws/install/eyantra_warehouse/share/eyantra_warehouse//models/boxes/box_21/meshes/aruco_tag.jpg
[1.440s] -- Symlinking: /home/koushik/colcon_ws/install/eyantra_warehouse/share/eyantra_warehouse//models/boxes/box_21/meshes/box.dae
[1.447s] -- Symlinking: /home/koushik/colcon_ws/install/eyantra_warehouse/share/eyantra_warehouse//models/boxes/box_21/meshes/box__bg.png
[1.453s] -- Symlinking: /home/koushik/colcon_ws/install/eyantra_warehouse/share/eyantra_warehouse//models/boxes/box_21/meshes/cardboard_bg.png
[1.461s] -- Symlinking: /home/koushik/colcon_ws/install/eyantra_warehouse/share/eyantra_warehouse//models/boxes/box_21/model.config
[1.467s] -- Symlinking: /home/koushik/colcon_ws/install/eyantra_warehouse/share/eyantra_warehouse//models/boxes/box_21/model.sdf
[1.473s] -- Symlinking: /home/koushik/colcon_ws/install/eyantra_warehouse/share/eyantra_warehouse//models/boxes/box_22/meshes/aruco_tag.jpg
[1.480s] -- Symlinking: /home/koushik/colcon_ws/install/eyantra_warehouse/share/eyantra_warehouse//models/boxes/box_22/meshes/box.dae
[1.487s] -- Symlinking: /home/koushik/colcon_ws/install/eyantra_warehouse/share/eyantra_warehouse//models/boxes/box_22/meshes/box__bg.png
[1.494s] -- Symlinking: /home/koushik/colcon_ws/install/eyantra_warehouse/share/eyantra_warehouse//models/boxes/box_22/meshes/cardboard_bg.png
[1.501s] -- Symlinking: /home/koushik/colcon_ws/install/eyantra_warehouse/share/eyantra_warehouse//models/boxes/box_22/model.config
[1.508s] -- Symlinking: /home/koushik/colcon_ws/install/eyantra_warehouse/share/eyantra_warehouse//models/boxes/box_22/model.sdf
[1.515s] -- Symlinking: /home/koushik/colcon_ws/install/eyantra_warehouse/share/eyantra_warehouse//models/boxes/box_23/meshes/aruco_tag.jpg
[1.522s] -- Symlinking: /home/koushik/colcon_ws/install/eyantra_warehouse/share/eyantra_warehouse//models/boxes/box_23/meshes/box.dae
[1.531s] -- Symlinking: /home/koushik/colcon_ws/install/eyantra_warehouse/share/eyantra_warehouse//models/boxes/box_23/meshes/box__bg.png
[1.539s] -- Symlinking: /home/koushik/colcon_ws/install/eyantra_warehouse/share/eyantra_warehouse//models/boxes/box_23/meshes/cardboard_bg.png
[1.546s] -- Symlinking: /home/koushik/colcon_ws/install/eyantra_warehouse/share/eyantra_warehouse//models/boxes/box_23/model.config
[1.551s] -- Symlinking: /home/koushik/colcon_ws/install/eyantra_warehouse/share/eyantra_warehouse//models/boxes/box_23/model.sdf
[1.559s] -- Symlinking: /home/koushik/colcon_ws/install/eyantra_warehouse/share/eyantra_warehouse//models/boxes/box_24/meshes/aruco_tag.jpg
[1.565s] -- Symlinking: /home/koushik/colcon_ws/install/eyantra_warehouse/share/eyantra_warehouse//models/boxes/box_24/meshes/box.dae
[1.572s] -- Symlinking: /home/koushik/colcon_ws/install/eyantra_warehouse/share/eyantra_warehouse//models/boxes/box_24/meshes/box__bg.png
[1.579s] -- Symlinking: /home/koushik/colcon_ws/install/eyantra_warehouse/share/eyantra_warehouse//models/boxes/box_24/meshes/cardboard_bg.png
[1.585s] -- Symlinking: /home/koushik/colcon_ws/install/eyantra_warehouse/share/eyantra_warehouse//models/boxes/box_24/model.config
[1.592s] -- Symlinking: /home/koushik/colcon_ws/install/eyantra_warehouse/share/eyantra_warehouse//models/boxes/box_24/model.sdf
[1.599s] -- Symlinking: /home/koushik/colcon_ws/install/eyantra_warehouse/share/eyantra_warehouse//models/boxes/box_25/meshes/aruco_tag.jpg
[1.606s] -- Symlinking: /home/koushik/colcon_ws/install/eyantra_warehouse/share/eyantra_warehouse//models/boxes/box_25/meshes/box.dae
[1.613s] -- Symlinking: /home/koushik/colcon_ws/install/eyantra_warehouse/share/eyantra_warehouse//models/boxes/box_25/meshes/box__bg.png
[1.620s] -- Symlinking: /home/koushik/colcon_ws/install/eyantra_warehouse/share/eyantra_warehouse//models/boxes/box_25/meshes/cardboard_bg.png
[1.630s] -- Symlinking: /home/koushik/colcon_ws/install/eyantra_warehouse/share/eyantra_warehouse//models/boxes/box_25/model.config
[1.638s] -- Symlinking: /home/koushik/colcon_ws/install/eyantra_warehouse/share/eyantra_warehouse//models/boxes/box_25/model.sdf
[1.644s] -- Symlinking: /home/koushik/colcon_ws/install/eyantra_warehouse/share/eyantra_warehouse//models/boxes/box_26/meshes/aruco_tag.jpg
[1.651s] -- Symlinking: /home/koushik/colcon_ws/install/eyantra_warehouse/share/eyantra_warehouse//models/boxes/box_26/meshes/box.dae
[1.658s] -- Symlinking: /home/koushik/colcon_ws/install/eyantra_warehouse/share/eyantra_warehouse//models/boxes/box_26/meshes/box__bg.png
[1.665s] -- Symlinking: /home/koushik/colcon_ws/install/eyantra_warehouse/share/eyantra_warehouse//models/boxes/box_26/meshes/cardboard_bg.png
[1.672s] -- Symlinking: /home/koushik/colcon_ws/install/eyantra_warehouse/share/eyantra_warehouse//models/boxes/box_26/model.config
[1.678s] -- Symlinking: /home/koushik/colcon_ws/install/eyantra_warehouse/share/eyantra_warehouse//models/boxes/box_26/model.sdf
[1.685s] -- Symlinking: /home/koushik/colcon_ws/install/eyantra_warehouse/share/eyantra_warehouse//models/boxes/box_27/meshes/aruco_tag.jpg
[1.691s] -- Symlinking: /home/koushik/colcon_ws/install/eyantra_warehouse/share/eyantra_warehouse//models/boxes/box_27/meshes/box.dae
[1.697s] -- Symlinking: /home/koushik/colcon_ws/install/eyantra_warehouse/share/eyantra_warehouse//models/boxes/box_27/meshes/box__bg.png
[1.704s] -- Symlinking: /home/koushik/colcon_ws/install/eyantra_warehouse/share/eyantra_warehouse//models/boxes/box_27/meshes/cardboard_bg.png
[1.711s] -- Symlinking: /home/koushik/colcon_ws/install/eyantra_warehouse/share/eyantra_warehouse//models/boxes/box_27/model.config
[1.719s] -- Symlinking: /home/koushik/colcon_ws/install/eyantra_warehouse/share/eyantra_warehouse//models/boxes/box_27/model.sdf
[1.727s] -- Symlinking: /home/koushik/colcon_ws/install/eyantra_warehouse/share/eyantra_warehouse//models/boxes/box_28/meshes/aruco_tag.jpg
[1.734s] -- Symlinking: /home/koushik/colcon_ws/install/eyantra_warehouse/share/eyantra_warehouse//models/boxes/box_28/meshes/box.dae
[1.741s] -- Symlinking: /home/koushik/colcon_ws/install/eyantra_warehouse/share/eyantra_warehouse//models/boxes/box_28/meshes/box__bg.png
[1.749s] -- Symlinking: /home/koushik/colcon_ws/install/eyantra_warehouse/share/eyantra_warehouse//models/boxes/box_28/meshes/cardboard_bg.png
[1.756s] -- Symlinking: /home/koushik/colcon_ws/install/eyantra_warehouse/share/eyantra_warehouse//models/boxes/box_28/model.config
[1.762s] -- Symlinking: /home/koushik/colcon_ws/install/eyantra_warehouse/share/eyantra_warehouse//models/boxes/box_28/model.sdf
[1.770s] -- Symlinking: /home/koushik/colcon_ws/install/eyantra_warehouse/share/eyantra_warehouse//models/boxes/box_29/meshes/aruco_tag.jpg
[1.775s] -- Symlinking: /home/koushik/colcon_ws/install/eyantra_warehouse/share/eyantra_warehouse//models/boxes/box_29/meshes/box.dae
[1.783s] -- Symlinking: /home/koushik/colcon_ws/install/eyantra_warehouse/share/eyantra_warehouse//models/boxes/box_29/meshes/box__bg.png
[1.790s] -- Symlinking: /home/koushik/colcon_ws/install/eyantra_warehouse/share/eyantra_warehouse//models/boxes/box_29/meshes/cardboard_bg.png
[1.798s] -- Symlinking: /home/koushik/colcon_ws/install/eyantra_warehouse/share/eyantra_warehouse//models/boxes/box_29/model.config
[1.804s] -- Symlinking: /home/koushik/colcon_ws/install/eyantra_warehouse/share/eyantra_warehouse//models/boxes/box_29/model.sdf
[1.811s] -- Symlinking: /home/koushik/colcon_ws/install/eyantra_warehouse/share/eyantra_warehouse//models/boxes/box_3/meshes/aruco_tag.jpg
[1.818s] -- Symlinking: /home/koushik/colcon_ws/install/eyantra_warehouse/share/eyantra_warehouse//models/boxes/box_3/meshes/box.dae
[1.826s] -- Symlinking: /home/koushik/colcon_ws/install/eyantra_warehouse/share/eyantra_warehouse//models/boxes/box_3/meshes/box__bg.png
[1.835s] -- Symlinking: /home/koushik/colcon_ws/install/eyantra_warehouse/share/eyantra_warehouse//models/boxes/box_3/meshes/cardboard_bg.png
[1.842s] -- Symlinking: /home/koushik/colcon_ws/install/eyantra_warehouse/share/eyantra_warehouse//models/boxes/box_3/model.config
[1.848s] -- Symlinking: /home/koushik/colcon_ws/install/eyantra_warehouse/share/eyantra_warehouse//models/boxes/box_3/model.sdf
[1.854s] -- Symlinking: /home/koushik/colcon_ws/install/eyantra_warehouse/share/eyantra_warehouse//models/boxes/box_30/meshes/aruco_tag.jpg
[1.861s] -- Symlinking: /home/koushik/colcon_ws/install/eyantra_warehouse/share/eyantra_warehouse//models/boxes/box_30/meshes/box.dae
[1.869s] -- Symlinking: /home/koushik/colcon_ws/install/eyantra_warehouse/share/eyantra_warehouse//models/boxes/box_30/meshes/box__bg.png
[1.875s] -- Symlinking: /home/koushik/colcon_ws/install/eyantra_warehouse/share/eyantra_warehouse//models/boxes/box_30/meshes/cardboard_bg.png
[1.882s] -- Symlinking: /home/koushik/colcon_ws/install/eyantra_warehouse/share/eyantra_warehouse//models/boxes/box_30/model.config
[1.889s] -- Symlinking: /home/koushik/colcon_ws/install/eyantra_warehouse/share/eyantra_warehouse//models/boxes/box_30/model.sdf
[1.897s] -- Symlinking: /home/koushik/colcon_ws/install/eyantra_warehouse/share/eyantra_warehouse//models/boxes/box_31/meshes/aruco_tag.jpg
[1.903s] -- Symlinking: /home/koushik/colcon_ws/install/eyantra_warehouse/share/eyantra_warehouse//models/boxes/box_31/meshes/box.dae
[1.911s] -- Symlinking: /home/koushik/colcon_ws/install/eyantra_warehouse/share/eyantra_warehouse//models/boxes/box_31/meshes/box__bg.png
[1.917s] -- Symlinking: /home/koushik/colcon_ws/install/eyantra_warehouse/share/eyantra_warehouse//models/boxes/box_31/meshes/cardboard_bg.png
[1.927s] -- Symlinking: /home/koushik/colcon_ws/install/eyantra_warehouse/share/eyantra_warehouse//models/boxes/box_31/model.config
[1.934s] -- Symlinking: /home/koushik/colcon_ws/install/eyantra_warehouse/share/eyantra_warehouse//models/boxes/box_31/model.sdf
[1.942s] -- Symlinking: /home/koushik/colcon_ws/install/eyantra_warehouse/share/eyantra_warehouse//models/boxes/box_32/meshes/aruco_tag.jpg
[1.948s] -- Symlinking: /home/koushik/colcon_ws/install/eyantra_warehouse/share/eyantra_warehouse//models/boxes/box_32/meshes/box.dae
[1.954s] -- Symlinking: /home/koushik/colcon_ws/install/eyantra_warehouse/share/eyantra_warehouse//models/boxes/box_32/meshes/box__bg.png
[1.962s] -- Symlinking: /home/koushik/colcon_ws/install/eyantra_warehouse/share/eyantra_warehouse//models/boxes/box_32/meshes/cardboard_bg.png
[1.969s] -- Symlinking: /home/koushik/colcon_ws/install/eyantra_warehouse/share/eyantra_warehouse//models/boxes/box_32/model.config
[1.976s] -- Symlinking: /home/koushik/colcon_ws/install/eyantra_warehouse/share/eyantra_warehouse//models/boxes/box_32/model.sdf
[1.982s] -- Symlinking: /home/koushik/colcon_ws/install/eyantra_warehouse/share/eyantra_warehouse//models/boxes/box_33/meshes/aruco_tag.jpg
[1.989s] -- Symlinking: /home/koushik/colcon_ws/install/eyantra_warehouse/share/eyantra_warehouse//models/boxes/box_33/meshes/box.dae
[1.996s] -- Symlinking: /home/koushik/colcon_ws/install/eyantra_warehouse/share/eyantra_warehouse//models/boxes/box_33/meshes/box__bg.png
[2.002s] -- Symlinking: /home/koushik/colcon_ws/install/eyantra_warehouse/share/eyantra_warehouse//models/boxes/box_33/meshes/cardboard_bg.png
[2.009s] -- Symlinking: /home/koushik/colcon_ws/install/eyantra_warehouse/share/eyantra_warehouse//models/boxes/box_33/model.config
[2.016s] -- Symlinking: /home/koushik/colcon_ws/install/eyantra_warehouse/share/eyantra_warehouse//models/boxes/box_33/model.sdf
[2.025s] -- Symlinking: /home/koushik/colcon_ws/install/eyantra_warehouse/share/eyantra_warehouse//models/boxes/box_34/meshes/aruco_tag.jpg
[2.033s] -- Symlinking: /home/koushik/colcon_ws/install/eyantra_warehouse/share/eyantra_warehouse//models/boxes/box_34/meshes/box.dae
[2.040s] -- Symlinking: /home/koushik/colcon_ws/install/eyantra_warehouse/share/eyantra_warehouse//models/boxes/box_34/meshes/box__bg.png
[2.046s] -- Symlinking: /home/koushik/colcon_ws/install/eyantra_warehouse/share/eyantra_warehouse//models/boxes/box_34/meshes/cardboard_bg.png
[2.053s] -- Symlinking: /home/koushik/colcon_ws/install/eyantra_warehouse/share/eyantra_warehouse//models/boxes/box_34/model.config
[2.060s] -- Symlinking: /home/koushik/colcon_ws/install/eyantra_warehouse/share/eyantra_warehouse//models/boxes/box_34/model.sdf
[2.066s] -- Symlinking: /home/koushik/colcon_ws/install/eyantra_warehouse/share/eyantra_warehouse//models/boxes/box_35/meshes/aruco_tag.jpg
[2.073s] -- Symlinking: /home/koushik/colcon_ws/install/eyantra_warehouse/share/eyantra_warehouse//models/boxes/box_35/meshes/box.dae
[2.080s] -- Symlinking: /home/koushik/colcon_ws/install/eyantra_warehouse/share/eyantra_warehouse//models/boxes/box_35/meshes/box__bg.png
[2.088s] -- Symlinking: /home/koushik/colcon_ws/install/eyantra_warehouse/share/eyantra_warehouse//models/boxes/box_35/meshes/cardboard_bg.png
[2.093s] -- Symlinking: /home/koushik/colcon_ws/install/eyantra_warehouse/share/eyantra_warehouse//models/boxes/box_35/model.config
[2.101s] -- Symlinking: /home/koushik/colcon_ws/install/eyantra_warehouse/share/eyantra_warehouse//models/boxes/box_35/model.sdf
[2.107s] -- Symlinking: /home/koushik/colcon_ws/install/eyantra_warehouse/share/eyantra_warehouse//models/boxes/box_36/meshes/aruco_tag.jpg
[2.114s] -- Symlinking: /home/koushik/colcon_ws/install/eyantra_warehouse/share/eyantra_warehouse//models/boxes/box_36/meshes/box.dae
[2.121s] -- Symlinking: /home/koushik/colcon_ws/install/eyantra_warehouse/share/eyantra_warehouse//models/boxes/box_36/meshes/box__bg.png
[2.128s] -- Symlinking: /home/koushik/colcon_ws/install/eyantra_warehouse/share/eyantra_warehouse//models/boxes/box_36/meshes/cardboard_bg.png
[2.136s] -- Symlinking: /home/koushik/colcon_ws/install/eyantra_warehouse/share/eyantra_warehouse//models/boxes/box_36/model.config
[2.142s] -- Symlinking: /home/koushik/colcon_ws/install/eyantra_warehouse/share/eyantra_warehouse//models/boxes/box_36/model.sdf
[2.149s] -- Symlinking: /home/koushik/colcon_ws/install/eyantra_warehouse/share/eyantra_warehouse//models/boxes/box_37/meshes/aruco_tag.jpg
[2.156s] -- Symlinking: /home/koushik/colcon_ws/install/eyantra_warehouse/share/eyantra_warehouse//models/boxes/box_37/meshes/box.dae
[2.162s] -- Symlinking: /home/koushik/colcon_ws/install/eyantra_warehouse/share/eyantra_warehouse//models/boxes/box_37/meshes/box__bg.png
[2.169s] -- Symlinking: /home/koushik/colcon_ws/install/eyantra_warehouse/share/eyantra_warehouse//models/boxes/box_37/meshes/cardboard_bg.png
[2.176s] -- Symlinking: /home/koushik/colcon_ws/install/eyantra_warehouse/share/eyantra_warehouse//models/boxes/box_37/model.config
[2.183s] -- Symlinking: /home/koushik/colcon_ws/install/eyantra_warehouse/share/eyantra_warehouse//models/boxes/box_37/model.sdf
[2.189s] -- Symlinking: /home/koushik/colcon_ws/install/eyantra_warehouse/share/eyantra_warehouse//models/boxes/box_38/meshes/aruco_tag.jpg
[2.196s] -- Symlinking: /home/koushik/colcon_ws/install/eyantra_warehouse/share/eyantra_warehouse//models/boxes/box_38/meshes/box.dae
[2.203s] -- Symlinking: /home/koushik/colcon_ws/install/eyantra_warehouse/share/eyantra_warehouse//models/boxes/box_38/meshes/box__bg.png
[2.209s] -- Symlinking: /home/koushik/colcon_ws/install/eyantra_warehouse/share/eyantra_warehouse//models/boxes/box_38/meshes/cardboard_bg.png
[2.217s] -- Symlinking: /home/koushik/colcon_ws/install/eyantra_warehouse/share/eyantra_warehouse//models/boxes/box_38/model.config
[2.224s] -- Symlinking: /home/koushik/colcon_ws/install/eyantra_warehouse/share/eyantra_warehouse//models/boxes/box_38/model.sdf
[2.232s] -- Symlinking: /home/koushik/colcon_ws/install/eyantra_warehouse/share/eyantra_warehouse//models/boxes/box_39/meshes/aruco_tag.jpg
[2.239s] -- Symlinking: /home/koushik/colcon_ws/install/eyantra_warehouse/share/eyantra_warehouse//models/boxes/box_39/meshes/box.dae
[2.247s] -- Symlinking: /home/koushik/colcon_ws/install/eyantra_warehouse/share/eyantra_warehouse//models/boxes/box_39/meshes/box__bg.png
[2.253s] -- Symlinking: /home/koushik/colcon_ws/install/eyantra_warehouse/share/eyantra_warehouse//models/boxes/box_39/meshes/cardboard_bg.png
[2.260s] -- Symlinking: /home/koushik/colcon_ws/install/eyantra_warehouse/share/eyantra_warehouse//models/boxes/box_39/model.config
[2.267s] -- Symlinking: /home/koushik/colcon_ws/install/eyantra_warehouse/share/eyantra_warehouse//models/boxes/box_39/model.sdf
[2.273s] -- Symlinking: /home/koushik/colcon_ws/install/eyantra_warehouse/share/eyantra_warehouse//models/boxes/box_4/meshes/aruco_tag.jpg
[2.281s] -- Symlinking: /home/koushik/colcon_ws/install/eyantra_warehouse/share/eyantra_warehouse//models/boxes/box_4/meshes/box.dae
[2.286s] -- Symlinking: /home/koushik/colcon_ws/install/eyantra_warehouse/share/eyantra_warehouse//models/boxes/box_4/meshes/box__bg.png
[2.293s] -- Symlinking: /home/koushik/colcon_ws/install/eyantra_warehouse/share/eyantra_warehouse//models/boxes/box_4/meshes/cardboard_bg.png
[2.300s] -- Symlinking: /home/koushik/colcon_ws/install/eyantra_warehouse/share/eyantra_warehouse//models/boxes/box_4/model.config
[2.306s] -- Symlinking: /home/koushik/colcon_ws/install/eyantra_warehouse/share/eyantra_warehouse//models/boxes/box_4/model.sdf
[2.313s] -- Symlinking: /home/koushik/colcon_ws/install/eyantra_warehouse/share/eyantra_warehouse//models/boxes/box_40/meshes/aruco_tag.jpg
[2.320s] -- Symlinking: /home/koushik/colcon_ws/install/eyantra_warehouse/share/eyantra_warehouse//models/boxes/box_40/meshes/box.dae
[2.328s] -- Symlinking: /home/koushik/colcon_ws/install/eyantra_warehouse/share/eyantra_warehouse//models/boxes/box_40/meshes/box__bg.png
[2.337s] -- Symlinking: /home/koushik/colcon_ws/install/eyantra_warehouse/share/eyantra_warehouse//models/boxes/box_40/meshes/cardboard_bg.png
[2.344s] -- Symlinking: /home/koushik/colcon_ws/install/eyantra_warehouse/share/eyantra_warehouse//models/boxes/box_40/model.config
[2.350s] -- Symlinking: /home/koushik/colcon_ws/install/eyantra_warehouse/share/eyantra_warehouse//models/boxes/box_40/model.sdf
[2.358s] -- Symlinking: /home/koushik/colcon_ws/install/eyantra_warehouse/share/eyantra_warehouse//models/boxes/box_41/meshes/aruco_tag.jpg
[2.364s] -- Symlinking: /home/koushik/colcon_ws/install/eyantra_warehouse/share/eyantra_warehouse//models/boxes/box_41/meshes/box.dae
[2.371s] -- Symlinking: /home/koushik/colcon_ws/install/eyantra_warehouse/share/eyantra_warehouse//models/boxes/box_41/meshes/box__bg.png
[2.378s] -- Symlinking: /home/koushik/colcon_ws/install/eyantra_warehouse/share/eyantra_warehouse//models/boxes/box_41/meshes/cardboard_bg.png
[2.384s] -- Symlinking: /home/koushik/colcon_ws/install/eyantra_warehouse/share/eyantra_warehouse//models/boxes/box_41/model.config
[2.391s] -- Symlinking: /home/koushik/colcon_ws/install/eyantra_warehouse/share/eyantra_warehouse//models/boxes/box_41/model.sdf
[2.398s] -- Symlinking: /home/koushik/colcon_ws/install/eyantra_warehouse/share/eyantra_warehouse//models/boxes/box_42/meshes/aruco_tag.jpg
[2.407s] -- Symlinking: /home/koushik/colcon_ws/install/eyantra_warehouse/share/eyantra_warehouse//models/boxes/box_42/meshes/box.dae
[2.413s] -- Symlinking: /home/koushik/colcon_ws/install/eyantra_warehouse/share/eyantra_warehouse//models/boxes/box_42/meshes/box__bg.png
[2.420s] -- Symlinking: /home/koushik/colcon_ws/install/eyantra_warehouse/share/eyantra_warehouse//models/boxes/box_42/meshes/cardboard_bg.png
[2.430s] -- Symlinking: /home/koushik/colcon_ws/install/eyantra_warehouse/share/eyantra_warehouse//models/boxes/box_42/model.config
[2.439s] -- Symlinking: /home/koushik/colcon_ws/install/eyantra_warehouse/share/eyantra_warehouse//models/boxes/box_42/model.sdf
[2.445s] -- Symlinking: /home/koushik/colcon_ws/install/eyantra_warehouse/share/eyantra_warehouse//models/boxes/box_43/meshes/aruco_tag.jpg
[2.453s] -- Symlinking: /home/koushik/colcon_ws/install/eyantra_warehouse/share/eyantra_warehouse//models/boxes/box_43/meshes/box.dae
[2.459s] -- Symlinking: /home/koushik/colcon_ws/install/eyantra_warehouse/share/eyantra_warehouse//models/boxes/box_43/meshes/box__bg.png
[2.466s] -- Symlinking: /home/koushik/colcon_ws/install/eyantra_warehouse/share/eyantra_warehouse//models/boxes/box_43/meshes/cardboard_bg.png
[2.474s] -- Symlinking: /home/koushik/colcon_ws/install/eyantra_warehouse/share/eyantra_warehouse//models/boxes/box_43/model.config
[2.480s] -- Symlinking: /home/koushik/colcon_ws/install/eyantra_warehouse/share/eyantra_warehouse//models/boxes/box_43/model.sdf
[2.487s] -- Symlinking: /home/koushik/colcon_ws/install/eyantra_warehouse/share/eyantra_warehouse//models/boxes/box_44/meshes/aruco_tag.jpg
[2.493s] -- Symlinking: /home/koushik/colcon_ws/install/eyantra_warehouse/share/eyantra_warehouse//models/boxes/box_44/meshes/box.dae
[2.499s] -- Symlinking: /home/koushik/colcon_ws/install/eyantra_warehouse/share/eyantra_warehouse//models/boxes/box_44/meshes/box__bg.png
[2.507s] -- Symlinking: /home/koushik/colcon_ws/install/eyantra_warehouse/share/eyantra_warehouse//models/boxes/box_44/meshes/cardboard_bg.png
[2.513s] -- Symlinking: /home/koushik/colcon_ws/install/eyantra_warehouse/share/eyantra_warehouse//models/boxes/box_44/model.config
[2.520s] -- Symlinking: /home/koushik/colcon_ws/install/eyantra_warehouse/share/eyantra_warehouse//models/boxes/box_44/model.sdf
[2.528s] -- Symlinking: /home/koushik/colcon_ws/install/eyantra_warehouse/share/eyantra_warehouse//models/boxes/box_45/meshes/aruco_tag.jpg
[2.537s] -- Symlinking: /home/koushik/colcon_ws/install/eyantra_warehouse/share/eyantra_warehouse//models/boxes/box_45/meshes/box.dae
[2.543s] -- Symlinking: /home/koushik/colcon_ws/install/eyantra_warehouse/share/eyantra_warehouse//models/boxes/box_45/meshes/box__bg.png
[2.550s] -- Symlinking: /home/koushik/colcon_ws/install/eyantra_warehouse/share/eyantra_warehouse//models/boxes/box_45/meshes/cardboard_bg.png
[2.557s] -- Symlinking: /home/koushik/colcon_ws/install/eyantra_warehouse/share/eyantra_warehouse//models/boxes/box_45/model.config
[2.564s] -- Symlinking: /home/koushik/colcon_ws/install/eyantra_warehouse/share/eyantra_warehouse//models/boxes/box_45/model.sdf
[2.571s] -- Symlinking: /home/koushik/colcon_ws/install/eyantra_warehouse/share/eyantra_warehouse//models/boxes/box_46/meshes/aruco_tag.jpg
[2.577s] -- Symlinking: /home/koushik/colcon_ws/install/eyantra_warehouse/share/eyantra_warehouse//models/boxes/box_46/meshes/box.dae
[2.583s] -- Symlinking: /home/koushik/colcon_ws/install/eyantra_warehouse/share/eyantra_warehouse//models/boxes/box_46/meshes/box__bg.png
[2.589s] -- Symlinking: /home/koushik/colcon_ws/install/eyantra_warehouse/share/eyantra_warehouse//models/boxes/box_46/meshes/cardboard_bg.png
[2.596s] -- Symlinking: /home/koushik/colcon_ws/install/eyantra_warehouse/share/eyantra_warehouse//models/boxes/box_46/model.config
[2.603s] -- Symlinking: /home/koushik/colcon_ws/install/eyantra_warehouse/share/eyantra_warehouse//models/boxes/box_46/model.sdf
[2.610s] -- Symlinking: /home/koushik/colcon_ws/install/eyantra_warehouse/share/eyantra_warehouse//models/boxes/box_47/meshes/aruco_tag.jpg
[2.617s] -- Symlinking: /home/koushik/colcon_ws/install/eyantra_warehouse/share/eyantra_warehouse//models/boxes/box_47/meshes/box.dae
[2.625s] -- Symlinking: /home/koushik/colcon_ws/install/eyantra_warehouse/share/eyantra_warehouse//models/boxes/box_47/meshes/box__bg.png
[2.633s] -- Symlinking: /home/koushik/colcon_ws/install/eyantra_warehouse/share/eyantra_warehouse//models/boxes/box_47/meshes/cardboard_bg.png
[2.641s] -- Symlinking: /home/koushik/colcon_ws/install/eyantra_warehouse/share/eyantra_warehouse//models/boxes/box_47/model.config
[2.648s] -- Symlinking: /home/koushik/colcon_ws/install/eyantra_warehouse/share/eyantra_warehouse//models/boxes/box_47/model.sdf
[2.654s] -- Symlinking: /home/koushik/colcon_ws/install/eyantra_warehouse/share/eyantra_warehouse//models/boxes/box_48/meshes/aruco_tag.jpg
[2.661s] -- Symlinking: /home/koushik/colcon_ws/install/eyantra_warehouse/share/eyantra_warehouse//models/boxes/box_48/meshes/box.dae
[2.668s] -- Symlinking: /home/koushik/colcon_ws/install/eyantra_warehouse/share/eyantra_warehouse//models/boxes/box_48/meshes/box__bg.png
[2.674s] -- Symlinking: /home/koushik/colcon_ws/install/eyantra_warehouse/share/eyantra_warehouse//models/boxes/box_48/meshes/cardboard_bg.png
[2.681s] -- Symlinking: /home/koushik/colcon_ws/install/eyantra_warehouse/share/eyantra_warehouse//models/boxes/box_48/model.config
[2.687s] -- Symlinking: /home/koushik/colcon_ws/install/eyantra_warehouse/share/eyantra_warehouse//models/boxes/box_48/model.sdf
[2.694s] -- Symlinking: /home/koushik/colcon_ws/install/eyantra_warehouse/share/eyantra_warehouse//models/boxes/box_49/meshes/aruco_tag.jpg
[2.701s] -- Symlinking: /home/koushik/colcon_ws/install/eyantra_warehouse/share/eyantra_warehouse//models/boxes/box_49/meshes/box.dae
[2.708s] -- Symlinking: /home/koushik/colcon_ws/install/eyantra_warehouse/share/eyantra_warehouse//models/boxes/box_49/meshes/box__bg.png
[2.714s] -- Symlinking: /home/koushik/colcon_ws/install/eyantra_warehouse/share/eyantra_warehouse//models/boxes/box_49/meshes/cardboard_bg.png
[2.721s] -- Symlinking: /home/koushik/colcon_ws/install/eyantra_warehouse/share/eyantra_warehouse//models/boxes/box_49/model.config
[2.731s] -- Symlinking: /home/koushik/colcon_ws/install/eyantra_warehouse/share/eyantra_warehouse//models/boxes/box_49/model.sdf
[2.738s] -- Symlinking: /home/koushik/colcon_ws/install/eyantra_warehouse/share/eyantra_warehouse//models/boxes/box_5/meshes/aruco_tag.jpg
[2.745s] -- Symlinking: /home/koushik/colcon_ws/install/eyantra_warehouse/share/eyantra_warehouse//models/boxes/box_5/meshes/box.dae
[2.752s] -- Symlinking: /home/koushik/colcon_ws/install/eyantra_warehouse/share/eyantra_warehouse//models/boxes/box_5/meshes/box__bg.png
[2.759s] -- Symlinking: /home/koushik/colcon_ws/install/eyantra_warehouse/share/eyantra_warehouse//models/boxes/box_5/meshes/cardboard_bg.png
[2.765s] -- Symlinking: /home/koushik/colcon_ws/install/eyantra_warehouse/share/eyantra_warehouse//models/boxes/box_5/model.config
[2.772s] -- Symlinking: /home/koushik/colcon_ws/install/eyantra_warehouse/share/eyantra_warehouse//models/boxes/box_5/model.sdf
[2.779s] -- Symlinking: /home/koushik/colcon_ws/install/eyantra_warehouse/share/eyantra_warehouse//models/boxes/box_50/meshes/aruco_tag.jpg
[2.786s] -- Symlinking: /home/koushik/colcon_ws/install/eyantra_warehouse/share/eyantra_warehouse//models/boxes/box_50/meshes/box.dae
[2.793s] -- Symlinking: /home/koushik/colcon_ws/install/eyantra_warehouse/share/eyantra_warehouse//models/boxes/box_50/meshes/box__bg.png
[2.799s] -- Symlinking: /home/koushik/colcon_ws/install/eyantra_warehouse/share/eyantra_warehouse//models/boxes/box_50/meshes/cardboard_bg.png
[2.807s] -- Symlinking: /home/koushik/colcon_ws/install/eyantra_warehouse/share/eyantra_warehouse//models/boxes/box_50/model.config
[2.813s] -- Symlinking: /home/koushik/colcon_ws/install/eyantra_warehouse/share/eyantra_warehouse//models/boxes/box_50/model.sdf
[2.821s] -- Symlinking: /home/koushik/colcon_ws/install/eyantra_warehouse/share/eyantra_warehouse//models/boxes/box_6/meshes/aruco_tag.jpg
[2.829s] -- Symlinking: /home/koushik/colcon_ws/install/eyantra_warehouse/share/eyantra_warehouse//models/boxes/box_6/meshes/box.dae
[2.837s] -- Symlinking: /home/koushik/colcon_ws/install/eyantra_warehouse/share/eyantra_warehouse//models/boxes/box_6/meshes/box__bg.png
[2.843s] -- Symlinking: /home/koushik/colcon_ws/install/eyantra_warehouse/share/eyantra_warehouse//models/boxes/box_6/meshes/cardboard_bg.png
[2.850s] -- Symlinking: /home/koushik/colcon_ws/install/eyantra_warehouse/share/eyantra_warehouse//models/boxes/box_6/model.config
[2.858s] -- Symlinking: /home/koushik/colcon_ws/install/eyantra_warehouse/share/eyantra_warehouse//models/boxes/box_6/model.sdf
[2.864s] -- Symlinking: /home/koushik/colcon_ws/install/eyantra_warehouse/share/eyantra_warehouse//models/boxes/box_7/meshes/aruco_tag.jpg
[2.871s] -- Symlinking: /home/koushik/colcon_ws/install/eyantra_warehouse/share/eyantra_warehouse//models/boxes/box_7/meshes/box.dae
[2.878s] -- Symlinking: /home/koushik/colcon_ws/install/eyantra_warehouse/share/eyantra_warehouse//models/boxes/box_7/meshes/box__bg.png
[2.885s] -- Symlinking: /home/koushik/colcon_ws/install/eyantra_warehouse/share/eyantra_warehouse//models/boxes/box_7/meshes/cardboard_bg.png
[2.891s] -- Symlinking: /home/koushik/colcon_ws/install/eyantra_warehouse/share/eyantra_warehouse//models/boxes/box_7/model.config
[2.898s] -- Symlinking: /home/koushik/colcon_ws/install/eyantra_warehouse/share/eyantra_warehouse//models/boxes/box_7/model.sdf
[2.905s] -- Symlinking: /home/koushik/colcon_ws/install/eyantra_warehouse/share/eyantra_warehouse//models/boxes/box_8/meshes/aruco_tag.jpg
[2.912s] -- Symlinking: /home/koushik/colcon_ws/install/eyantra_warehouse/share/eyantra_warehouse//models/boxes/box_8/meshes/box.dae
[2.919s] -- Symlinking: /home/koushik/colcon_ws/install/eyantra_warehouse/share/eyantra_warehouse//models/boxes/box_8/meshes/box__bg.png
[2.926s] -- Symlinking: /home/koushik/colcon_ws/install/eyantra_warehouse/share/eyantra_warehouse//models/boxes/box_8/meshes/cardboard_bg.png
[2.934s] -- Symlinking: /home/koushik/colcon_ws/install/eyantra_warehouse/share/eyantra_warehouse//models/boxes/box_8/model.config
[2.941s] -- Symlinking: /home/koushik/colcon_ws/install/eyantra_warehouse/share/eyantra_warehouse//models/boxes/box_8/model.sdf
[2.949s] -- Symlinking: /home/koushik/colcon_ws/install/eyantra_warehouse/share/eyantra_warehouse//models/boxes/box_9/meshes/aruco_tag.jpg
[2.955s] -- Symlinking: /home/koushik/colcon_ws/install/eyantra_warehouse/share/eyantra_warehouse//models/boxes/box_9/meshes/box.dae
[2.962s] -- Symlinking: /home/koushik/colcon_ws/install/eyantra_warehouse/share/eyantra_warehouse//models/boxes/box_9/meshes/box__bg.png
[2.969s] -- Symlinking: /home/koushik/colcon_ws/install/eyantra_warehouse/share/eyantra_warehouse//models/boxes/box_9/meshes/cardboard_bg.png
[2.975s] -- Symlinking: /home/koushik/colcon_ws/install/eyantra_warehouse/share/eyantra_warehouse//models/boxes/box_9/model.config
[2.982s] -- Symlinking: /home/koushik/colcon_ws/install/eyantra_warehouse/share/eyantra_warehouse//models/boxes/box_9/model.sdf
[2.989s] -- Symlinking: /home/koushik/colcon_ws/install/eyantra_warehouse/share/eyantra_warehouse//models/conveyor_belt/meshes/conveyor_belt.dae
[2.996s] -- Symlinking: /home/koushik/colcon_ws/install/eyantra_warehouse/share/eyantra_warehouse//models/conveyor_belt/meshes/conveyor_belt.stl
[3.003s] -- Symlinking: /home/koushik/colcon_ws/install/eyantra_warehouse/share/eyantra_warehouse//models/conveyor_belt/model.config
[3.010s] -- Symlinking: /home/koushik/colcon_ws/install/eyantra_warehouse/share/eyantra_warehouse//models/conveyor_belt/model.sdf
[3.018s] -- Symlinking: /home/koushik/colcon_ws/install/eyantra_warehouse/share/eyantra_warehouse//models/drop_table/meshes/eyantra_logo~red_280x55.png
[3.026s] -- Symlinking: /home/koushik/colcon_ws/install/eyantra_warehouse/share/eyantra_warehouse//models/drop_table/meshes/eyantra_logo~red_280x55.png.001.png
[3.034s] -- Symlinking: /home/koushik/colcon_ws/install/eyantra_warehouse/share/eyantra_warehouse//models/drop_table/meshes/table.dae
[3.041s] -- Symlinking: /home/koushik/colcon_ws/install/eyantra_warehouse/share/eyantra_warehouse//models/drop_table/model.config
[3.048s] -- Symlinking: /home/koushik/colcon_ws/install/eyantra_warehouse/share/eyantra_warehouse//models/drop_table/model.sdf
[3.055s] -- Symlinking: /home/koushik/colcon_ws/install/eyantra_warehouse/share/eyantra_warehouse//models/ground_plane/model.config
[3.062s] -- Symlinking: /home/koushik/colcon_ws/install/eyantra_warehouse/share/eyantra_warehouse//models/ground_plane/model.sdf
[3.069s] -- Symlinking: /home/koushik/colcon_ws/install/eyantra_warehouse/share/eyantra_warehouse//models/package_box/meshes/4x4_1000-0.png
[3.076s] -- Symlinking: /home/koushik/colcon_ws/install/eyantra_warehouse/share/eyantra_warehouse//models/package_box/meshes/aws_robomaker_warehouse_ClutteringC_02.png
[3.082s] -- Symlinking: /home/koushik/colcon_ws/install/eyantra_warehouse/share/eyantra_warehouse//models/package_box/meshes/package_box.dae
[3.089s] -- Symlinking: /home/koushik/colcon_ws/install/eyantra_warehouse/share/eyantra_warehouse//models/package_box/model.config
[3.096s] -- Symlinking: /home/koushik/colcon_ws/install/eyantra_warehouse/share/eyantra_warehouse//models/package_box/model.sdf
[3.103s] -- Symlinking: /home/koushik/colcon_ws/install/eyantra_warehouse/share/eyantra_warehouse//models/rack/meshes/brushedsteel4.jpg
[3.110s] -- Symlinking: /home/koushik/colcon_ws/install/eyantra_warehouse/share/eyantra_warehouse//models/rack/meshes/brushedsteel_bg.jpg
[3.118s] -- Symlinking: /home/koushik/colcon_ws/install/eyantra_warehouse/share/eyantra_warehouse//models/rack/meshes/rack.dae
[3.125s] -- Symlinking: /home/koushik/colcon_ws/install/eyantra_warehouse/share/eyantra_warehouse//models/rack/meshes/rack.stl
[3.133s] -- Symlinking: /home/koushik/colcon_ws/install/eyantra_warehouse/share/eyantra_warehouse//models/rack/model.config
[3.140s] -- Symlinking: /home/koushik/colcon_ws/install/eyantra_warehouse/share/eyantra_warehouse//models/rack/model.sdf
[3.147s] -- Symlinking: /home/koushik/colcon_ws/install/eyantra_warehouse/share/eyantra_warehouse//models/warehouse_boundary/meshes/warehouse_boundary.dae
[3.155s] -- Symlinking: /home/koushik/colcon_ws/install/eyantra_warehouse/share/eyantra_warehouse//models/warehouse_boundary/meshes/warehouse_boundary_glass_cover.dae
[3.162s] -- Symlinking: /home/koushik/colcon_ws/install/eyantra_warehouse/share/eyantra_warehouse//models/warehouse_boundary/meshes/warehouse_floor.jpg
[3.169s] -- Symlinking: /home/koushik/colcon_ws/install/eyantra_warehouse/share/eyantra_warehouse//models/warehouse_boundary/model.config
[3.175s] -- Symlinking: /home/koushik/colcon_ws/install/eyantra_warehouse/share/eyantra_warehouse//models/warehouse_boundary/model.sdf
[3.182s] -- Symlinking: /home/koushik/colcon_ws/install/eyantra_warehouse/share/eyantra_warehouse//models/window/model.config
[3.188s] -- Symlinking: /home/koushik/colcon_ws/install/eyantra_warehouse/share/eyantra_warehouse//models/window/model.sdf
[3.195s] -- Symlinking: /home/koushik/colcon_ws/install/eyantra_warehouse/share/eyantra_warehouse//config/SkyX_Moon.fragment
[3.202s] -- Symlinking: /home/koushik/colcon_ws/install/eyantra_warehouse/share/eyantra_warehouse//config/SkyX_Moon.png
[3.209s] -- Symlinking: /home/koushik/colcon_ws/install/eyantra_warehouse/share/eyantra_warehouse//config/package_link.json
[3.216s] -- Symlinking: /home/koushik/colcon_ws/install/eyantra_warehouse/share/ament_index/resource_index/package_run_dependencies/eyantra_warehouse
[3.225s] -- Symlinking: /home/koushik/colcon_ws/install/eyantra_warehouse/share/ament_index/resource_index/parent_prefix_path/eyantra_warehouse
[3.234s] -- Symlinking: /home/koushik/colcon_ws/install/eyantra_warehouse/share/eyantra_warehouse/environment/ament_prefix_path.sh
[3.241s] -- Symlinking: /home/koushik/colcon_ws/install/eyantra_warehouse/share/eyantra_warehouse/environment/ament_prefix_path.dsv
[3.247s] -- Symlinking: /home/koushik/colcon_ws/install/eyantra_warehouse/share/eyantra_warehouse/environment/path.sh
[3.255s] -- Symlinking: /home/koushik/colcon_ws/install/eyantra_warehouse/share/eyantra_warehouse/environment/path.dsv
[3.261s] -- Symlinking: /home/koushik/colcon_ws/install/eyantra_warehouse/share/eyantra_warehouse/local_setup.bash
[3.268s] -- Symlinking: /home/koushik/colcon_ws/install/eyantra_warehouse/share/eyantra_warehouse/local_setup.sh
[3.275s] -- Symlinking: /home/koushik/colcon_ws/install/eyantra_warehouse/share/eyantra_warehouse/local_setup.zsh
[3.281s] -- Symlinking: /home/koushik/colcon_ws/install/eyantra_warehouse/share/eyantra_warehouse/local_setup.dsv
[3.288s] -- Symlinking: /home/koushik/colcon_ws/install/eyantra_warehouse/share/eyantra_warehouse/package.dsv
[3.295s] -- Symlinking: /home/koushik/colcon_ws/install/eyantra_warehouse/share/ament_index/resource_index/packages/eyantra_warehouse
[3.302s] -- Symlinking: /home/koushik/colcon_ws/install/eyantra_warehouse/share/eyantra_warehouse/cmake/eyantra_warehouseConfig.cmake
[3.308s] -- Symlinking: /home/koushik/colcon_ws/install/eyantra_warehouse/share/eyantra_warehouse/cmake/eyantra_warehouseConfig-version.cmake
[3.315s] -- Symlinking: /home/koushik/colcon_ws/install/eyantra_warehouse/share/eyantra_warehouse/package.xml
