[0.048s] Invoking command in '/home/koushik/colcon_ws/build/realsense_gazebo_plugin': CMAKE_PREFIX_PATH=${CMAKE_PREFIX_PATH}:/home/koushik/colcon_ws/install/ur5_control:/opt/ros/humble /usr/bin/cmake --build /home/koushik/colcon_ws/build/realsense_gazebo_plugin -- -j16 -l16
[0.179s] [100%] Built target realsense_gazebo_plugin
[0.457s] Invoked command in '/home/koushik/colcon_ws/build/realsense_gazebo_plugin' returned '0': CMAKE_PREFIX_PATH=${CMAKE_PREFIX_PATH}:/home/koushik/colcon_ws/install/ur5_control:/opt/ros/humble /usr/bin/cmake --build /home/koushik/colcon_ws/build/realsense_gazebo_plugin -- -j16 -l16
[0.521s] Invoking command in '/home/koushik/colcon_ws/build/realsense_gazebo_plugin': CMAKE_PREFIX_PATH=${CMAKE_PREFIX_PATH}:/home/koushik/colcon_ws/install/ur5_control:/opt/ros/humble /usr/bin/cmake --install /home/koushik/colcon_ws/build/realsense_gazebo_plugin
[0.544s] -- Install configuration: ""
[0.550s] -- Execute custom install script
[0.550s] -- Up-to-date symlink: /home/koushik/colcon_ws/install/realsense_gazebo_plugin/lib/librealsense_gazebo_plugin.so
[0.550s] -- Up-to-date symlink: /home/koushik/colcon_ws/install/realsense_gazebo_plugin/include//realsense_gazebo_plugin/RealSensePlugin.h
[0.550s] -- Up-to-date symlink: /home/koushik/colcon_ws/install/realsense_gazebo_plugin/include//realsense_gazebo_plugin/gazebo_ros_realsense.h
[0.556s] -- Up-to-date symlink: /home/koushik/colcon_ws/install/realsense_gazebo_plugin/share/realsense_gazebo_plugin/environment/library_path.sh
[0.557s] -- Up-to-date symlink: /home/koushik/colcon_ws/install/realsense_gazebo_plugin/share/realsense_gazebo_plugin/environment/library_path.dsv
[0.558s] -- Up-to-date symlink: /home/koushik/colcon_ws/install/realsense_gazebo_plugin/share/ament_index/resource_index/package_run_dependencies/realsense_gazebo_plugin
[0.558s] -- Up-to-date symlink: /home/koushik/colcon_ws/install/realsense_gazebo_plugin/share/ament_index/resource_index/parent_prefix_path/realsense_gazebo_plugin
[0.559s] -- Up-to-date symlink: /home/koushik/colcon_ws/install/realsense_gazebo_plugin/share/realsense_gazebo_plugin/environment/ament_prefix_path.sh
[0.559s] -- Up-to-date symlink: /home/koushik/colcon_ws/install/realsense_gazebo_plugin/share/realsense_gazebo_plugin/environment/ament_prefix_path.dsv
[0.560s] -- Up-to-date symlink: /home/koushik/colcon_ws/install/realsense_gazebo_plugin/share/realsense_gazebo_plugin/environment/path.sh
[0.560s] -- Up-to-date symlink: /home/koushik/colcon_ws/install/realsense_gazebo_plugin/share/realsense_gazebo_plugin/environment/path.dsv
[0.560s] -- Up-to-date symlink: /home/koushik/colcon_ws/install/realsense_gazebo_plugin/share/realsense_gazebo_plugin/local_setup.bash
[0.560s] -- Up-to-date symlink: /home/koushik/colcon_ws/install/realsense_gazebo_plugin/share/realsense_gazebo_plugin/local_setup.sh
[0.560s] -- Up-to-date symlink: /home/koushik/colcon_ws/install/realsense_gazebo_plugin/share/realsense_gazebo_plugin/local_setup.zsh
[0.560s] -- Up-to-date symlink: /home/koushik/colcon_ws/install/realsense_gazebo_plugin/share/realsense_gazebo_plugin/local_setup.dsv
[0.561s] -- Symlinking: /home/koushik/colcon_ws/install/realsense_gazebo_plugin/share/realsense_gazebo_plugin/package.dsv
[0.588s] -- Up-to-date symlink: /home/koushik/colcon_ws/install/realsense_gazebo_plugin/share/ament_index/resource_index/packages/realsense_gazebo_plugin
[0.588s] -- Up-to-date symlink: /home/koushik/colcon_ws/install/realsense_gazebo_plugin/share/realsense_gazebo_plugin/cmake/ament_cmake_export_include_directories-extras.cmake
[0.589s] -- Up-to-date symlink: /home/koushik/colcon_ws/install/realsense_gazebo_plugin/share/realsense_gazebo_plugin/cmake/ament_cmake_export_libraries-extras.cmake
[0.589s] -- Up-to-date symlink: /home/koushik/colcon_ws/install/realsense_gazebo_plugin/share/realsense_gazebo_plugin/cmake/realsense_gazebo_pluginConfig.cmake
[0.589s] -- Up-to-date symlink: /home/koushik/colcon_ws/install/realsense_gazebo_plugin/share/realsense_gazebo_plugin/cmake/realsense_gazebo_pluginConfig-version.cmake
[0.590s] -- Up-to-date symlink: /home/koushik/colcon_ws/install/realsense_gazebo_plugin/share/realsense_gazebo_plugin/package.xml
[0.630s] Invoked command in '/home/koushik/colcon_ws/build/realsense_gazebo_plugin' returned '0': CMAKE_PREFIX_PATH=${CMAKE_PREFIX_PATH}:/home/koushik/colcon_ws/install/ur5_control:/opt/ros/humble /usr/bin/cmake --install /home/koushik/colcon_ws/build/realsense_gazebo_plugin
