[0.024s] Invoking command in '/home/koushik/colcon_ws/build/realsense_gazebo_plugin': CMAKE_PREFIX_PATH=${CMAKE_PREFIX_PATH}:/home/koushik/colcon_ws/install/ur5_control:/opt/ros/humble /usr/bin/cmake /home/koushik/colcon_ws/src/realsense_gazebo_plugin -DAMENT_CMAKE_SYMLINK_INSTALL=1 -DCMAKE_INSTALL_PREFIX=/home/koushik/colcon_ws/install/realsense_gazebo_plugin
[0.033s] -- Found ament_cmake: 1.3.10 (/opt/ros/humble/share/ament_cmake/cmake)
[0.155s] -- Override CMake install command with custom implementation using symlinks instead of copying resources
[0.160s] -- Found rclcpp: 16.0.10 (/opt/ros/humble/share/rclcpp/cmake)
[0.179s] -- Found rosidl_generator_c: 3.1.5 (/opt/ros/humble/share/rosidl_generator_c/cmake)
[0.181s] -- Found rosidl_adapter: 3.1.5 (/opt/ros/humble/share/rosidl_adapter/cmake)
[0.185s] -- Found rosidl_generator_cpp: 3.1.5 (/opt/ros/humble/share/rosidl_generator_cpp/cmake)
[0.193s] -- Using all available rosidl_typesupport_c: rosidl_typesupport_fastrtps_c;rosidl_typesupport_introspection_c
[0.205s] -- Using all available rosidl_typesupport_cpp: rosidl_typesupport_fastrtps_cpp;rosidl_typesupport_introspection_cpp
[0.246s] -- Found rmw_implementation_cmake: 6.1.2 (/opt/ros/humble/share/rmw_implementation_cmake/cmake)
[0.248s] -- Found rmw_fastrtps_cpp: 6.2.7 (/opt/ros/humble/share/rmw_fastrtps_cpp/cmake)
[0.344s] -- Using RMW implementation 'rmw_fastrtps_cpp' as default
[0.388s] -- Found gazebo_ros: 3.7.0 (/opt/ros/humble/share/gazebo_ros/cmake)
[0.427s] -- Found DART: /usr/include (Required is at least version "6.6") found components: dart 
[0.458s] -- Found Protobuf: /usr/lib/x86_64-linux-gnu/libprotobuf.so (found version "3.12.4") 
[0.460s] -- Looking for ignition-math6 -- found version 6.15.1
[0.462s] -- Searching for dependencies of ignition-math6
[0.464s] -- Looking for OGRE...
[0.469s] -- Found Ogre Ghadamon (1.9.0)
[0.469s] -- Found OGRE: optimized;/usr/lib/x86_64-linux-gnu/libOgreMain.so;debug;/usr/lib/x86_64-linux-gnu/libOgreMain.so
[0.477s] -- Looking for OGRE_Paging...
[0.477s] -- Found OGRE_Paging: optimized;/usr/lib/x86_64-linux-gnu/libOgrePaging.so;debug;/usr/lib/x86_64-linux-gnu/libOgrePaging.so
[0.477s] -- Looking for OGRE_Terrain...
[0.477s] -- Found OGRE_Terrain: optimized;/usr/lib/x86_64-linux-gnu/libOgreTerrain.so;debug;/usr/lib/x86_64-linux-gnu/libOgreTerrain.so
[0.477s] -- Looking for OGRE_Property...
[0.477s] -- Found OGRE_Property: optimized;/usr/lib/x86_64-linux-gnu/libOgreProperty.so;debug;/usr/lib/x86_64-linux-gnu/libOgreProperty.so
[0.477s] -- Looking for OGRE_RTShaderSystem...
[0.477s] -- Found OGRE_RTShaderSystem: optimized;/usr/lib/x86_64-linux-gnu/libOgreRTShaderSystem.so;debug;/usr/lib/x86_64-linux-gnu/libOgreRTShaderSystem.so
[0.477s] -- Looking for OGRE_Volume...
[0.477s] -- Found OGRE_Volume: optimized;/usr/lib/x86_64-linux-gnu/libOgreVolume.so;debug;/usr/lib/x86_64-linux-gnu/libOgreVolume.so
[0.477s] -- Looking for OGRE_Overlay...
[0.477s] -- Found OGRE_Overlay: optimized;/usr/lib/x86_64-linux-gnu/libOgreOverlay.so;debug;/usr/lib/x86_64-linux-gnu/libOgreOverlay.so
[0.575s] -- Looking for ignition-math6 -- found version 6.15.1
[0.576s] -- Looking for ignition-transport8 -- found version 8.2.1
[0.577s] -- Searching for dependencies of ignition-transport8
[0.593s] -- Found Protobuf: /usr/lib/x86_64-linux-gnu/libprotobuf.so (found suitable version "3.12.4", minimum required is "3") 
[0.601s] -- Config-file not installed for ZeroMQ -- checking for pkg-config
[0.608s] -- Checking for module 'libzmq >= 4'
[0.620s] --   Found libzmq , version 4.3.4
[0.650s] -- Checking for module 'uuid'
[0.661s] --   Found uuid, version 2.37.2
[0.684s] -- Looking for ignition-msgs5 -- found version 5.8.1
[0.684s] -- Searching for dependencies of ignition-msgs5
[0.698s] -- Looking for ignition-math6 -- found version 6.15.1
[0.703s] -- Checking for module 'tinyxml2'
[0.713s] --   Found tinyxml2, version 9.0.0
[0.742s] -- Looking for ignition-msgs5 -- found version 5.8.1
[0.742s] -- Looking for ignition-common3 -- found version 3.14.0
[0.742s] -- Searching for dependencies of ignition-common3
[0.742s] -- Looking for dlfcn.h - found
[0.742s] -- Looking for libdl - found
[0.752s] -- Searching for <ignition-common3> component [graphics]
[0.752s] -- Looking for ignition-common3-graphics -- found version 3.14.0
[0.753s] -- Searching for dependencies of ignition-common3-graphics
[0.753s] -- Looking for ignition-math6 -- found version 6.15.1
[0.753s] -- Looking for ignition-fuel_tools4 -- found version 4.4.0
[0.754s] -- Searching for dependencies of ignition-fuel_tools4
[0.783s] -- Checking for module 'jsoncpp'
[0.792s] --   Found jsoncpp, version 1.9.5
[0.825s] -- Checking for module 'libzip'
[0.836s] --   Found libzip, version 1.7.3
[0.859s] -- Looking for ignition-common3 -- found version 3.14.0
[0.859s] -- Looking for ignition-math6 -- found version 6.15.1
[0.859s] -- Looking for ignition-msgs5 -- found version 5.8.1
[0.860s] -- Gazebo version: 11.10
[0.861s] -- Found image_transport: 3.1.9 (/opt/ros/humble/share/image_transport/cmake)
[0.894s] -- Found camera_info_manager: 3.1.9 (/opt/ros/humble/share/camera_info_manager/cmake)
[0.903s] -- Found ament_lint_auto: 0.12.11 (/opt/ros/humble/share/ament_lint_auto/cmake)
[0.957s] -- Configuring done
[0.970s] -- Generating done
[0.971s] -- Build files have been written to: /home/koushik/colcon_ws/build/realsense_gazebo_plugin
