[0.039s] Invoking command in '/home/koushik/colcon_ws/build/linkattacher_msgs': CMAKE_PREFIX_PATH=${CMAKE_PREFIX_PATH}:/home/koushik/colcon_ws/install/ur5_control:/opt/ros/humble /usr/bin/cmake --build /home/koushik/colcon_ws/build/linkattacher_msgs -- -j16 -l16
[0.109s] [  2%] Built target linkattacher_msgs__cpp
[0.109s] [ 12%] Built target linkattacher_msgs__rosidl_generator_c
[0.118s] [ 12%] Built target ament_cmake_python_symlink_linkattacher_msgs
[0.140s] [ 23%] Built target linkattacher_msgs__rosidl_typesupport_introspection_cpp
[0.141s] [ 33%] Built target linkattacher_msgs__rosidl_typesupport_fastrtps_cpp
[0.144s] [ 43%] Built target linkattacher_msgs__rosidl_typesupport_cpp
[0.152s] [ 53%] Built target linkattacher_msgs__rosidl_typesupport_c
[0.152s] [ 64%] Built target linkattacher_msgs__rosidl_typesupport_introspection_c
[0.153s] [ 74%] Built target linkattacher_msgs__rosidl_typesupport_fastrtps_c
[0.177s] [ 74%] Built target linkattacher_msgs
[0.200s] [ 76%] Built target linkattacher_msgs__py
[0.228s] [ 84%] Built target linkattacher_msgs__rosidl_generator_py
[0.256s] [ 89%] Built target linkattacher_msgs__rosidl_typesupport_fastrtps_c__pyext
[0.256s] [ 94%] Built target linkattacher_msgs__rosidl_typesupport_c__pyext
[0.256s] [100%] Built target linkattacher_msgs__rosidl_typesupport_introspection_c__pyext
[0.404s] running egg_info
[0.406s] writing linkattacher_msgs.egg-info/PKG-INFO
[0.406s] writing dependency_links to linkattacher_msgs.egg-info/dependency_links.txt
[0.406s] writing top-level names to linkattacher_msgs.egg-info/top_level.txt
[0.410s] reading manifest file 'linkattacher_msgs.egg-info/SOURCES.txt'
[0.410s] writing manifest file 'linkattacher_msgs.egg-info/SOURCES.txt'
[0.470s] [100%] Built target ament_cmake_python_build_linkattacher_msgs_egg
[0.528s] Invoked command in '/home/koushik/colcon_ws/build/linkattacher_msgs' returned '0': CMAKE_PREFIX_PATH=${CMAKE_PREFIX_PATH}:/home/koushik/colcon_ws/install/ur5_control:/opt/ros/humble /usr/bin/cmake --build /home/koushik/colcon_ws/build/linkattacher_msgs -- -j16 -l16
[0.649s] Invoking command in '/home/koushik/colcon_ws/build/linkattacher_msgs': CMAKE_PREFIX_PATH=${CMAKE_PREFIX_PATH}:/home/koushik/colcon_ws/install/ur5_control:/opt/ros/humble /usr/bin/cmake --install /home/koushik/colcon_ws/build/linkattacher_msgs
[0.658s] -- Install configuration: ""
[0.658s] -- Execute custom install script
[0.659s] -- Up-to-date symlink: /home/koushik/colcon_ws/install/linkattacher_msgs/share/linkattacher_msgs/srv/AttachLink.srv
[0.659s] -- Up-to-date symlink: /home/koushik/colcon_ws/install/linkattacher_msgs/share/linkattacher_msgs/srv/DetachLink.srv
[0.659s] -- Up-to-date symlink: /home/koushik/colcon_ws/install/linkattacher_msgs/share/ament_index/resource_index/rosidl_interfaces/linkattacher_msgs
[0.660s] -- Up-to-date symlink: /home/koushik/colcon_ws/install/linkattacher_msgs/include/linkattacher_msgs/linkattacher_msgs/msg/rosidl_generator_c__visibility_control.h
[0.660s] -- Up-to-date symlink: /home/koushik/colcon_ws/install/linkattacher_msgs/include/linkattacher_msgs/linkattacher_msgs/srv/attach_link.h
[0.660s] -- Up-to-date symlink: /home/koushik/colcon_ws/install/linkattacher_msgs/include/linkattacher_msgs/linkattacher_msgs/srv/detach_link.h
[0.660s] -- Up-to-date symlink: /home/koushik/colcon_ws/install/linkattacher_msgs/include/linkattacher_msgs/linkattacher_msgs/srv/detail/attach_link__functions.h
[0.660s] -- Up-to-date symlink: /home/koushik/colcon_ws/install/linkattacher_msgs/include/linkattacher_msgs/linkattacher_msgs/srv/detail/attach_link__struct.h
[0.660s] -- Up-to-date symlink: /home/koushik/colcon_ws/install/linkattacher_msgs/include/linkattacher_msgs/linkattacher_msgs/srv/detail/attach_link__type_support.h
[0.660s] -- Up-to-date symlink: /home/koushik/colcon_ws/install/linkattacher_msgs/include/linkattacher_msgs/linkattacher_msgs/srv/detail/detach_link__functions.h
[0.661s] -- Up-to-date symlink: /home/koushik/colcon_ws/install/linkattacher_msgs/include/linkattacher_msgs/linkattacher_msgs/srv/detail/detach_link__struct.h
[0.661s] -- Up-to-date symlink: /home/koushik/colcon_ws/install/linkattacher_msgs/include/linkattacher_msgs/linkattacher_msgs/srv/detail/detach_link__type_support.h
[0.661s] -- Up-to-date symlink: /home/koushik/colcon_ws/install/linkattacher_msgs/share/linkattacher_msgs/environment/library_path.sh
[0.661s] -- Up-to-date symlink: /home/koushik/colcon_ws/install/linkattacher_msgs/share/linkattacher_msgs/environment/library_path.dsv
[0.662s] -- Up-to-date symlink: /home/koushik/colcon_ws/install/linkattacher_msgs/include/linkattacher_msgs/linkattacher_msgs/msg/rosidl_typesupport_fastrtps_c__visibility_control.h
[0.663s] -- Up-to-date symlink: /home/koushik/colcon_ws/install/linkattacher_msgs/include/linkattacher_msgs/linkattacher_msgs/srv/detail/attach_link__rosidl_typesupport_fastrtps_c.h
[0.663s] -- Up-to-date symlink: /home/koushik/colcon_ws/install/linkattacher_msgs/include/linkattacher_msgs/linkattacher_msgs/srv/detail/detach_link__rosidl_typesupport_fastrtps_c.h
[0.663s] -- Up-to-date symlink: /home/koushik/colcon_ws/install/linkattacher_msgs/include/linkattacher_msgs/linkattacher_msgs/msg/rosidl_typesupport_introspection_c__visibility_control.h
[0.663s] -- Up-to-date symlink: /home/koushik/colcon_ws/install/linkattacher_msgs/include/linkattacher_msgs/linkattacher_msgs/srv/detail/attach_link__rosidl_typesupport_introspection_c.h
[0.664s] -- Up-to-date symlink: /home/koushik/colcon_ws/install/linkattacher_msgs/include/linkattacher_msgs/linkattacher_msgs/srv/detail/detach_link__rosidl_typesupport_introspection_c.h
[0.664s] -- Up-to-date symlink: /home/koushik/colcon_ws/install/linkattacher_msgs/include/linkattacher_msgs/linkattacher_msgs/srv/attach_link.hpp
[0.664s] -- Up-to-date symlink: /home/koushik/colcon_ws/install/linkattacher_msgs/include/linkattacher_msgs/linkattacher_msgs/srv/detach_link.hpp
[0.664s] -- Up-to-date symlink: /home/koushik/colcon_ws/install/linkattacher_msgs/include/linkattacher_msgs/linkattacher_msgs/srv/detail/attach_link__builder.hpp
[0.664s] -- Up-to-date symlink: /home/koushik/colcon_ws/install/linkattacher_msgs/include/linkattacher_msgs/linkattacher_msgs/srv/detail/attach_link__struct.hpp
[0.664s] -- Up-to-date symlink: /home/koushik/colcon_ws/install/linkattacher_msgs/include/linkattacher_msgs/linkattacher_msgs/srv/detail/attach_link__traits.hpp
[0.664s] -- Up-to-date symlink: /home/koushik/colcon_ws/install/linkattacher_msgs/include/linkattacher_msgs/linkattacher_msgs/srv/detail/detach_link__builder.hpp
[0.664s] -- Up-to-date symlink: /home/koushik/colcon_ws/install/linkattacher_msgs/include/linkattacher_msgs/linkattacher_msgs/srv/detail/detach_link__struct.hpp
[0.664s] -- Up-to-date symlink: /home/koushik/colcon_ws/install/linkattacher_msgs/include/linkattacher_msgs/linkattacher_msgs/srv/detail/detach_link__traits.hpp
[0.664s] -- Up-to-date symlink: /home/koushik/colcon_ws/install/linkattacher_msgs/include/linkattacher_msgs/linkattacher_msgs/msg/rosidl_typesupport_fastrtps_cpp__visibility_control.h
[0.665s] -- Up-to-date symlink: /home/koushik/colcon_ws/install/linkattacher_msgs/include/linkattacher_msgs/linkattacher_msgs/srv/detail/attach_link__rosidl_typesupport_fastrtps_cpp.hpp
[0.665s] -- Up-to-date symlink: /home/koushik/colcon_ws/install/linkattacher_msgs/include/linkattacher_msgs/linkattacher_msgs/srv/detail/detach_link__rosidl_typesupport_fastrtps_cpp.hpp
[0.665s] -- Up-to-date symlink: /home/koushik/colcon_ws/install/linkattacher_msgs/include/linkattacher_msgs/linkattacher_msgs/srv/detail/attach_link__rosidl_typesupport_introspection_cpp.hpp
[0.665s] -- Up-to-date symlink: /home/koushik/colcon_ws/install/linkattacher_msgs/include/linkattacher_msgs/linkattacher_msgs/srv/detail/detach_link__rosidl_typesupport_introspection_cpp.hpp
[0.666s] -- Up-to-date symlink: /home/koushik/colcon_ws/install/linkattacher_msgs/share/linkattacher_msgs/environment/pythonpath.sh
[0.666s] -- Up-to-date symlink: /home/koushik/colcon_ws/install/linkattacher_msgs/share/linkattacher_msgs/environment/pythonpath.dsv
[0.666s] -- Up-to-date symlink: /home/koushik/colcon_ws/install/linkattacher_msgs/local/lib/python3.10/dist-packages/linkattacher_msgs-0.0.0-py3.10.egg-info/PKG-INFO
[0.666s] -- Up-to-date symlink: /home/koushik/colcon_ws/install/linkattacher_msgs/local/lib/python3.10/dist-packages/linkattacher_msgs-0.0.0-py3.10.egg-info/SOURCES.txt
[0.666s] -- Up-to-date symlink: /home/koushik/colcon_ws/install/linkattacher_msgs/local/lib/python3.10/dist-packages/linkattacher_msgs-0.0.0-py3.10.egg-info/dependency_links.txt
[0.666s] -- Up-to-date symlink: /home/koushik/colcon_ws/install/linkattacher_msgs/local/lib/python3.10/dist-packages/linkattacher_msgs-0.0.0-py3.10.egg-info/top_level.txt
[0.667s] -- Up-to-date symlink: /home/koushik/colcon_ws/install/linkattacher_msgs/local/lib/python3.10/dist-packages/linkattacher_msgs/__init__.py
[0.667s] -- Up-to-date symlink: /home/koushik/colcon_ws/install/linkattacher_msgs/local/lib/python3.10/dist-packages/linkattacher_msgs/_linkattacher_msgs_s.ep.rosidl_typesupport_c.c
[0.667s] -- Up-to-date symlink: /home/koushik/colcon_ws/install/linkattacher_msgs/local/lib/python3.10/dist-packages/linkattacher_msgs/_linkattacher_msgs_s.ep.rosidl_typesupport_fastrtps_c.c
[0.667s] -- Up-to-date symlink: /home/koushik/colcon_ws/install/linkattacher_msgs/local/lib/python3.10/dist-packages/linkattacher_msgs/_linkattacher_msgs_s.ep.rosidl_typesupport_introspection_c.c
[0.667s] -- Up-to-date symlink: /home/koushik/colcon_ws/install/linkattacher_msgs/local/lib/python3.10/dist-packages/linkattacher_msgs/liblinkattacher_msgs__rosidl_generator_py.so
[0.668s] -- Up-to-date symlink: /home/koushik/colcon_ws/install/linkattacher_msgs/local/lib/python3.10/dist-packages/linkattacher_msgs/linkattacher_msgs_s__rosidl_typesupport_c.cpython-310-x86_64-linux-gnu.so
[0.668s] -- Up-to-date symlink: /home/koushik/colcon_ws/install/linkattacher_msgs/local/lib/python3.10/dist-packages/linkattacher_msgs/linkattacher_msgs_s__rosidl_typesupport_fastrtps_c.cpython-310-x86_64-linux-gnu.so
[0.668s] -- Up-to-date symlink: /home/koushik/colcon_ws/install/linkattacher_msgs/local/lib/python3.10/dist-packages/linkattacher_msgs/linkattacher_msgs_s__rosidl_typesupport_introspection_c.cpython-310-x86_64-linux-gnu.so
[0.668s] -- Up-to-date symlink: /home/koushik/colcon_ws/install/linkattacher_msgs/local/lib/python3.10/dist-packages/linkattacher_msgs/srv/__init__.py
[0.668s] -- Up-to-date symlink: /home/koushik/colcon_ws/install/linkattacher_msgs/local/lib/python3.10/dist-packages/linkattacher_msgs/srv/_attach_link.py
[0.668s] -- Up-to-date symlink: /home/koushik/colcon_ws/install/linkattacher_msgs/local/lib/python3.10/dist-packages/linkattacher_msgs/srv/_attach_link_s.c
[0.668s] -- Up-to-date symlink: /home/koushik/colcon_ws/install/linkattacher_msgs/local/lib/python3.10/dist-packages/linkattacher_msgs/srv/_detach_link.py
[0.669s] -- Up-to-date symlink: /home/koushik/colcon_ws/install/linkattacher_msgs/local/lib/python3.10/dist-packages/linkattacher_msgs/srv/_detach_link_s.c
[0.669s] -- Up-to-date symlink: /home/koushik/colcon_ws/install/linkattacher_msgs/local/lib/python3.10/dist-packages/linkattacher_msgs/linkattacher_msgs_s__rosidl_typesupport_fastrtps_c.cpython-310-x86_64-linux-gnu.so
[0.669s] -- Up-to-date symlink: /home/koushik/colcon_ws/install/linkattacher_msgs/local/lib/python3.10/dist-packages/linkattacher_msgs/linkattacher_msgs_s__rosidl_typesupport_introspection_c.cpython-310-x86_64-linux-gnu.so
[0.670s] -- Up-to-date symlink: /home/koushik/colcon_ws/install/linkattacher_msgs/local/lib/python3.10/dist-packages/linkattacher_msgs/linkattacher_msgs_s__rosidl_typesupport_c.cpython-310-x86_64-linux-gnu.so
[0.670s] -- Up-to-date symlink: /home/koushik/colcon_ws/install/linkattacher_msgs/share/linkattacher_msgs/srv/AttachLink.idl
[0.670s] -- Up-to-date symlink: /home/koushik/colcon_ws/install/linkattacher_msgs/share/linkattacher_msgs/srv/DetachLink.idl
[0.670s] -- Up-to-date symlink: /home/koushik/colcon_ws/install/linkattacher_msgs/share/linkattacher_msgs/srv/AttachLink.srv
[0.670s] -- Up-to-date symlink: /home/koushik/colcon_ws/install/linkattacher_msgs/share/linkattacher_msgs/srv/AttachLink_Request.msg
[0.670s] -- Up-to-date symlink: /home/koushik/colcon_ws/install/linkattacher_msgs/share/linkattacher_msgs/srv/AttachLink_Response.msg
[0.671s] -- Up-to-date symlink: /home/koushik/colcon_ws/install/linkattacher_msgs/share/linkattacher_msgs/srv/DetachLink.srv
[0.671s] -- Up-to-date symlink: /home/koushik/colcon_ws/install/linkattacher_msgs/share/linkattacher_msgs/srv/DetachLink_Request.msg
[0.671s] -- Up-to-date symlink: /home/koushik/colcon_ws/install/linkattacher_msgs/share/linkattacher_msgs/srv/DetachLink_Response.msg
[0.671s] -- Up-to-date symlink: /home/koushik/colcon_ws/install/linkattacher_msgs/share/ament_index/resource_index/package_run_dependencies/linkattacher_msgs
[0.671s] -- Up-to-date symlink: /home/koushik/colcon_ws/install/linkattacher_msgs/share/ament_index/resource_index/parent_prefix_path/linkattacher_msgs
[0.671s] -- Up-to-date symlink: /home/koushik/colcon_ws/install/linkattacher_msgs/share/linkattacher_msgs/environment/ament_prefix_path.sh
[0.672s] -- Up-to-date symlink: /home/koushik/colcon_ws/install/linkattacher_msgs/share/linkattacher_msgs/environment/ament_prefix_path.dsv
[0.672s] -- Up-to-date symlink: /home/koushik/colcon_ws/install/linkattacher_msgs/share/linkattacher_msgs/environment/path.sh
[0.672s] -- Up-to-date symlink: /home/koushik/colcon_ws/install/linkattacher_msgs/share/linkattacher_msgs/environment/path.dsv
[0.672s] -- Up-to-date symlink: /home/koushik/colcon_ws/install/linkattacher_msgs/share/linkattacher_msgs/local_setup.bash
[0.672s] -- Up-to-date symlink: /home/koushik/colcon_ws/install/linkattacher_msgs/share/linkattacher_msgs/local_setup.sh
[0.672s] -- Up-to-date symlink: /home/koushik/colcon_ws/install/linkattacher_msgs/share/linkattacher_msgs/local_setup.zsh
[0.672s] -- Up-to-date symlink: /home/koushik/colcon_ws/install/linkattacher_msgs/share/linkattacher_msgs/local_setup.dsv
[0.673s] -- Symlinking: /home/koushik/colcon_ws/install/linkattacher_msgs/share/linkattacher_msgs/package.dsv
[0.683s] -- Up-to-date symlink: /home/koushik/colcon_ws/install/linkattacher_msgs/share/ament_index/resource_index/packages/linkattacher_msgs
[0.683s] -- Up-to-date symlink: /home/koushik/colcon_ws/install/linkattacher_msgs/share/linkattacher_msgs/cmake/rosidl_cmake-extras.cmake
[0.684s] -- Up-to-date symlink: /home/koushik/colcon_ws/install/linkattacher_msgs/share/linkattacher_msgs/cmake/ament_cmake_export_include_directories-extras.cmake
[0.684s] -- Up-to-date symlink: /home/koushik/colcon_ws/install/linkattacher_msgs/share/linkattacher_msgs/cmake/ament_cmake_export_libraries-extras.cmake
[0.684s] -- Up-to-date symlink: /home/koushik/colcon_ws/install/linkattacher_msgs/share/linkattacher_msgs/cmake/ament_cmake_export_targets-extras.cmake
[0.684s] -- Up-to-date symlink: /home/koushik/colcon_ws/install/linkattacher_msgs/share/linkattacher_msgs/cmake/rosidl_cmake_export_typesupport_targets-extras.cmake
[0.684s] -- Up-to-date symlink: /home/koushik/colcon_ws/install/linkattacher_msgs/share/linkattacher_msgs/cmake/ament_cmake_export_dependencies-extras.cmake
[0.684s] -- Up-to-date symlink: /home/koushik/colcon_ws/install/linkattacher_msgs/share/linkattacher_msgs/cmake/rosidl_cmake_export_typesupport_libraries-extras.cmake
[0.685s] -- Up-to-date symlink: /home/koushik/colcon_ws/install/linkattacher_msgs/share/linkattacher_msgs/cmake/linkattacher_msgsConfig.cmake
[0.685s] -- Up-to-date symlink: /home/koushik/colcon_ws/install/linkattacher_msgs/share/linkattacher_msgs/cmake/linkattacher_msgsConfig-version.cmake
[0.685s] -- Up-to-date symlink: /home/koushik/colcon_ws/install/linkattacher_msgs/share/linkattacher_msgs/package.xml
[0.685s] -- Up-to-date: /home/koushik/colcon_ws/install/linkattacher_msgs/lib/liblinkattacher_msgs__rosidl_generator_c.so
[0.685s] -- Up-to-date: /home/koushik/colcon_ws/install/linkattacher_msgs/lib/liblinkattacher_msgs__rosidl_typesupport_fastrtps_c.so
[0.685s] -- Up-to-date: /home/koushik/colcon_ws/install/linkattacher_msgs/lib/liblinkattacher_msgs__rosidl_typesupport_introspection_c.so
[0.686s] -- Up-to-date: /home/koushik/colcon_ws/install/linkattacher_msgs/lib/liblinkattacher_msgs__rosidl_typesupport_c.so
[0.686s] -- Up-to-date: /home/koushik/colcon_ws/install/linkattacher_msgs/lib/liblinkattacher_msgs__rosidl_typesupport_fastrtps_cpp.so
[0.686s] -- Up-to-date: /home/koushik/colcon_ws/install/linkattacher_msgs/lib/liblinkattacher_msgs__rosidl_typesupport_introspection_cpp.so
[0.686s] -- Up-to-date: /home/koushik/colcon_ws/install/linkattacher_msgs/lib/liblinkattacher_msgs__rosidl_typesupport_cpp.so
[0.732s] Listing '/home/koushik/colcon_ws/install/linkattacher_msgs/local/lib/python3.10/dist-packages/linkattacher_msgs'...
[0.733s] Listing '/home/koushik/colcon_ws/install/linkattacher_msgs/local/lib/python3.10/dist-packages/linkattacher_msgs/srv'...
[0.738s] -- Up-to-date: /home/koushik/colcon_ws/install/linkattacher_msgs/lib/liblinkattacher_msgs__rosidl_generator_py.so
[0.738s] -- Up-to-date: /home/koushik/colcon_ws/install/linkattacher_msgs/share/linkattacher_msgs/cmake/export_linkattacher_msgs__rosidl_generator_cExport.cmake
[0.738s] -- Up-to-date: /home/koushik/colcon_ws/install/linkattacher_msgs/share/linkattacher_msgs/cmake/export_linkattacher_msgs__rosidl_generator_cExport-noconfig.cmake
[0.738s] -- Up-to-date: /home/koushik/colcon_ws/install/linkattacher_msgs/share/linkattacher_msgs/cmake/export_linkattacher_msgs__rosidl_typesupport_fastrtps_cExport.cmake
[0.738s] -- Up-to-date: /home/koushik/colcon_ws/install/linkattacher_msgs/share/linkattacher_msgs/cmake/export_linkattacher_msgs__rosidl_typesupport_fastrtps_cExport-noconfig.cmake
[0.738s] -- Up-to-date: /home/koushik/colcon_ws/install/linkattacher_msgs/share/linkattacher_msgs/cmake/linkattacher_msgs__rosidl_typesupport_introspection_cExport.cmake
[0.738s] -- Up-to-date: /home/koushik/colcon_ws/install/linkattacher_msgs/share/linkattacher_msgs/cmake/linkattacher_msgs__rosidl_typesupport_introspection_cExport-noconfig.cmake
[0.738s] -- Up-to-date: /home/koushik/colcon_ws/install/linkattacher_msgs/share/linkattacher_msgs/cmake/linkattacher_msgs__rosidl_typesupport_cExport.cmake
[0.739s] -- Up-to-date: /home/koushik/colcon_ws/install/linkattacher_msgs/share/linkattacher_msgs/cmake/linkattacher_msgs__rosidl_typesupport_cExport-noconfig.cmake
[0.739s] -- Up-to-date: /home/koushik/colcon_ws/install/linkattacher_msgs/share/linkattacher_msgs/cmake/export_linkattacher_msgs__rosidl_generator_cppExport.cmake
[0.739s] -- Up-to-date: /home/koushik/colcon_ws/install/linkattacher_msgs/share/linkattacher_msgs/cmake/export_linkattacher_msgs__rosidl_typesupport_fastrtps_cppExport.cmake
[0.739s] -- Up-to-date: /home/koushik/colcon_ws/install/linkattacher_msgs/share/linkattacher_msgs/cmake/export_linkattacher_msgs__rosidl_typesupport_fastrtps_cppExport-noconfig.cmake
[0.739s] -- Up-to-date: /home/koushik/colcon_ws/install/linkattacher_msgs/share/linkattacher_msgs/cmake/linkattacher_msgs__rosidl_typesupport_introspection_cppExport.cmake
[0.739s] -- Up-to-date: /home/koushik/colcon_ws/install/linkattacher_msgs/share/linkattacher_msgs/cmake/linkattacher_msgs__rosidl_typesupport_introspection_cppExport-noconfig.cmake
[0.739s] -- Up-to-date: /home/koushik/colcon_ws/install/linkattacher_msgs/share/linkattacher_msgs/cmake/linkattacher_msgs__rosidl_typesupport_cppExport.cmake
[0.739s] -- Up-to-date: /home/koushik/colcon_ws/install/linkattacher_msgs/share/linkattacher_msgs/cmake/linkattacher_msgs__rosidl_typesupport_cppExport-noconfig.cmake
[0.739s] -- Up-to-date: /home/koushik/colcon_ws/install/linkattacher_msgs/share/linkattacher_msgs/cmake/export_linkattacher_msgs__rosidl_generator_pyExport.cmake
[0.739s] -- Up-to-date: /home/koushik/colcon_ws/install/linkattacher_msgs/share/linkattacher_msgs/cmake/export_linkattacher_msgs__rosidl_generator_pyExport-noconfig.cmake
[0.742s] Invoked command in '/home/koushik/colcon_ws/build/linkattacher_msgs' returned '0': CMAKE_PREFIX_PATH=${CMAKE_PREFIX_PATH}:/home/koushik/colcon_ws/install/ur5_control:/opt/ros/humble /usr/bin/cmake --install /home/koushik/colcon_ws/build/linkattacher_msgs
