[0.024s] Invoking command in '/home/koushik/colcon_ws/build/ebot_description': CMAKE_PREFIX_PATH=${CMAKE_PREFIX_PATH}:/home/koushik/colcon_ws/install/ur5_control:/opt/ros/humble /usr/bin/cmake /home/koushik/colcon_ws/src/ebot_description -DCMAKE_INSTALL_PREFIX=/home/koushik/colcon_ws/install/ebot_description
[0.077s] -- The C compiler identification is GNU 11.4.0
[0.128s] -- The CXX compiler identification is GNU 11.4.0
[0.134s] -- Detecting C compiler ABI info
[0.197s] -- Detecting C compiler ABI info - done
[0.203s] -- Check for working C compiler: /usr/bin/cc - skipped
[0.203s] -- Detecting C compile features
[0.203s] -- Detecting C compile features - done
[0.205s] -- Detecting CXX compiler ABI info
[0.287s] -- Detecting CXX compiler ABI info - done
[0.292s] -- Check for working CXX compiler: /usr/bin/c++ - skipped
[0.293s] -- Detecting CXX compile features
[0.293s] -- Detecting CXX compile features - done
[0.295s] -- Found ament_cmake: 1.3.10 (/opt/ros/humble/share/ament_cmake/cmake)
[0.433s] -- Found Python3: /usr/bin/python3 (found version "3.10.12") found components: Interpreter 
[0.514s] -- Found rclcpp: 16.0.10 (/opt/ros/humble/share/rclcpp/cmake)
[0.545s] -- Found rosidl_generator_c: 3.1.5 (/opt/ros/humble/share/rosidl_generator_c/cmake)
[0.549s] -- Found rosidl_adapter: 3.1.5 (/opt/ros/humble/share/rosidl_adapter/cmake)
[0.555s] -- Found rosidl_generator_cpp: 3.1.5 (/opt/ros/humble/share/rosidl_generator_cpp/cmake)
[0.563s] -- Using all available rosidl_typesupport_c: rosidl_typesupport_fastrtps_c;rosidl_typesupport_introspection_c
[0.574s] -- Using all available rosidl_typesupport_cpp: rosidl_typesupport_fastrtps_cpp;rosidl_typesupport_introspection_cpp
[0.604s] -- Found rmw_implementation_cmake: 6.1.2 (/opt/ros/humble/share/rmw_implementation_cmake/cmake)
[0.606s] -- Found rmw_fastrtps_cpp: 6.2.7 (/opt/ros/humble/share/rmw_fastrtps_cpp/cmake)
[0.686s] -- Found OpenSSL: /usr/lib/x86_64-linux-gnu/libcrypto.so (found version "3.0.2")  
[0.714s] -- Found FastRTPS: /opt/ros/humble/include  
[0.750s] -- Using RMW implementation 'rmw_fastrtps_cpp' as default
[0.757s] -- Looking for pthread.h
[0.834s] -- Looking for pthread.h - found
[0.834s] -- Performing Test CMAKE_HAVE_LIBC_PTHREAD
[0.911s] -- Performing Test CMAKE_HAVE_LIBC_PTHREAD - Success
[0.912s] -- Found Threads: TRUE  
[0.951s] -- Found rclpy: 3.3.14 (/opt/ros/humble/share/rclpy/cmake)
[0.951s] -- Found urdf: 2.6.1 (/opt/ros/humble/share/urdf/cmake)
[0.974s] -- Found xacro: 2.0.8 (/opt/ros/humble/share/xacro/cmake)
[0.975s] -- Found ament_lint_auto: 0.12.11 (/opt/ros/humble/share/ament_lint_auto/cmake)
[1.036s] -- Added test 'copyright' to check source files copyright and LICENSE
[1.038s] -- Added test 'flake8' to check Python code syntax and style conventions
[1.039s] -- Added test 'lint_cmake' to check CMake code style
[1.040s] -- Added test 'pep257' to check Python code against some of the docstring style conventions in PEP 257
[1.041s] -- Added test 'xmllint' to check XML markup files
[1.042s] -- Configuring done
[1.047s] -- Generating done
[1.048s] -- Build files have been written to: /home/koushik/colcon_ws/build/ebot_description
[1.065s] Invoked command in '/home/koushik/colcon_ws/build/ebot_description' returned '0': CMAKE_PREFIX_PATH=${CMAKE_PREFIX_PATH}:/home/koushik/colcon_ws/install/ur5_control:/opt/ros/humble /usr/bin/cmake /home/koushik/colcon_ws/src/ebot_description -DCMAKE_INSTALL_PREFIX=/home/koushik/colcon_ws/install/ebot_description
[1.067s] Invoking command in '/home/koushik/colcon_ws/build/ebot_description': CMAKE_PREFIX_PATH=${CMAKE_PREFIX_PATH}:/home/koushik/colcon_ws/install/ur5_control:/opt/ros/humble /usr/bin/cmake --build /home/koushik/colcon_ws/build/ebot_description -- -j16 -l16
[1.102s] Invoked command in '/home/koushik/colcon_ws/build/ebot_description' returned '0': CMAKE_PREFIX_PATH=${CMAKE_PREFIX_PATH}:/home/koushik/colcon_ws/install/ur5_control:/opt/ros/humble /usr/bin/cmake --build /home/koushik/colcon_ws/build/ebot_description -- -j16 -l16
[1.120s] Invoking command in '/home/koushik/colcon_ws/build/ebot_description': CMAKE_PREFIX_PATH=${CMAKE_PREFIX_PATH}:/home/koushik/colcon_ws/install/ur5_control:/opt/ros/humble /usr/bin/cmake --install /home/koushik/colcon_ws/build/ebot_description
[1.128s] -- Install configuration: ""
[1.128s] -- Installing: /home/koushik/colcon_ws/install/ebot_description/share/ebot_description//launch
[1.128s] -- Installing: /home/koushik/colcon_ws/install/ebot_description/share/ebot_description//launch/start_world_task1b_launch.py
[1.128s] -- Installing: /home/koushik/colcon_ws/install/ebot_description/share/ebot_description//launch/start_world_task1c_launch.py
[1.128s] -- Installing: /home/koushik/colcon_ws/install/ebot_description/share/ebot_description//launch/start_world_launch.py
[1.128s] -- Installing: /home/koushik/colcon_ws/install/ebot_description/share/ebot_description//launch/spawn_robot.py
[1.129s] -- Installing: /home/koushik/colcon_ws/install/ebot_description/share/ebot_description//launch/ebot_gazebo_launch.py
[1.129s] -- Installing: /home/koushik/colcon_ws/install/ebot_description/share/ebot_description//worlds
[1.129s] -- Installing: /home/koushik/colcon_ws/install/ebot_description/share/ebot_description//worlds/empty.world
[1.129s] -- Installing: /home/koushik/colcon_ws/install/ebot_description/share/ebot_description//models
[1.129s] -- Installing: /home/koushik/colcon_ws/install/ebot_description/share/ebot_description//models/ebot
[1.129s] -- Installing: /home/koushik/colcon_ws/install/ebot_description/share/ebot_description//models/ebot/ebot.gazebo
[1.129s] -- Installing: /home/koushik/colcon_ws/install/ebot_description/share/ebot_description//models/ebot/ebot_description.xacro
[1.129s] -- Installing: /home/koushik/colcon_ws/install/ebot_description/share/ebot_description//meshes
[1.129s] -- Installing: /home/koushik/colcon_ws/install/ebot_description/share/ebot_description//meshes/FUS4.STL
[1.129s] -- Installing: /home/koushik/colcon_ws/install/ebot_description/share/ebot_description//meshes/FUS3.STL
[1.129s] -- Installing: /home/koushik/colcon_ws/install/ebot_description/share/ebot_description//meshes/RHUS9.STL
[1.129s] -- Installing: /home/koushik/colcon_ws/install/ebot_description/share/ebot_description//meshes/FWL.STL
[1.131s] -- Installing: /home/koushik/colcon_ws/install/ebot_description/share/ebot_description//meshes/LHUS10.STL
[1.131s] -- Installing: /home/koushik/colcon_ws/install/ebot_description/share/ebot_description//meshes/LHUS9.STL
[1.131s] -- Installing: /home/koushik/colcon_ws/install/ebot_description/share/ebot_description//meshes/FUS1.STL
[1.131s] -- Installing: /home/koushik/colcon_ws/install/ebot_description/share/ebot_description//meshes/chassis.dae
[1.151s] -- Installing: /home/koushik/colcon_ws/install/ebot_description/share/ebot_description//meshes/robot_base.stl
[1.151s] -- Installing: /home/koushik/colcon_ws/install/ebot_description/share/ebot_description//meshes/FWR.STL
[1.151s] -- Installing: /home/koushik/colcon_ws/install/ebot_description/share/ebot_description//meshes/RHUS7.STL
[1.151s] -- Installing: /home/koushik/colcon_ws/install/ebot_description/share/ebot_description//meshes/RWR.STL
[1.152s] -- Installing: /home/koushik/colcon_ws/install/ebot_description/share/ebot_description//meshes/FUS2.STL
[1.152s] -- Installing: /home/koushik/colcon_ws/install/ebot_description/share/ebot_description//meshes/RUS6.STL
[1.152s] -- Installing: /home/koushik/colcon_ws/install/ebot_description/share/ebot_description//meshes/RWL.STL
[1.152s] -- Installing: /home/koushik/colcon_ws/install/ebot_description/share/ebot_description//meshes/RUS5.STL
[1.153s] -- Installing: /home/koushik/colcon_ws/install/ebot_description/share/ebot_description//plugins
[1.153s] -- Installing: /home/koushik/colcon_ws/install/ebot_description/share/ebot_description//plugins/libgazebo_collision_sensor.so
[1.154s] -- Installing: /home/koushik/colcon_ws/install/ebot_description/share/ebot_description//plugins/libgazebo_ros_vacuum_gripper.so
[1.158s] -- Installing: /home/koushik/colcon_ws/install/ebot_description/share/ament_index/resource_index/package_run_dependencies/ebot_description
[1.158s] -- Installing: /home/koushik/colcon_ws/install/ebot_description/share/ament_index/resource_index/parent_prefix_path/ebot_description
[1.158s] -- Installing: /home/koushik/colcon_ws/install/ebot_description/share/ebot_description/environment/ament_prefix_path.sh
[1.158s] -- Installing: /home/koushik/colcon_ws/install/ebot_description/share/ebot_description/environment/ament_prefix_path.dsv
[1.158s] -- Installing: /home/koushik/colcon_ws/install/ebot_description/share/ebot_description/environment/path.sh
[1.158s] -- Installing: /home/koushik/colcon_ws/install/ebot_description/share/ebot_description/environment/path.dsv
[1.158s] -- Installing: /home/koushik/colcon_ws/install/ebot_description/share/ebot_description/local_setup.bash
[1.158s] -- Installing: /home/koushik/colcon_ws/install/ebot_description/share/ebot_description/local_setup.sh
[1.158s] -- Installing: /home/koushik/colcon_ws/install/ebot_description/share/ebot_description/local_setup.zsh
[1.158s] -- Installing: /home/koushik/colcon_ws/install/ebot_description/share/ebot_description/local_setup.dsv
[1.159s] -- Installing: /home/koushik/colcon_ws/install/ebot_description/share/ebot_description/package.dsv
[1.159s] -- Installing: /home/koushik/colcon_ws/install/ebot_description/share/ament_index/resource_index/packages/ebot_description
[1.159s] -- Installing: /home/koushik/colcon_ws/install/ebot_description/share/ebot_description/cmake/ebot_descriptionConfig.cmake
[1.159s] -- Installing: /home/koushik/colcon_ws/install/ebot_description/share/ebot_description/cmake/ebot_descriptionConfig-version.cmake
[1.159s] -- Installing: /home/koushik/colcon_ws/install/ebot_description/share/ebot_description/package.xml
[1.163s] Invoked command in '/home/koushik/colcon_ws/build/ebot_description' returned '0': CMAKE_PREFIX_PATH=${CMAKE_PREFIX_PATH}:/home/koushik/colcon_ws/install/ur5_control:/opt/ros/humble /usr/bin/cmake --install /home/koushik/colcon_ws/build/ebot_description
