[0.035s] Invoking command in '/home/koushik/colcon_ws/build/linkattacher_msgs': CMAKE_PREFIX_PATH=${CMAKE_PREFIX_PATH}:/home/koushik/colcon_ws/install/ur5_control:/opt/ros/humble /usr/bin/cmake /home/koushik/colcon_ws/src/linkattacher_msgs -DAMENT_CMAKE_SYMLINK_INSTALL=1 -DCMAKE_INSTALL_PREFIX=/home/koushik/colcon_ws/install/linkattacher_msgs
[0.043s] -- Found ament_cmake: 1.3.10 (/opt/ros/humble/share/ament_cmake/cmake)
[0.156s] -- Override CMake install command with custom implementation using symlinks instead of copying resources
[0.162s] -- Found ament_lint_auto: 0.12.11 (/opt/ros/humble/share/ament_lint_auto/cmake)
[0.220s] -- Found rosidl_default_generators: 1.2.0 (/opt/ros/humble/share/rosidl_default_generators/cmake)
[0.223s] -- Using all available rosidl_typesupport_c: rosidl_typesupport_fastrtps_c;rosidl_typesupport_introspection_c
[0.227s] -- Found rosidl_adapter: 3.1.5 (/opt/ros/humble/share/rosidl_adapter/cmake)
[0.263s] -- Using all available rosidl_typesupport_cpp: rosidl_typesupport_fastrtps_cpp;rosidl_typesupport_introspection_cpp
[0.485s] -- Found ament_cmake_ros: 0.10.0 (/opt/ros/humble/share/ament_cmake_ros/cmake)
[0.655s] -- Using all available rosidl_typesupport_c: rosidl_typesupport_fastrtps_c;rosidl_typesupport_introspection_c
[0.858s] -- Using all available rosidl_typesupport_cpp: rosidl_typesupport_fastrtps_cpp;rosidl_typesupport_introspection_cpp
[0.877s] -- Found python_cmake_module: 0.10.0 (/opt/ros/humble/share/python_cmake_module/cmake)
[0.894s] -- Using PYTHON_EXECUTABLE: /usr/bin/python3
[0.894s] -- Using PYTHON_INCLUDE_DIRS: /usr/include/python3.10
[0.894s] -- Using PYTHON_LIBRARIES: /usr/lib/x86_64-linux-gnu/libpython3.10.so
[0.908s] -- Added test 'copyright' to check source files copyright and LICENSE
[0.909s] -- Added test 'lint_cmake' to check CMake code style
[0.909s] -- Added test 'xmllint' to check XML markup files
[0.912s] -- Configuring done
[0.933s] -- Generating done
[0.936s] -- Build files have been written to: /home/koushik/colcon_ws/build/linkattacher_msgs
[0.943s] Invoked command in '/home/koushik/colcon_ws/build/linkattacher_msgs' returned '0': CMAKE_PREFIX_PATH=${CMAKE_PREFIX_PATH}:/home/koushik/colcon_ws/install/ur5_control:/opt/ros/humble /usr/bin/cmake /home/koushik/colcon_ws/src/linkattacher_msgs -DAMENT_CMAKE_SYMLINK_INSTALL=1 -DCMAKE_INSTALL_PREFIX=/home/koushik/colcon_ws/install/linkattacher_msgs
[0.944s] Invoking command in '/home/koushik/colcon_ws/build/linkattacher_msgs': CMAKE_PREFIX_PATH=${CMAKE_PREFIX_PATH}:/home/koushik/colcon_ws/install/ur5_control:/opt/ros/humble /usr/bin/cmake --build /home/koushik/colcon_ws/build/linkattacher_msgs -- -j16 -l16
[0.974s] [35m[1mConsolidate compiler generated dependencies of target linkattacher_msgs__rosidl_generator_c[0m
[0.982s] [  2%] Built target linkattacher_msgs__cpp
[0.982s] [ 12%] Built target linkattacher_msgs__rosidl_generator_c
[0.994s] [ 12%] Built target ament_cmake_python_symlink_linkattacher_msgs
[0.994s] [35m[1mConsolidate compiler generated dependencies of target linkattacher_msgs__rosidl_typesupport_c[0m
[0.994s] [35m[1mConsolidate compiler generated dependencies of target linkattacher_msgs__rosidl_typesupport_introspection_c[0m
[0.995s] [35m[1mConsolidate compiler generated dependencies of target linkattacher_msgs__rosidl_typesupport_fastrtps_cpp[0m
[0.995s] [35m[1mConsolidate compiler generated dependencies of target linkattacher_msgs__rosidl_typesupport_fastrtps_c[0m
[1.004s] [35m[1mConsolidate compiler generated dependencies of target linkattacher_msgs__rosidl_typesupport_introspection_cpp[0m
[1.008s] [ 23%] Built target linkattacher_msgs__rosidl_typesupport_introspection_c
[1.008s] [ 33%] Built target linkattacher_msgs__rosidl_typesupport_c
[1.009s] [35m[1mConsolidate compiler generated dependencies of target linkattacher_msgs__rosidl_typesupport_cpp[0m
[1.012s] [ 53%] Built target linkattacher_msgs__rosidl_typesupport_fastrtps_cpp
[1.012s] [ 53%] Built target linkattacher_msgs__rosidl_typesupport_fastrtps_c
[1.024s] [ 74%] Built target linkattacher_msgs__rosidl_typesupport_cpp
[1.024s] [ 74%] Built target linkattacher_msgs__rosidl_typesupport_introspection_cpp
[1.045s] [ 74%] Built target linkattacher_msgs
[1.064s] [ 76%] Built target linkattacher_msgs__py
[1.073s] [35m[1mConsolidate compiler generated dependencies of target linkattacher_msgs__rosidl_generator_py[0m
[1.087s] [ 84%] Built target linkattacher_msgs__rosidl_generator_py
[1.097s] [35m[1mConsolidate compiler generated dependencies of target linkattacher_msgs__rosidl_typesupport_fastrtps_c__pyext[0m
[1.097s] [35m[1mConsolidate compiler generated dependencies of target linkattacher_msgs__rosidl_typesupport_c__pyext[0m
[1.098s] [35m[1mConsolidate compiler generated dependencies of target linkattacher_msgs__rosidl_typesupport_introspection_c__pyext[0m
[1.109s] [100%] Built target linkattacher_msgs__rosidl_typesupport_c__pyext
[1.109s] [100%] Built target linkattacher_msgs__rosidl_typesupport_fastrtps_c__pyext
[1.109s] [100%] Built target linkattacher_msgs__rosidl_typesupport_introspection_c__pyext
[1.195s] running egg_info
[1.195s] writing linkattacher_msgs.egg-info/PKG-INFO
[1.196s] writing dependency_links to linkattacher_msgs.egg-info/dependency_links.txt
[1.196s] writing top-level names to linkattacher_msgs.egg-info/top_level.txt
[1.197s] reading manifest file 'linkattacher_msgs.egg-info/SOURCES.txt'
[1.197s] writing manifest file 'linkattacher_msgs.egg-info/SOURCES.txt'
[1.221s] [100%] Built target ament_cmake_python_build_linkattacher_msgs_egg
[1.231s] Invoked command in '/home/koushik/colcon_ws/build/linkattacher_msgs' returned '0': CMAKE_PREFIX_PATH=${CMAKE_PREFIX_PATH}:/home/koushik/colcon_ws/install/ur5_control:/opt/ros/humble /usr/bin/cmake --build /home/koushik/colcon_ws/build/linkattacher_msgs -- -j16 -l16
[1.286s] Invoking command in '/home/koushik/colcon_ws/build/linkattacher_msgs': CMAKE_PREFIX_PATH=${CMAKE_PREFIX_PATH}:/home/koushik/colcon_ws/install/ur5_control:/opt/ros/humble /usr/bin/cmake --install /home/koushik/colcon_ws/build/linkattacher_msgs
[1.293s] -- Install configuration: ""
[1.294s] -- Execute custom install script
[1.294s] -- Up-to-date symlink: /home/koushik/colcon_ws/install/linkattacher_msgs/share/linkattacher_msgs/srv/AttachLink.srv
[1.294s] -- Up-to-date symlink: /home/koushik/colcon_ws/install/linkattacher_msgs/share/linkattacher_msgs/srv/DetachLink.srv
[1.294s] -- Up-to-date symlink: /home/koushik/colcon_ws/install/linkattacher_msgs/share/ament_index/resource_index/rosidl_interfaces/linkattacher_msgs
[1.294s] -- Up-to-date symlink: /home/koushik/colcon_ws/install/linkattacher_msgs/include/linkattacher_msgs/linkattacher_msgs/msg/rosidl_generator_c__visibility_control.h
[1.294s] -- Up-to-date symlink: /home/koushik/colcon_ws/install/linkattacher_msgs/include/linkattacher_msgs/linkattacher_msgs/srv/attach_link.h
[1.294s] -- Up-to-date symlink: /home/koushik/colcon_ws/install/linkattacher_msgs/include/linkattacher_msgs/linkattacher_msgs/srv/detach_link.h
[1.294s] -- Up-to-date symlink: /home/koushik/colcon_ws/install/linkattacher_msgs/include/linkattacher_msgs/linkattacher_msgs/srv/detail/attach_link__functions.h
[1.294s] -- Up-to-date symlink: /home/koushik/colcon_ws/install/linkattacher_msgs/include/linkattacher_msgs/linkattacher_msgs/srv/detail/attach_link__struct.h
[1.294s] -- Up-to-date symlink: /home/koushik/colcon_ws/install/linkattacher_msgs/include/linkattacher_msgs/linkattacher_msgs/srv/detail/attach_link__type_support.h
[1.295s] -- Up-to-date symlink: /home/koushik/colcon_ws/install/linkattacher_msgs/include/linkattacher_msgs/linkattacher_msgs/srv/detail/detach_link__functions.h
[1.295s] -- Up-to-date symlink: /home/koushik/colcon_ws/install/linkattacher_msgs/include/linkattacher_msgs/linkattacher_msgs/srv/detail/detach_link__struct.h
[1.295s] -- Up-to-date symlink: /home/koushik/colcon_ws/install/linkattacher_msgs/include/linkattacher_msgs/linkattacher_msgs/srv/detail/detach_link__type_support.h
[1.295s] -- Up-to-date symlink: /home/koushik/colcon_ws/install/linkattacher_msgs/share/linkattacher_msgs/environment/library_path.sh
[1.295s] -- Up-to-date symlink: /home/koushik/colcon_ws/install/linkattacher_msgs/share/linkattacher_msgs/environment/library_path.dsv
[1.295s] -- Up-to-date symlink: /home/koushik/colcon_ws/install/linkattacher_msgs/include/linkattacher_msgs/linkattacher_msgs/msg/rosidl_typesupport_fastrtps_c__visibility_control.h
[1.295s] -- Up-to-date symlink: /home/koushik/colcon_ws/install/linkattacher_msgs/include/linkattacher_msgs/linkattacher_msgs/srv/detail/attach_link__rosidl_typesupport_fastrtps_c.h
[1.295s] -- Up-to-date symlink: /home/koushik/colcon_ws/install/linkattacher_msgs/include/linkattacher_msgs/linkattacher_msgs/srv/detail/detach_link__rosidl_typesupport_fastrtps_c.h
[1.295s] -- Up-to-date symlink: /home/koushik/colcon_ws/install/linkattacher_msgs/include/linkattacher_msgs/linkattacher_msgs/msg/rosidl_typesupport_introspection_c__visibility_control.h
[1.295s] -- Up-to-date symlink: /home/koushik/colcon_ws/install/linkattacher_msgs/include/linkattacher_msgs/linkattacher_msgs/srv/detail/attach_link__rosidl_typesupport_introspection_c.h
[1.295s] -- Up-to-date symlink: /home/koushik/colcon_ws/install/linkattacher_msgs/include/linkattacher_msgs/linkattacher_msgs/srv/detail/detach_link__rosidl_typesupport_introspection_c.h
[1.296s] -- Up-to-date symlink: /home/koushik/colcon_ws/install/linkattacher_msgs/include/linkattacher_msgs/linkattacher_msgs/srv/attach_link.hpp
[1.296s] -- Up-to-date symlink: /home/koushik/colcon_ws/install/linkattacher_msgs/include/linkattacher_msgs/linkattacher_msgs/srv/detach_link.hpp
[1.296s] -- Up-to-date symlink: /home/koushik/colcon_ws/install/linkattacher_msgs/include/linkattacher_msgs/linkattacher_msgs/srv/detail/attach_link__builder.hpp
[1.296s] -- Up-to-date symlink: /home/koushik/colcon_ws/install/linkattacher_msgs/include/linkattacher_msgs/linkattacher_msgs/srv/detail/attach_link__struct.hpp
[1.296s] -- Up-to-date symlink: /home/koushik/colcon_ws/install/linkattacher_msgs/include/linkattacher_msgs/linkattacher_msgs/srv/detail/attach_link__traits.hpp
[1.296s] -- Up-to-date symlink: /home/koushik/colcon_ws/install/linkattacher_msgs/include/linkattacher_msgs/linkattacher_msgs/srv/detail/detach_link__builder.hpp
[1.296s] -- Up-to-date symlink: /home/koushik/colcon_ws/install/linkattacher_msgs/include/linkattacher_msgs/linkattacher_msgs/srv/detail/detach_link__struct.hpp
[1.296s] -- Up-to-date symlink: /home/koushik/colcon_ws/install/linkattacher_msgs/include/linkattacher_msgs/linkattacher_msgs/srv/detail/detach_link__traits.hpp
[1.296s] -- Up-to-date symlink: /home/koushik/colcon_ws/install/linkattacher_msgs/include/linkattacher_msgs/linkattacher_msgs/msg/rosidl_typesupport_fastrtps_cpp__visibility_control.h
[1.296s] -- Up-to-date symlink: /home/koushik/colcon_ws/install/linkattacher_msgs/include/linkattacher_msgs/linkattacher_msgs/srv/detail/attach_link__rosidl_typesupport_fastrtps_cpp.hpp
[1.296s] -- Up-to-date symlink: /home/koushik/colcon_ws/install/linkattacher_msgs/include/linkattacher_msgs/linkattacher_msgs/srv/detail/detach_link__rosidl_typesupport_fastrtps_cpp.hpp
[1.297s] -- Up-to-date symlink: /home/koushik/colcon_ws/install/linkattacher_msgs/include/linkattacher_msgs/linkattacher_msgs/srv/detail/attach_link__rosidl_typesupport_introspection_cpp.hpp
[1.297s] -- Up-to-date symlink: /home/koushik/colcon_ws/install/linkattacher_msgs/include/linkattacher_msgs/linkattacher_msgs/srv/detail/detach_link__rosidl_typesupport_introspection_cpp.hpp
[1.297s] -- Up-to-date symlink: /home/koushik/colcon_ws/install/linkattacher_msgs/share/linkattacher_msgs/environment/pythonpath.sh
[1.297s] -- Up-to-date symlink: /home/koushik/colcon_ws/install/linkattacher_msgs/share/linkattacher_msgs/environment/pythonpath.dsv
[1.297s] -- Up-to-date symlink: /home/koushik/colcon_ws/install/linkattacher_msgs/local/lib/python3.10/dist-packages/linkattacher_msgs-0.0.0-py3.10.egg-info/PKG-INFO
[1.297s] -- Up-to-date symlink: /home/koushik/colcon_ws/install/linkattacher_msgs/local/lib/python3.10/dist-packages/linkattacher_msgs-0.0.0-py3.10.egg-info/SOURCES.txt
[1.297s] -- Up-to-date symlink: /home/koushik/colcon_ws/install/linkattacher_msgs/local/lib/python3.10/dist-packages/linkattacher_msgs-0.0.0-py3.10.egg-info/dependency_links.txt
[1.297s] -- Up-to-date symlink: /home/koushik/colcon_ws/install/linkattacher_msgs/local/lib/python3.10/dist-packages/linkattacher_msgs-0.0.0-py3.10.egg-info/top_level.txt
[1.298s] -- Up-to-date symlink: /home/koushik/colcon_ws/install/linkattacher_msgs/local/lib/python3.10/dist-packages/linkattacher_msgs/__init__.py
[1.298s] -- Up-to-date symlink: /home/koushik/colcon_ws/install/linkattacher_msgs/local/lib/python3.10/dist-packages/linkattacher_msgs/_linkattacher_msgs_s.ep.rosidl_typesupport_c.c
[1.298s] -- Up-to-date symlink: /home/koushik/colcon_ws/install/linkattacher_msgs/local/lib/python3.10/dist-packages/linkattacher_msgs/_linkattacher_msgs_s.ep.rosidl_typesupport_fastrtps_c.c
[1.298s] -- Up-to-date symlink: /home/koushik/colcon_ws/install/linkattacher_msgs/local/lib/python3.10/dist-packages/linkattacher_msgs/_linkattacher_msgs_s.ep.rosidl_typesupport_introspection_c.c
[1.298s] -- Up-to-date symlink: /home/koushik/colcon_ws/install/linkattacher_msgs/local/lib/python3.10/dist-packages/linkattacher_msgs/liblinkattacher_msgs__rosidl_generator_py.so
[1.298s] -- Up-to-date symlink: /home/koushik/colcon_ws/install/linkattacher_msgs/local/lib/python3.10/dist-packages/linkattacher_msgs/linkattacher_msgs_s__rosidl_typesupport_c.cpython-310-x86_64-linux-gnu.so
[1.298s] -- Up-to-date symlink: /home/koushik/colcon_ws/install/linkattacher_msgs/local/lib/python3.10/dist-packages/linkattacher_msgs/linkattacher_msgs_s__rosidl_typesupport_fastrtps_c.cpython-310-x86_64-linux-gnu.so
[1.298s] -- Up-to-date symlink: /home/koushik/colcon_ws/install/linkattacher_msgs/local/lib/python3.10/dist-packages/linkattacher_msgs/linkattacher_msgs_s__rosidl_typesupport_introspection_c.cpython-310-x86_64-linux-gnu.so
[1.298s] -- Up-to-date symlink: /home/koushik/colcon_ws/install/linkattacher_msgs/local/lib/python3.10/dist-packages/linkattacher_msgs/srv/__init__.py
[1.298s] -- Up-to-date symlink: /home/koushik/colcon_ws/install/linkattacher_msgs/local/lib/python3.10/dist-packages/linkattacher_msgs/srv/_attach_link.py
[1.298s] -- Up-to-date symlink: /home/koushik/colcon_ws/install/linkattacher_msgs/local/lib/python3.10/dist-packages/linkattacher_msgs/srv/_attach_link_s.c
[1.298s] -- Up-to-date symlink: /home/koushik/colcon_ws/install/linkattacher_msgs/local/lib/python3.10/dist-packages/linkattacher_msgs/srv/_detach_link.py
[1.299s] -- Up-to-date symlink: /home/koushik/colcon_ws/install/linkattacher_msgs/local/lib/python3.10/dist-packages/linkattacher_msgs/srv/_detach_link_s.c
[1.299s] -- Up-to-date symlink: /home/koushik/colcon_ws/install/linkattacher_msgs/local/lib/python3.10/dist-packages/linkattacher_msgs/linkattacher_msgs_s__rosidl_typesupport_fastrtps_c.cpython-310-x86_64-linux-gnu.so
[1.299s] -- Up-to-date symlink: /home/koushik/colcon_ws/install/linkattacher_msgs/local/lib/python3.10/dist-packages/linkattacher_msgs/linkattacher_msgs_s__rosidl_typesupport_introspection_c.cpython-310-x86_64-linux-gnu.so
[1.299s] -- Up-to-date symlink: /home/koushik/colcon_ws/install/linkattacher_msgs/local/lib/python3.10/dist-packages/linkattacher_msgs/linkattacher_msgs_s__rosidl_typesupport_c.cpython-310-x86_64-linux-gnu.so
[1.299s] -- Up-to-date symlink: /home/koushik/colcon_ws/install/linkattacher_msgs/share/linkattacher_msgs/srv/AttachLink.idl
[1.299s] -- Up-to-date symlink: /home/koushik/colcon_ws/install/linkattacher_msgs/share/linkattacher_msgs/srv/DetachLink.idl
[1.299s] -- Up-to-date symlink: /home/koushik/colcon_ws/install/linkattacher_msgs/share/linkattacher_msgs/srv/AttachLink.srv
[1.299s] -- Up-to-date symlink: /home/koushik/colcon_ws/install/linkattacher_msgs/share/linkattacher_msgs/srv/AttachLink_Request.msg
[1.300s] -- Up-to-date symlink: /home/koushik/colcon_ws/install/linkattacher_msgs/share/linkattacher_msgs/srv/AttachLink_Response.msg
[1.300s] -- Up-to-date symlink: /home/koushik/colcon_ws/install/linkattacher_msgs/share/linkattacher_msgs/srv/DetachLink.srv
[1.300s] -- Up-to-date symlink: /home/koushik/colcon_ws/install/linkattacher_msgs/share/linkattacher_msgs/srv/DetachLink_Request.msg
[1.301s] -- Up-to-date symlink: /home/koushik/colcon_ws/install/linkattacher_msgs/share/linkattacher_msgs/srv/DetachLink_Response.msg
[1.301s] -- Up-to-date symlink: /home/koushik/colcon_ws/install/linkattacher_msgs/share/ament_index/resource_index/package_run_dependencies/linkattacher_msgs
[1.301s] -- Up-to-date symlink: /home/koushik/colcon_ws/install/linkattacher_msgs/share/ament_index/resource_index/parent_prefix_path/linkattacher_msgs
[1.301s] -- Up-to-date symlink: /home/koushik/colcon_ws/install/linkattacher_msgs/share/linkattacher_msgs/environment/ament_prefix_path.sh
[1.301s] -- Up-to-date symlink: /home/koushik/colcon_ws/install/linkattacher_msgs/share/linkattacher_msgs/environment/ament_prefix_path.dsv
[1.301s] -- Up-to-date symlink: /home/koushik/colcon_ws/install/linkattacher_msgs/share/linkattacher_msgs/environment/path.sh
[1.301s] -- Up-to-date symlink: /home/koushik/colcon_ws/install/linkattacher_msgs/share/linkattacher_msgs/environment/path.dsv
[1.301s] -- Up-to-date symlink: /home/koushik/colcon_ws/install/linkattacher_msgs/share/linkattacher_msgs/local_setup.bash
[1.301s] -- Up-to-date symlink: /home/koushik/colcon_ws/install/linkattacher_msgs/share/linkattacher_msgs/local_setup.sh
[1.301s] -- Up-to-date symlink: /home/koushik/colcon_ws/install/linkattacher_msgs/share/linkattacher_msgs/local_setup.zsh
[1.301s] -- Up-to-date symlink: /home/koushik/colcon_ws/install/linkattacher_msgs/share/linkattacher_msgs/local_setup.dsv
[1.301s] -- Symlinking: /home/koushik/colcon_ws/install/linkattacher_msgs/share/linkattacher_msgs/package.dsv
[1.310s] -- Up-to-date symlink: /home/koushik/colcon_ws/install/linkattacher_msgs/share/ament_index/resource_index/packages/linkattacher_msgs
[1.310s] -- Up-to-date symlink: /home/koushik/colcon_ws/install/linkattacher_msgs/share/linkattacher_msgs/cmake/rosidl_cmake-extras.cmake
[1.310s] -- Up-to-date symlink: /home/koushik/colcon_ws/install/linkattacher_msgs/share/linkattacher_msgs/cmake/ament_cmake_export_include_directories-extras.cmake
[1.310s] -- Up-to-date symlink: /home/koushik/colcon_ws/install/linkattacher_msgs/share/linkattacher_msgs/cmake/ament_cmake_export_libraries-extras.cmake
[1.310s] -- Up-to-date symlink: /home/koushik/colcon_ws/install/linkattacher_msgs/share/linkattacher_msgs/cmake/ament_cmake_export_targets-extras.cmake
[1.310s] -- Up-to-date symlink: /home/koushik/colcon_ws/install/linkattacher_msgs/share/linkattacher_msgs/cmake/rosidl_cmake_export_typesupport_targets-extras.cmake
[1.311s] -- Up-to-date symlink: /home/koushik/colcon_ws/install/linkattacher_msgs/share/linkattacher_msgs/cmake/ament_cmake_export_dependencies-extras.cmake
[1.311s] -- Up-to-date symlink: /home/koushik/colcon_ws/install/linkattacher_msgs/share/linkattacher_msgs/cmake/rosidl_cmake_export_typesupport_libraries-extras.cmake
[1.311s] -- Up-to-date symlink: /home/koushik/colcon_ws/install/linkattacher_msgs/share/linkattacher_msgs/cmake/linkattacher_msgsConfig.cmake
[1.311s] -- Up-to-date symlink: /home/koushik/colcon_ws/install/linkattacher_msgs/share/linkattacher_msgs/cmake/linkattacher_msgsConfig-version.cmake
[1.311s] -- Up-to-date symlink: /home/koushik/colcon_ws/install/linkattacher_msgs/share/linkattacher_msgs/package.xml
[1.311s] -- Up-to-date: /home/koushik/colcon_ws/install/linkattacher_msgs/lib/liblinkattacher_msgs__rosidl_generator_c.so
[1.311s] -- Up-to-date: /home/koushik/colcon_ws/install/linkattacher_msgs/lib/liblinkattacher_msgs__rosidl_typesupport_fastrtps_c.so
[1.311s] -- Up-to-date: /home/koushik/colcon_ws/install/linkattacher_msgs/lib/liblinkattacher_msgs__rosidl_typesupport_introspection_c.so
[1.311s] -- Up-to-date: /home/koushik/colcon_ws/install/linkattacher_msgs/lib/liblinkattacher_msgs__rosidl_typesupport_c.so
[1.311s] -- Up-to-date: /home/koushik/colcon_ws/install/linkattacher_msgs/lib/liblinkattacher_msgs__rosidl_typesupport_fastrtps_cpp.so
[1.312s] -- Up-to-date: /home/koushik/colcon_ws/install/linkattacher_msgs/lib/liblinkattacher_msgs__rosidl_typesupport_introspection_cpp.so
[1.312s] -- Up-to-date: /home/koushik/colcon_ws/install/linkattacher_msgs/lib/liblinkattacher_msgs__rosidl_typesupport_cpp.so
[1.335s] Listing '/home/koushik/colcon_ws/install/linkattacher_msgs/local/lib/python3.10/dist-packages/linkattacher_msgs'...
[1.335s] Compiling '/home/koushik/colcon_ws/install/linkattacher_msgs/local/lib/python3.10/dist-packages/linkattacher_msgs/__init__.py'...
[1.335s] Listing '/home/koushik/colcon_ws/install/linkattacher_msgs/local/lib/python3.10/dist-packages/linkattacher_msgs/srv'...
[1.339s] -- Up-to-date: /home/koushik/colcon_ws/install/linkattacher_msgs/lib/liblinkattacher_msgs__rosidl_generator_py.so
[1.340s] -- Up-to-date: /home/koushik/colcon_ws/install/linkattacher_msgs/share/linkattacher_msgs/cmake/export_linkattacher_msgs__rosidl_generator_cExport.cmake
[1.340s] -- Up-to-date: /home/koushik/colcon_ws/install/linkattacher_msgs/share/linkattacher_msgs/cmake/export_linkattacher_msgs__rosidl_generator_cExport-noconfig.cmake
[1.340s] -- Up-to-date: /home/koushik/colcon_ws/install/linkattacher_msgs/share/linkattacher_msgs/cmake/export_linkattacher_msgs__rosidl_typesupport_fastrtps_cExport.cmake
[1.340s] -- Up-to-date: /home/koushik/colcon_ws/install/linkattacher_msgs/share/linkattacher_msgs/cmake/export_linkattacher_msgs__rosidl_typesupport_fastrtps_cExport-noconfig.cmake
[1.340s] -- Up-to-date: /home/koushik/colcon_ws/install/linkattacher_msgs/share/linkattacher_msgs/cmake/linkattacher_msgs__rosidl_typesupport_introspection_cExport.cmake
[1.340s] -- Up-to-date: /home/koushik/colcon_ws/install/linkattacher_msgs/share/linkattacher_msgs/cmake/linkattacher_msgs__rosidl_typesupport_introspection_cExport-noconfig.cmake
[1.340s] -- Up-to-date: /home/koushik/colcon_ws/install/linkattacher_msgs/share/linkattacher_msgs/cmake/linkattacher_msgs__rosidl_typesupport_cExport.cmake
[1.340s] -- Up-to-date: /home/koushik/colcon_ws/install/linkattacher_msgs/share/linkattacher_msgs/cmake/linkattacher_msgs__rosidl_typesupport_cExport-noconfig.cmake
[1.340s] -- Up-to-date: /home/koushik/colcon_ws/install/linkattacher_msgs/share/linkattacher_msgs/cmake/export_linkattacher_msgs__rosidl_generator_cppExport.cmake
[1.340s] -- Up-to-date: /home/koushik/colcon_ws/install/linkattacher_msgs/share/linkattacher_msgs/cmake/export_linkattacher_msgs__rosidl_typesupport_fastrtps_cppExport.cmake
[1.340s] -- Up-to-date: /home/koushik/colcon_ws/install/linkattacher_msgs/share/linkattacher_msgs/cmake/export_linkattacher_msgs__rosidl_typesupport_fastrtps_cppExport-noconfig.cmake
[1.340s] -- Up-to-date: /home/koushik/colcon_ws/install/linkattacher_msgs/share/linkattacher_msgs/cmake/linkattacher_msgs__rosidl_typesupport_introspection_cppExport.cmake
[1.340s] -- Up-to-date: /home/koushik/colcon_ws/install/linkattacher_msgs/share/linkattacher_msgs/cmake/linkattacher_msgs__rosidl_typesupport_introspection_cppExport-noconfig.cmake
[1.340s] -- Up-to-date: /home/koushik/colcon_ws/install/linkattacher_msgs/share/linkattacher_msgs/cmake/linkattacher_msgs__rosidl_typesupport_cppExport.cmake
[1.340s] -- Up-to-date: /home/koushik/colcon_ws/install/linkattacher_msgs/share/linkattacher_msgs/cmake/linkattacher_msgs__rosidl_typesupport_cppExport-noconfig.cmake
[1.340s] -- Up-to-date: /home/koushik/colcon_ws/install/linkattacher_msgs/share/linkattacher_msgs/cmake/export_linkattacher_msgs__rosidl_generator_pyExport.cmake
[1.340s] -- Up-to-date: /home/koushik/colcon_ws/install/linkattacher_msgs/share/linkattacher_msgs/cmake/export_linkattacher_msgs__rosidl_generator_pyExport-noconfig.cmake
[1.345s] Invoked command in '/home/koushik/colcon_ws/build/linkattacher_msgs' returned '0': CMAKE_PREFIX_PATH=${CMAKE_PREFIX_PATH}:/home/koushik/colcon_ws/install/ur5_control:/opt/ros/humble /usr/bin/cmake --install /home/koushik/colcon_ws/build/linkattacher_msgs
