[0.578s] Invoking command in '/home/koushik/colcon_ws/build/ur5_control': PYTHONPATH=/home/koushik/colcon_ws/build/ur5_control/prefix_override:/usr/lib/python3/dist-packages/colcon_core/task/python/colcon_distutils_commands:/home/koushik/colcon_ws/install/ur5_control/lib/python3.10/site-packages:${PYTHONPATH} /usr/bin/python3 -W ignore:setup.py install is deprecated setup.py develop --uninstall --editable --build-directory /home/koushik/colcon_ws/build/ur5_control/build
[0.787s] running develop
[0.787s] /usr/lib/python3/dist-packages/setuptools/command/easy_install.py:158: EasyInstallDeprecationWarning: easy_install command is deprecated. Use build and pip and other standards-based tools.
[0.787s]   warnings.warn(
[0.897s] Removing /home/koushik/colcon_ws/install/ur5_control/lib/python3.10/site-packages/ur5-control.egg-link (link to .)
[0.931s] Invoked command in '/home/koushik/colcon_ws/build/ur5_control' returned '0': PYTHONPATH=/home/koushik/colcon_ws/build/ur5_control/prefix_override:/usr/lib/python3/dist-packages/colcon_core/task/python/colcon_distutils_commands:/home/koushik/colcon_ws/install/ur5_control/lib/python3.10/site-packages:${PYTHONPATH} /usr/bin/python3 -W ignore:setup.py install is deprecated setup.py develop --uninstall --editable --build-directory /home/koushik/colcon_ws/build/ur5_control/build
[0.933s] Invoking command in '/home/koushik/colcon_ws/src/ur5_control': PYTHONPATH=/home/koushik/colcon_ws/build/ur5_control/prefix_override:/usr/lib/python3/dist-packages/colcon_core/task/python/colcon_distutils_commands:/home/koushik/colcon_ws/install/ur5_control/lib/python3.10/site-packages:${PYTHONPATH} /usr/bin/python3 -W ignore:setup.py install is deprecated setup.py egg_info --egg-base ../../build/ur5_control build --build-base /home/koushik/colcon_ws/build/ur5_control/build install --record /home/koushik/colcon_ws/build/ur5_control/install.log --single-version-externally-managed install_data --force
[1.129s] running egg_info
[1.129s] writing ../../build/ur5_control/ur5_control.egg-info/PKG-INFO
[1.130s] writing dependency_links to ../../build/ur5_control/ur5_control.egg-info/dependency_links.txt
[1.130s] writing entry points to ../../build/ur5_control/ur5_control.egg-info/entry_points.txt
[1.130s] writing requirements to ../../build/ur5_control/ur5_control.egg-info/requires.txt
[1.130s] writing top-level names to ../../build/ur5_control/ur5_control.egg-info/top_level.txt
[1.131s] reading manifest file '../../build/ur5_control/ur5_control.egg-info/SOURCES.txt'
[1.132s] writing manifest file '../../build/ur5_control/ur5_control.egg-info/SOURCES.txt'
[1.132s] running build
[1.132s] running build_py
[1.132s] running install
[1.132s] running install_lib
[1.132s] creating /home/koushik/colcon_ws/install/ur5_control/lib/python3.10/site-packages/ur5_control
[1.132s] copying /home/koushik/colcon_ws/build/ur5_control/build/lib/ur5_control/__init__.py -> /home/koushik/colcon_ws/install/ur5_control/lib/python3.10/site-packages/ur5_control
[1.133s] copying /home/koushik/colcon_ws/build/ur5_control/build/lib/ur5_control/task1b_boiler_plate.py -> /home/koushik/colcon_ws/install/ur5_control/lib/python3.10/site-packages/ur5_control
[1.133s] byte-compiling /home/koushik/colcon_ws/install/ur5_control/lib/python3.10/site-packages/ur5_control/__init__.py to __init__.cpython-310.pyc
[1.133s] byte-compiling /home/koushik/colcon_ws/install/ur5_control/lib/python3.10/site-packages/ur5_control/task1b_boiler_plate.py to task1b_boiler_plate.cpython-310.pyc
[1.134s] running install_data
[1.134s] copying resource/ur5_control -> /home/koushik/colcon_ws/install/ur5_control/share/ament_index/resource_index/packages
[1.134s] copying package.xml -> /home/koushik/colcon_ws/install/ur5_control/share/ur5_control
[1.134s] copying ur5_control/__init__.py -> /home/koushik/colcon_ws/install/ur5_control/lib/ur5_control
[1.134s] running install_egg_info
[1.135s] Copying ../../build/ur5_control/ur5_control.egg-info to /home/koushik/colcon_ws/install/ur5_control/lib/python3.10/site-packages/ur5_control-0.0.0-py3.10.egg-info
[1.136s] running install_scripts
[1.155s] Installing task1b script to /home/koushik/colcon_ws/install/ur5_control/lib/ur5_control
[1.155s] writing list of installed files to '/home/koushik/colcon_ws/build/ur5_control/install.log'
[1.178s] Invoked command in '/home/koushik/colcon_ws/src/ur5_control' returned '0': PYTHONPATH=/home/koushik/colcon_ws/build/ur5_control/prefix_override:/usr/lib/python3/dist-packages/colcon_core/task/python/colcon_distutils_commands:/home/koushik/colcon_ws/install/ur5_control/lib/python3.10/site-packages:${PYTHONPATH} /usr/bin/python3 -W ignore:setup.py install is deprecated setup.py egg_info --egg-base ../../build/ur5_control build --build-base /home/koushik/colcon_ws/build/ur5_control/build install --record /home/koushik/colcon_ws/build/ur5_control/install.log --single-version-externally-managed install_data --force
