[0.005s] Invoking command in '/home/koushik/colcon_ws/build/ur_moveit_config': CMAKE_PREFIX_PATH=/home/koushik/colcon_ws/install/ur_description:/home/koushik/colcon_ws/install/ur_simulation_gazebo:/home/koushik/colcon_ws/install/ur_moveit_config:/home/koushik/colcon_ws/install/realsense_gazebo_plugin:/home/koushik/colcon_ws/install/pymoveit2:/home/koushik/colcon_ws/install/linkattacher_msgs:/home/koushik/colcon_ws/install/eyantra_warehouse:/home/koushik/colcon_ws/install/ebot_nav2:/home/koushik/colcon_ws/install/ebot_description:/home/koushik/colcon_ws/install/ur5_control:/opt/ros/humble /usr/bin/cmake /home/koushik/colcon_ws/src/ur_moveit_config -DCMAKE_INSTALL_PREFIX=/home/koushik/colcon_ws/install/ur_moveit_config
[0.015s] -- Found ament_cmake: 1.3.10 (/opt/ros/humble/share/ament_cmake/cmake)
[0.109s] -- Override CMake install command with custom implementation using symlinks instead of copying resources
[0.116s] -- Found ament_lint_auto: 0.12.11 (/opt/ros/humble/share/ament_lint_auto/cmake)
[0.168s] -- Configuring done
[0.169s] -- Generating done
[0.170s] -- Build files have been written to: /home/koushik/colcon_ws/build/ur_moveit_config
[0.172s] Invoked command in '/home/koushik/colcon_ws/build/ur_moveit_config' returned '0': CMAKE_PREFIX_PATH=/home/koushik/colcon_ws/install/ur_description:/home/koushik/colcon_ws/install/ur_simulation_gazebo:/home/koushik/colcon_ws/install/ur_moveit_config:/home/koushik/colcon_ws/install/realsense_gazebo_plugin:/home/koushik/colcon_ws/install/pymoveit2:/home/koushik/colcon_ws/install/linkattacher_msgs:/home/koushik/colcon_ws/install/eyantra_warehouse:/home/koushik/colcon_ws/install/ebot_nav2:/home/koushik/colcon_ws/install/ebot_description:/home/koushik/colcon_ws/install/ur5_control:/opt/ros/humble /usr/bin/cmake /home/koushik/colcon_ws/src/ur_moveit_config -DCMAKE_INSTALL_PREFIX=/home/koushik/colcon_ws/install/ur_moveit_config
[0.173s] Invoking command in '/home/koushik/colcon_ws/build/ur_moveit_config': CMAKE_PREFIX_PATH=/home/koushik/colcon_ws/install/ur_description:/home/koushik/colcon_ws/install/ur_simulation_gazebo:/home/koushik/colcon_ws/install/ur_moveit_config:/home/koushik/colcon_ws/install/realsense_gazebo_plugin:/home/koushik/colcon_ws/install/pymoveit2:/home/koushik/colcon_ws/install/linkattacher_msgs:/home/koushik/colcon_ws/install/eyantra_warehouse:/home/koushik/colcon_ws/install/ebot_nav2:/home/koushik/colcon_ws/install/ebot_description:/home/koushik/colcon_ws/install/ur5_control:/opt/ros/humble /usr/bin/cmake --build /home/koushik/colcon_ws/build/ur_moveit_config -- -j16 -l16
[0.202s] Invoked command in '/home/koushik/colcon_ws/build/ur_moveit_config' returned '0': CMAKE_PREFIX_PATH=/home/koushik/colcon_ws/install/ur_description:/home/koushik/colcon_ws/install/ur_simulation_gazebo:/home/koushik/colcon_ws/install/ur_moveit_config:/home/koushik/colcon_ws/install/realsense_gazebo_plugin:/home/koushik/colcon_ws/install/pymoveit2:/home/koushik/colcon_ws/install/linkattacher_msgs:/home/koushik/colcon_ws/install/eyantra_warehouse:/home/koushik/colcon_ws/install/ebot_nav2:/home/koushik/colcon_ws/install/ebot_description:/home/koushik/colcon_ws/install/ur5_control:/opt/ros/humble /usr/bin/cmake --build /home/koushik/colcon_ws/build/ur_moveit_config -- -j16 -l16
[0.219s] Invoking command in '/home/koushik/colcon_ws/build/ur_moveit_config': CMAKE_PREFIX_PATH=/home/koushik/colcon_ws/install/ur_description:/home/koushik/colcon_ws/install/ur_simulation_gazebo:/home/koushik/colcon_ws/install/ur_moveit_config:/home/koushik/colcon_ws/install/realsense_gazebo_plugin:/home/koushik/colcon_ws/install/pymoveit2:/home/koushik/colcon_ws/install/linkattacher_msgs:/home/koushik/colcon_ws/install/eyantra_warehouse:/home/koushik/colcon_ws/install/ebot_nav2:/home/koushik/colcon_ws/install/ebot_description:/home/koushik/colcon_ws/install/ur5_control:/opt/ros/humble /usr/bin/cmake --install /home/koushik/colcon_ws/build/ur_moveit_config
[0.225s] -- Install configuration: ""
[0.225s] -- Execute custom install script
[0.225s] -- Up-to-date symlink: /home/koushik/colcon_ws/install/ur_moveit_config/share/ur_moveit_config/config/kinematics.yaml
[0.226s] -- Up-to-date symlink: /home/koushik/colcon_ws/install/ur_moveit_config/share/ur_moveit_config/launch/ur_moveit.launch.py
[0.226s] -- Up-to-date symlink: /home/koushik/colcon_ws/install/ur_moveit_config/share/ur_moveit_config/rviz/view_robot.rviz
[0.226s] -- Up-to-date symlink: /home/koushik/colcon_ws/install/ur_moveit_config/share/ur_moveit_config/srdf/ur.srdf.xacro
[0.226s] -- Up-to-date symlink: /home/koushik/colcon_ws/install/ur_moveit_config/share/ur_moveit_config/srdf/ur_macro.srdf.xacro
[0.226s] -- Up-to-date symlink: /home/koushik/colcon_ws/install/ur_moveit_config/share/ament_index/resource_index/package_run_dependencies/ur_moveit_config
[0.226s] -- Up-to-date symlink: /home/koushik/colcon_ws/install/ur_moveit_config/share/ament_index/resource_index/parent_prefix_path/ur_moveit_config
[0.226s] -- Up-to-date symlink: /home/koushik/colcon_ws/install/ur_moveit_config/share/ur_moveit_config/environment/ament_prefix_path.sh
[0.226s] -- Up-to-date symlink: /home/koushik/colcon_ws/install/ur_moveit_config/share/ur_moveit_config/environment/ament_prefix_path.dsv
[0.226s] -- Up-to-date symlink: /home/koushik/colcon_ws/install/ur_moveit_config/share/ur_moveit_config/environment/path.sh
[0.226s] -- Up-to-date symlink: /home/koushik/colcon_ws/install/ur_moveit_config/share/ur_moveit_config/environment/path.dsv
[0.227s] -- Up-to-date symlink: /home/koushik/colcon_ws/install/ur_moveit_config/share/ur_moveit_config/local_setup.bash
[0.227s] -- Up-to-date symlink: /home/koushik/colcon_ws/install/ur_moveit_config/share/ur_moveit_config/local_setup.sh
[0.227s] -- Up-to-date symlink: /home/koushik/colcon_ws/install/ur_moveit_config/share/ur_moveit_config/local_setup.zsh
[0.227s] -- Up-to-date symlink: /home/koushik/colcon_ws/install/ur_moveit_config/share/ur_moveit_config/local_setup.dsv
[0.227s] -- Symlinking: /home/koushik/colcon_ws/install/ur_moveit_config/share/ur_moveit_config/package.dsv
[0.234s] -- Up-to-date symlink: /home/koushik/colcon_ws/install/ur_moveit_config/share/ament_index/resource_index/packages/ur_moveit_config
[0.234s] -- Up-to-date symlink: /home/koushik/colcon_ws/install/ur_moveit_config/share/ur_moveit_config/cmake/ur_moveit_configConfig.cmake
[0.234s] -- Up-to-date symlink: /home/koushik/colcon_ws/install/ur_moveit_config/share/ur_moveit_config/cmake/ur_moveit_configConfig-version.cmake
[0.234s] -- Up-to-date symlink: /home/koushik/colcon_ws/install/ur_moveit_config/share/ur_moveit_config/package.xml
[0.236s] Invoked command in '/home/koushik/colcon_ws/build/ur_moveit_config' returned '0': CMAKE_PREFIX_PATH=/home/koushik/colcon_ws/install/ur_description:/home/koushik/colcon_ws/install/ur_simulation_gazebo:/home/koushik/colcon_ws/install/ur_moveit_config:/home/koushik/colcon_ws/install/realsense_gazebo_plugin:/home/koushik/colcon_ws/install/pymoveit2:/home/koushik/colcon_ws/install/linkattacher_msgs:/home/koushik/colcon_ws/install/eyantra_warehouse:/home/koushik/colcon_ws/install/ebot_nav2:/home/koushik/colcon_ws/install/ebot_description:/home/koushik/colcon_ws/install/ur5_control:/opt/ros/humble /usr/bin/cmake --install /home/koushik/colcon_ws/build/ur_moveit_config
