[0.017s] Invoking command in '/home/koushik/colcon_ws/build/pymoveit2': CMAKE_PREFIX_PATH=${CMAKE_PREFIX_PATH}:/home/koushik/colcon_ws/install/ur5_control:/opt/ros/humble /usr/bin/cmake /home/koushik/colcon_ws/src/pymoveit2 -DCMAKE_INSTALL_PREFIX=/home/koushik/colcon_ws/install/pymoveit2
[0.023s] -- Found ament_cmake: 1.3.10 (/opt/ros/humble/share/ament_cmake/cmake)
[0.108s] -- Override CMake install command with custom implementation using symlinks instead of copying resources
[0.199s] -- Configuring done
[0.201s] -- Generating done
[0.202s] -- Build files have been written to: /home/koushik/colcon_ws/build/pymoveit2
[0.206s] Invoked command in '/home/koushik/colcon_ws/build/pymoveit2' returned '0': CMAKE_PREFIX_PATH=${CMAKE_PREFIX_PATH}:/home/koushik/colcon_ws/install/ur5_control:/opt/ros/humble /usr/bin/cmake /home/koushik/colcon_ws/src/pymoveit2 -DCMAKE_INSTALL_PREFIX=/home/koushik/colcon_ws/install/pymoveit2
[0.207s] Invoking command in '/home/koushik/colcon_ws/build/pymoveit2': CMAKE_PREFIX_PATH=${CMAKE_PREFIX_PATH}:/home/koushik/colcon_ws/install/ur5_control:/opt/ros/humble /usr/bin/cmake --build /home/koushik/colcon_ws/build/pymoveit2 -- -j16 -l16
[0.245s] Built target ament_cmake_python_symlink_pymoveit2
[0.400s] running egg_info
[0.401s] writing pymoveit2.egg-info/PKG-INFO
[0.401s] writing dependency_links to pymoveit2.egg-info/dependency_links.txt
[0.401s] writing top-level names to pymoveit2.egg-info/top_level.txt
[0.403s] reading manifest file 'pymoveit2.egg-info/SOURCES.txt'
[0.403s] writing manifest file 'pymoveit2.egg-info/SOURCES.txt'
[0.429s] Built target ament_cmake_python_build_pymoveit2_egg
[0.436s] Invoked command in '/home/koushik/colcon_ws/build/pymoveit2' returned '0': CMAKE_PREFIX_PATH=${CMAKE_PREFIX_PATH}:/home/koushik/colcon_ws/install/ur5_control:/opt/ros/humble /usr/bin/cmake --build /home/koushik/colcon_ws/build/pymoveit2 -- -j16 -l16
[0.455s] Invoking command in '/home/koushik/colcon_ws/build/pymoveit2': CMAKE_PREFIX_PATH=${CMAKE_PREFIX_PATH}:/home/koushik/colcon_ws/install/ur5_control:/opt/ros/humble /usr/bin/cmake --install /home/koushik/colcon_ws/build/pymoveit2
[0.460s] -- Install configuration: ""
[0.460s] -- Execute custom install script
[0.460s] -- Up-to-date symlink: /home/koushik/colcon_ws/install/pymoveit2/share/pymoveit2/environment/pythonpath.sh
[0.460s] -- Up-to-date symlink: /home/koushik/colcon_ws/install/pymoveit2/share/pymoveit2/environment/pythonpath.dsv
[0.461s] -- Up-to-date symlink: /home/koushik/colcon_ws/install/pymoveit2/local/lib/python3.10/dist-packages/pymoveit2-2.1.0-py3.10.egg-info/PKG-INFO
[0.461s] -- Up-to-date symlink: /home/koushik/colcon_ws/install/pymoveit2/local/lib/python3.10/dist-packages/pymoveit2-2.1.0-py3.10.egg-info/SOURCES.txt
[0.461s] -- Up-to-date symlink: /home/koushik/colcon_ws/install/pymoveit2/local/lib/python3.10/dist-packages/pymoveit2-2.1.0-py3.10.egg-info/dependency_links.txt
[0.461s] -- Up-to-date symlink: /home/koushik/colcon_ws/install/pymoveit2/local/lib/python3.10/dist-packages/pymoveit2-2.1.0-py3.10.egg-info/top_level.txt
[0.461s] -- Up-to-date symlink: /home/koushik/colcon_ws/install/pymoveit2/local/lib/python3.10/dist-packages/pymoveit2/__init__.py
[0.461s] -- Up-to-date symlink: /home/koushik/colcon_ws/install/pymoveit2/local/lib/python3.10/dist-packages/pymoveit2/moveit2.py
[0.461s] -- Up-to-date symlink: /home/koushik/colcon_ws/install/pymoveit2/local/lib/python3.10/dist-packages/pymoveit2/moveit2_servo.py
[0.461s] -- Up-to-date symlink: /home/koushik/colcon_ws/install/pymoveit2/local/lib/python3.10/dist-packages/pymoveit2/robots/__init__.py
[0.461s] -- Up-to-date symlink: /home/koushik/colcon_ws/install/pymoveit2/local/lib/python3.10/dist-packages/pymoveit2/robots/kinova.py
[0.461s] -- Up-to-date symlink: /home/koushik/colcon_ws/install/pymoveit2/local/lib/python3.10/dist-packages/pymoveit2/robots/ur5.py
[0.461s] -- Up-to-date symlink: /home/koushik/colcon_ws/install/pymoveit2/lib/pymoveit2/ex_collision_object.py
[0.461s] -- Up-to-date symlink: /home/koushik/colcon_ws/install/pymoveit2/lib/pymoveit2/ex_joint_goal.py
[0.461s] -- Up-to-date symlink: /home/koushik/colcon_ws/install/pymoveit2/lib/pymoveit2/ex_pose_goal.py
[0.462s] -- Up-to-date symlink: /home/koushik/colcon_ws/install/pymoveit2/lib/pymoveit2/ex_servo.py
[0.462s] -- Up-to-date symlink: /home/koushik/colcon_ws/install/pymoveit2/lib/pymoveit2/assets/box.stl
[0.462s] -- Up-to-date symlink: /home/koushik/colcon_ws/install/pymoveit2/lib/pymoveit2/assets/box1.stl
[0.462s] -- Up-to-date symlink: /home/koushik/colcon_ws/install/pymoveit2/lib/pymoveit2/assets/box2.stl
[0.462s] -- Up-to-date symlink: /home/koushik/colcon_ws/install/pymoveit2/lib/pymoveit2/assets/box3.stl
[0.462s] -- Up-to-date symlink: /home/koushik/colcon_ws/install/pymoveit2/lib/pymoveit2/assets/rack.stl
[0.462s] -- Up-to-date symlink: /home/koushik/colcon_ws/install/pymoveit2/lib/pymoveit2/assets/rack_box.stl
[0.462s] -- Up-to-date symlink: /home/koushik/colcon_ws/install/pymoveit2/lib/pymoveit2/assets/rack_box_again.stl
[0.462s] -- Up-to-date symlink: /home/koushik/colcon_ws/install/pymoveit2/lib/pymoveit2/assets/suzanne.stl
[0.462s] -- Up-to-date symlink: /home/koushik/colcon_ws/install/pymoveit2/share/ament_index/resource_index/package_run_dependencies/pymoveit2
[0.462s] -- Up-to-date symlink: /home/koushik/colcon_ws/install/pymoveit2/share/ament_index/resource_index/parent_prefix_path/pymoveit2
[0.462s] -- Up-to-date symlink: /home/koushik/colcon_ws/install/pymoveit2/share/pymoveit2/environment/ament_prefix_path.sh
[0.462s] -- Up-to-date symlink: /home/koushik/colcon_ws/install/pymoveit2/share/pymoveit2/environment/ament_prefix_path.dsv
[0.462s] -- Up-to-date symlink: /home/koushik/colcon_ws/install/pymoveit2/share/pymoveit2/environment/path.sh
[0.462s] -- Up-to-date symlink: /home/koushik/colcon_ws/install/pymoveit2/share/pymoveit2/environment/path.dsv
[0.463s] -- Up-to-date symlink: /home/koushik/colcon_ws/install/pymoveit2/share/pymoveit2/local_setup.bash
[0.463s] -- Up-to-date symlink: /home/koushik/colcon_ws/install/pymoveit2/share/pymoveit2/local_setup.sh
[0.463s] -- Up-to-date symlink: /home/koushik/colcon_ws/install/pymoveit2/share/pymoveit2/local_setup.zsh
[0.463s] -- Up-to-date symlink: /home/koushik/colcon_ws/install/pymoveit2/share/pymoveit2/local_setup.dsv
[0.463s] -- Symlinking: /home/koushik/colcon_ws/install/pymoveit2/share/pymoveit2/package.dsv
[0.470s] -- Up-to-date symlink: /home/koushik/colcon_ws/install/pymoveit2/share/ament_index/resource_index/packages/pymoveit2
[0.470s] -- Up-to-date symlink: /home/koushik/colcon_ws/install/pymoveit2/share/pymoveit2/cmake/pymoveit2Config.cmake
[0.470s] -- Up-to-date symlink: /home/koushik/colcon_ws/install/pymoveit2/share/pymoveit2/cmake/pymoveit2Config-version.cmake
[0.470s] -- Up-to-date symlink: /home/koushik/colcon_ws/install/pymoveit2/share/pymoveit2/package.xml
[0.490s] Listing '/home/koushik/colcon_ws/install/pymoveit2/local/lib/python3.10/dist-packages/pymoveit2'...
[0.490s] Listing '/home/koushik/colcon_ws/install/pymoveit2/local/lib/python3.10/dist-packages/pymoveit2/robots'...
[0.495s] Invoked command in '/home/koushik/colcon_ws/build/pymoveit2' returned '0': CMAKE_PREFIX_PATH=${CMAKE_PREFIX_PATH}:/home/koushik/colcon_ws/install/ur5_control:/opt/ros/humble /usr/bin/cmake --install /home/koushik/colcon_ws/build/pymoveit2
