[0.006s] Invoking command in '/home/koushik/colcon_ws/build/ur_simulation_gazebo': CMAKE_PREFIX_PATH=/home/koushik/colcon_ws/install/ur_moveit_config:/home/koushik/colcon_ws/install/ur_description:/home/koushik/colcon_ws/install/ur_simulation_gazebo:/home/koushik/colcon_ws/install/realsense_gazebo_plugin:/home/koushik/colcon_ws/install/pymoveit2:/home/koushik/colcon_ws/install/linkattacher_msgs:/home/koushik/colcon_ws/install/eyantra_warehouse:/home/koushik/colcon_ws/install/ebot_nav2:/home/koushik/colcon_ws/install/ebot_description:/home/koushik/colcon_ws/install/ur5_control:/opt/ros/humble /usr/bin/cmake --build /home/koushik/colcon_ws/build/ur_simulation_gazebo -- -j16 -l16
[0.039s] Invoked command in '/home/koushik/colcon_ws/build/ur_simulation_gazebo' returned '0': CMAKE_PREFIX_PATH=/home/koushik/colcon_ws/install/ur_moveit_config:/home/koushik/colcon_ws/install/ur_description:/home/koushik/colcon_ws/install/ur_simulation_gazebo:/home/koushik/colcon_ws/install/realsense_gazebo_plugin:/home/koushik/colcon_ws/install/pymoveit2:/home/koushik/colcon_ws/install/linkattacher_msgs:/home/koushik/colcon_ws/install/eyantra_warehouse:/home/koushik/colcon_ws/install/ebot_nav2:/home/koushik/colcon_ws/install/ebot_description:/home/koushik/colcon_ws/install/ur5_control:/opt/ros/humble /usr/bin/cmake --build /home/koushik/colcon_ws/build/ur_simulation_gazebo -- -j16 -l16
[0.056s] Invoking command in '/home/koushik/colcon_ws/build/ur_simulation_gazebo': CMAKE_PREFIX_PATH=/home/koushik/colcon_ws/install/ur_moveit_config:/home/koushik/colcon_ws/install/ur_description:/home/koushik/colcon_ws/install/ur_simulation_gazebo:/home/koushik/colcon_ws/install/realsense_gazebo_plugin:/home/koushik/colcon_ws/install/pymoveit2:/home/koushik/colcon_ws/install/linkattacher_msgs:/home/koushik/colcon_ws/install/eyantra_warehouse:/home/koushik/colcon_ws/install/ebot_nav2:/home/koushik/colcon_ws/install/ebot_description:/home/koushik/colcon_ws/install/ur5_control:/opt/ros/humble /usr/bin/cmake --install /home/koushik/colcon_ws/build/ur_simulation_gazebo
[0.063s] -- Install configuration: ""
[0.063s] -- Execute custom install script
[0.063s] -- Up-to-date symlink: /home/koushik/colcon_ws/install/ur_simulation_gazebo/share/ur_simulation_gazebo/config/config_file_here.txt
[0.063s] -- Up-to-date symlink: /home/koushik/colcon_ws/install/ur_simulation_gazebo/share/ur_simulation_gazebo/launch/ur_sim_control.launch.py
[0.063s] -- Up-to-date symlink: /home/koushik/colcon_ws/install/ur_simulation_gazebo/share/ur_simulation_gazebo/launch/ur_sim_moveit.launch.py
[0.063s] -- Up-to-date symlink: /home/koushik/colcon_ws/install/ur_simulation_gazebo/share/ament_index/resource_index/package_run_dependencies/ur_simulation_gazebo
[0.063s] -- Up-to-date symlink: /home/koushik/colcon_ws/install/ur_simulation_gazebo/share/ament_index/resource_index/parent_prefix_path/ur_simulation_gazebo
[0.063s] -- Up-to-date symlink: /home/koushik/colcon_ws/install/ur_simulation_gazebo/share/ur_simulation_gazebo/environment/ament_prefix_path.sh
[0.063s] -- Up-to-date symlink: /home/koushik/colcon_ws/install/ur_simulation_gazebo/share/ur_simulation_gazebo/environment/ament_prefix_path.dsv
[0.064s] -- Up-to-date symlink: /home/koushik/colcon_ws/install/ur_simulation_gazebo/share/ur_simulation_gazebo/environment/path.sh
[0.064s] -- Up-to-date symlink: /home/koushik/colcon_ws/install/ur_simulation_gazebo/share/ur_simulation_gazebo/environment/path.dsv
[0.064s] -- Up-to-date symlink: /home/koushik/colcon_ws/install/ur_simulation_gazebo/share/ur_simulation_gazebo/local_setup.bash
[0.064s] -- Up-to-date symlink: /home/koushik/colcon_ws/install/ur_simulation_gazebo/share/ur_simulation_gazebo/local_setup.sh
[0.064s] -- Up-to-date symlink: /home/koushik/colcon_ws/install/ur_simulation_gazebo/share/ur_simulation_gazebo/local_setup.zsh
[0.064s] -- Up-to-date symlink: /home/koushik/colcon_ws/install/ur_simulation_gazebo/share/ur_simulation_gazebo/local_setup.dsv
[0.064s] -- Symlinking: /home/koushik/colcon_ws/install/ur_simulation_gazebo/share/ur_simulation_gazebo/package.dsv
[0.072s] -- Up-to-date symlink: /home/koushik/colcon_ws/install/ur_simulation_gazebo/share/ament_index/resource_index/packages/ur_simulation_gazebo
[0.072s] -- Up-to-date symlink: /home/koushik/colcon_ws/install/ur_simulation_gazebo/share/ur_simulation_gazebo/cmake/ur_simulation_gazeboConfig.cmake
[0.072s] -- Up-to-date symlink: /home/koushik/colcon_ws/install/ur_simulation_gazebo/share/ur_simulation_gazebo/cmake/ur_simulation_gazeboConfig-version.cmake
[0.072s] -- Up-to-date symlink: /home/koushik/colcon_ws/install/ur_simulation_gazebo/share/ur_simulation_gazebo/package.xml
[0.074s] Invoked command in '/home/koushik/colcon_ws/build/ur_simulation_gazebo' returned '0': CMAKE_PREFIX_PATH=/home/koushik/colcon_ws/install/ur_moveit_config:/home/koushik/colcon_ws/install/ur_description:/home/koushik/colcon_ws/install/ur_simulation_gazebo:/home/koushik/colcon_ws/install/realsense_gazebo_plugin:/home/koushik/colcon_ws/install/pymoveit2:/home/koushik/colcon_ws/install/linkattacher_msgs:/home/koushik/colcon_ws/install/eyantra_warehouse:/home/koushik/colcon_ws/install/ebot_nav2:/home/koushik/colcon_ws/install/ebot_description:/home/koushik/colcon_ws/install/ur5_control:/opt/ros/humble /usr/bin/cmake --install /home/koushik/colcon_ws/build/ur_simulation_gazebo
